IC5332
Starting MCMC
Evaluating Model:
l= 169.24795937768727
rc= 84.69235782828645
tc= 163.84459013414252
ts= 13.617430843968513
tfb= 3.815913463973983
Ng= 8.82034761029131
voff= 7.952168402895426
Number of GMCs and HII Regions 126 70
[ 0.824276    0.72722121  0.54690617  0.38644516  0.26933154  0.1123255
  0.02253281 -0.00213008 -0.00886948 -0.02408617 -0.00173036 -0.03668102
  0.01025565 -0.00334234 -0.01213466 -0.00102055 -0.00180462 -0.00120721
 -0.00200047 -0.00625497 -0.00553838  0.00142201 -0.004956    0.00285942
 -0.01397124 -0.01015698 -0.00121656  0.01077212  0.00438477  0.00525094
  0.00893782  0.00442459 -0.00210776 -0.00567779 -0.01452907  0.00910377
  0.01435649  0.00784231 -0.01346474 -0.00247896]
Model Evaluation Run Time [s] = 3.2890188694000244
Evaluating Model:
l= 132.5285004960184
rc= 50.885745432279634
tc= 438.80589899675067
ts= 10.714005812691024
tfb= 1.5470434614487214
Ng= 7.897388174378787
voff= 10.322786915206684
Number of GMCs and HII Regions 223 31
[ 6.36136490e-01  5.76089662e-01  4.00532764e-01  2.07128600e-01
  9.98012312e-02  1.74728836e-02 -2.38324042e-02 -2.67386228e-02
  4.75882325e-04 -1.57067411e-02 -1.17585549e-02 -4.56889910e-03
  1.27691201e-02 -7.57661263e-03 -4.04753928e-02 -3.96199477e-03
  7.69455777e-03 -1.65577913e-02 -2.15396455e-02 -1.96265991e-02
 -2.21956418e-02 -1.77194986e-02 -2.14036417e-02 -1.86484654e-02
 -1.56024088e-02 -3.16878970e-02 -2.09673774e-02 -1.57045796e-02
 -1.76116243e-02 -1.65899334e-02 -1.59061449e-02 -3.13969997e-02
 -1.43753800e-02 -2.51028745e-02 -1.46029548e-02 -2.82196344e-02
 -2.64324375e-02 -1.92336865e-02 -1.81419715e-02  1.81086181e-03]
Model Evaluation Run Time [s] = 4.920122385025024
Evaluating Model:
l= 135.1371787534797
rc= 67.09906751713703
tc= 181.7471452093005
ts= 11.24877171937162
tfb= 2.7726204955106017
Ng= 6.959164684152657
voff= 4.04018040475791
Number of GMCs and HII Regions 215 68
[ 1.27217268e+00  9.25685244e-01  4.42138907e-01  1.23787446e-01
 -2.18817573e-02  6.96064031e-03 -1.35094574e-02  2.29592865e-03
  1.41724737e-03  1.03672676e-02  1.43243602e-02 -1.33371912e-04
 -2.99876302e-03  1.37629755e-02 -9.86629845e-03 -1.02678814e-02
 -8.49109819e-03  1.70713715e-03 -5.44668272e-03  5.34160199e-03
  6.50819748e-03 -6.42944175e-03 -2.00976039e-03 -9.48889463e-03
 -1.29022972e-02  1.34225672e-02 -5.98170649e-03 -6.53274346e-03
  1.11591554e-02 -7.42485481e-03 -5.65440297e-03 -4.46203761e-03
 -1.15724456e-02  6.82202401e-03 -1.14460613e-03 -1.21832401e-02
 -6.82044891e-03  1.02227674e-02  7.72301738e-03  4.50773469e-03]
Model Evaluation Run Time [s] = 4.100317001342773
Evaluating Model:
l= 140.39096543812317
rc= 55.66236521632187
tc= 422.754218625016
ts= 10.538399009262529
tfb= 1.6823382092785018
Ng= 8.158568530355284
voff= 11.666057990649719
Number of GMCs and HII Regions 196 24
[ 0.66571167  0.56202757  0.46748022  0.24845883  0.13938253  0.07619431
  0.01234797 -0.02432704 -0.00762553  0.02182619 -0.00513405 -0.00990931
 -0.02093334  0.00254017 -0.02630034  0.00183473 -0.01808612 -0.00093516
 -0.0063044  -0.00412143 -0.0107612  -0.00376061 -0.04209696  0.0067776
 -0.00651633 -0.01332432 -0.00189295 -0.0128031  -0.01332173 -0.02367949
 -0.02377954 -0.01075992 -0.00558773 -0.00208793 -0.01491402 -0.00240204
 -0.01950752 -0.00737298 -0.01539181 -0.00657887]
Model Evaluation Run Time [s] = 4.417030334472656
Evaluating Model:
l= 113.11104620938542
rc= 66.0252460679981
tc= 66.61540283287252
ts= 8.464055174448333
tfb= 7.9153112015164835
Ng= 6.059671387097821
voff= 9.766338786247047
Number of GMCs and HII Regions 311 7
[ 0.18738212  0.2291023   0.29428378  0.24665043  0.14918042  0.05226341
 -0.0475008  -0.0113527  -0.01145914  0.03283769 -0.00774188 -0.01064746
 -0.01469261 -0.01794768 -0.02730359 -0.02865105  0.0015456  -0.01871754
 -0.01033101 -0.0096608   0.00463414  0.03151718  0.01034854 -0.00632443
 -0.00297937 -0.02421743 -0.00640343 -0.01048293 -0.01801487 -0.00653741
  0.00576754 -0.01456653 -0.01986611 -0.018584   -0.00512951 -0.01923971
 -0.01432412 -0.00272117 -0.01233449  0.00063175]
Model Evaluation Run Time [s] = 6.24678635597229
Evaluating Model:
l= 82.87007134929826
rc= 63.69955827839423
tc= 366.74371120786583
ts= 5.593482681920761
tfb= 8.979913559460506
Ng= 6.691650579705066
voff= 2.3147220176480876
Number of GMCs and HII Regions 582 0
[nan nan nan nan nan nan nan nan nan nan nan nan nan nan nan nan nan nan
 nan nan nan nan nan nan nan nan nan nan nan nan nan nan nan nan nan nan
 nan nan nan nan]
Model Evaluation Run Time [s] = 9.064383745193481
Evaluating Model:
l= 96.67631337429688
rc= 83.92437156575093
tc= 138.47955835373384
ts= 11.51792057879818
tfb= 4.048512545460149
Ng= 6.092406411570807
voff= 10.129355460376619
Number of GMCs and HII Regions 401 143
[ 0.19429644  0.15440578  0.13430874  0.11599895  0.08939984  0.03574814
  0.01010784 -0.01061476 -0.00509539 -0.00960194 -0.01828317 -0.00678382
 -0.00754389 -0.01242525 -0.00819876 -0.00632746 -0.00763069 -0.00680761
 -0.00355166 -0.00399319 -0.01222679 -0.00731098 -0.0038085  -0.00837918
 -0.0054703  -0.00566919 -0.00556263 -0.00266226 -0.0045182  -0.00993124
 -0.0018956  -0.00705345 -0.0090208  -0.006933   -0.00685186 -0.00473409
 -0.00608056 -0.00293881 -0.00388731  0.00039181]
Model Evaluation Run Time [s] = 8.345580101013184
Evaluating Model:
l= 100.85169576837163
rc= 29.133136528478953
tc= 91.39355572361168
ts= 6.323777528389626
tfb= 9.943042312862328
Ng= 8.230485187398179
voff= 29.743134818640183
Number of GMCs and HII Regions 393 0
[nan nan nan nan nan nan nan nan nan nan nan nan nan nan nan nan nan nan
 nan nan nan nan nan nan nan nan nan nan nan nan nan nan nan nan nan nan
 nan nan nan nan]
Model Evaluation Run Time [s] = 8.283993244171143
Evaluating Model:
l= 112.43078833263917
rc= 72.2000238925956
tc= 127.34864940095667
ts= 8.816231400832478
tfb= 6.9943804278777835
Ng= 6.421301086157501
voff= 8.805919707727188
Number of GMCs and HII Regions 310 29
[ 2.69208193e-01  2.33802039e-01  2.36723785e-01  1.81585325e-01
  1.24031110e-01  1.77336704e-02 -2.17553156e-02  1.65773069e-02
  8.49561390e-03  1.03055317e-02  3.09570292e-03 -1.15893193e-02
 -5.08261181e-03 -2.25750106e-02  7.06213527e-03 -1.84413145e-03
 -2.76726168e-02 -2.68698010e-03 -1.39976933e-02 -1.93326458e-02
 -4.68357449e-03 -1.04386250e-02 -1.66802655e-03 -5.90123617e-03
  1.02742568e-03 -1.10960735e-02 -1.14549301e-02  4.41659338e-03
 -2.17059347e-02 -2.15799970e-02 -4.77692618e-03 -4.98877035e-03
 -4.33914048e-03 -7.60577394e-03 -2.48532108e-02  7.29721610e-04
  1.55336981e-03  1.95699564e-04 -1.36011893e-02 -1.01094831e-02]
Model Evaluation Run Time [s] = 5.845221042633057
Evaluating Model:
l= 66.48889233735565
rc= 64.2626966059195
tc= 327.27314794863037
ts= 9.759401364853282
tfb= 7.495812667061966
Ng= 2.3570765654820134
voff= 14.805784896507504
Number of GMCs and HII Regions 897 9
[-0.12486673 -0.03126284 -0.00020512 -0.00203336  0.00308362  0.03604837
  0.02049211 -0.0188384  -0.00701829 -0.00847093 -0.0382398  -0.02806798
 -0.01315013 -0.01441304 -0.0272079  -0.03286418 -0.00437275 -0.01432224
 -0.00428072 -0.0146158  -0.02719378 -0.01287665 -0.01162812  0.0045863
  0.00149045 -0.00870856 -0.00095424  0.00231136 -0.00300865 -0.00769672
 -0.01721151 -0.01616938 -0.00417225 -0.00705539 -0.01629866 -0.01619673
 -0.01937811 -0.00967825 -0.00824556 -0.02200253]
Model Evaluation Run Time [s] = 15.66408371925354
Evaluating Model:
l= 159.6684763001841
rc= 79.75155542713436
tc= 168.8722447421065
ts= 12.952229708573022
tfb= 3.5229208336857045
Ng= 8.297663285311947
voff= 6.853547317661189
Number of GMCs and HII Regions 146 64
[ 0.99860696  0.73928684  0.5306236   0.3729228   0.15631517  0.04760393
 -0.00943714 -0.01447383 -0.00507844 -0.02058622 -0.01973473 -0.00912333
 -0.02486831 -0.02377621 -0.01632083 -0.0159728  -0.01002638 -0.02135498
 -0.01868038 -0.00283215 -0.01606421 -0.0155164  -0.00900683 -0.00143796
 -0.02659885 -0.00493781 -0.01930831 -0.0192571  -0.01094482  0.00268211
 -0.02617409 -0.01989208 -0.01739184 -0.01120725 -0.03128707  0.00309541
 -0.022875   -0.01327381 -0.00929655 -0.01957602]
Model Evaluation Run Time [s] = 3.6854777336120605
Evaluating Model:
l= 187.2663371208386
rc= 83.48290371701803
tc= 391.0445586367317
ts= 10.119837063571884
tfb= 1.347906223885571
Ng= 9.438219035284394
voff= 17.378067176896987
Number of GMCs and HII Regions 110 20
[ 0.66863975  0.50400007  0.44424263  0.37231493  0.24029453  0.21856474
  0.08260065  0.04224401 -0.00586987 -0.05474678 -0.04276934 -0.07578191
 -0.03892978 -0.03315141 -0.00637413 -0.00270941 -0.00541534  0.02225604
 -0.02145774  0.01199398 -0.00646043  0.00640173 -0.0449934  -0.01558875
 -0.04187392 -0.02121427 -0.00808511  0.0063975   0.00234178 -0.02114371
 -0.03020523  0.01027683 -0.00321025 -0.00530745 -0.02411068 -0.02747608
 -0.00071355 -0.00200752  0.01414521 -0.02417661]
Model Evaluation Run Time [s] = 2.902738571166992
Evaluating Model:
l= 94.98152345589935
rc= 36.40715462259782
tc= 93.78320889248967
ts= 8.413499387770242
tfb= 7.317933178747544
Ng= 7.7731192236411975
voff= 13.82214870625919
Number of GMCs and HII Regions 436 31
[-7.43913758e-02 -5.46376198e-02  3.49392934e-02  2.13899094e-01
  1.87115309e-01  2.87170300e-02 -3.66020105e-02 -7.87171253e-03
 -7.03276373e-03 -4.07517369e-03 -1.43679302e-02 -8.24537622e-03
 -8.49379402e-03 -1.47380185e-02 -5.56159866e-03 -1.98013271e-02
 -1.75406745e-03 -1.07818190e-02 -1.39372107e-02 -1.61893792e-04
 -2.14503524e-02 -1.41743783e-02 -1.31475245e-02 -1.75853225e-02
 -1.07476288e-02 -1.14402781e-02 -7.65023654e-03 -5.80577217e-03
 -1.76431952e-02  1.01879556e-03 -4.14733048e-03 -1.11372905e-02
 -8.98442628e-03 -8.75936988e-03 -2.71993187e-03  6.44408684e-03
 -5.00044910e-03 -1.56529359e-02 -7.96013025e-03 -6.10180757e-03]
Model Evaluation Run Time [s] = 9.935678005218506
Evaluating Model:
l= 135.02685565588172
rc= 21.012031394588398
tc= 87.36608497785213
ts= 13.85618930505921
tfb= 4.531152662016625
Ng= 9.58515882884498
voff= 11.937782224546744
Number of GMCs and HII Regions 209 213
[-0.04853624  0.13572874  0.3404403   0.29019338  0.21143756  0.15283337
  0.05097095 -0.02386564 -0.01314532 -0.01635051 -0.0152369  -0.01656948
 -0.00846656 -0.00964605 -0.01344132 -0.00820673 -0.01788587 -0.00841599
 -0.01904452 -0.01596483 -0.00537727 -0.00896688 -0.01286195 -0.01022606
 -0.01112114 -0.00624193 -0.00593228 -0.01490929  0.00252634 -0.00277332
 -0.0010343  -0.00682689 -0.0082077  -0.00359725 -0.00566778 -0.00117261
 -0.0071306  -0.00557971 -0.00156319 -0.00093961]
Model Evaluation Run Time [s] = 5.836623907089233
Evaluating Model:
l= 72.31811414248136
rc= 77.7922952018762
tc= 406.52370990329644
ts= 5.129690515512823
tfb= 6.427605173336925
Ng= 7.163339590557244
voff= 19.359502233054858
Number of GMCs and HII Regions 764 0
[nan nan nan nan nan nan nan nan nan nan nan nan nan nan nan nan nan nan
 nan nan nan nan nan nan nan nan nan nan nan nan nan nan nan nan nan nan
 nan nan nan nan]
Model Evaluation Run Time [s] = 12.658268451690674
Evaluating Model:
l= 134.62346633648
rc= 66.83411047061595
tc= 182.0167598199847
ts= 11.213099430972521
tfb= 2.756908379204246
Ng= 6.931135047716053
voff= 3.9812653997940277
Number of GMCs and HII Regions 217 62
[ 1.24739137  0.91039503  0.48071168  0.06488998  0.00760929 -0.02562249
  0.00870504 -0.01031582 -0.01510101 -0.04014043 -0.02968906 -0.01408219
 -0.01317799 -0.0109884  -0.00272114 -0.0164584  -0.02038283 -0.02973922
 -0.00596409 -0.00699101 -0.01567195 -0.00351307 -0.01609147 -0.0030508
 -0.01025831  0.00203759 -0.01507976 -0.01726521 -0.0228705  -0.0146017
 -0.01394717 -0.002024   -0.01975734 -0.01477124 -0.0230773  -0.00130481
 -0.00338025 -0.01518556  0.00702465  0.0038328 ]
Model Evaluation Run Time [s] = 3.941728353500366
Evaluating Model:
l= 71.09435688224347
rc= 79.42669238419154
tc= 411.1371727198758
ts= 5.0759024817140785
tfb= 6.131602653930671
Ng= 7.218043456417491
voff= 21.336260964059548
Number of GMCs and HII Regions 791 0
[nan nan nan nan nan nan nan nan nan nan nan nan nan nan nan nan nan nan
 nan nan nan nan nan nan nan nan nan nan nan nan nan nan nan nan nan nan
 nan nan nan nan]
Model Evaluation Run Time [s] = 14.098057746887207
Evaluating Model:
l= 174.69018866033576
rc= 76.49989510381837
tc= 352.7303555978631
ts= 9.77233175243088
tfb= 2.2725481231893365
Ng= 9.297941919853246
voff= 17.525944782364757
Number of GMCs and HII Regions 130 24
[ 4.95959963e-01  3.75017331e-01  3.49866934e-01  3.79267843e-01
  2.99672533e-01  2.27853270e-01  1.77131617e-01  3.18311840e-02
 -5.59384927e-03 -1.00221479e-02 -3.40909263e-02 -1.87802935e-02
  1.39877461e-02 -3.12595704e-02 -2.95468139e-03  2.01227450e-03
 -3.03193516e-02 -1.26138631e-03 -9.50796678e-04  6.90818132e-03
  9.20082963e-03 -1.10811577e-02  1.22949849e-02  1.54060561e-02
  1.64807860e-03 -4.80211692e-03  1.75524513e-02  2.03527095e-02
 -3.60827147e-03  2.17328436e-03 -2.04573522e-02  2.27587045e-02
  4.76037015e-04  6.87413021e-03  2.81120280e-03 -5.21958168e-03
 -1.13057325e-03 -2.74136908e-02 -1.97386095e-02  1.10335762e-03]
Model Evaluation Run Time [s] = 3.0629048347473145
Evaluating Model:
l= 62.75409172948593
rc= 99.20192415091081
tc= 99.56020650131003
ts= 11.790410337091043
tfb= 5.203120451058696
Ng= 5.342638998887097
voff= 15.625337568314539
Number of GMCs and HII Regions 950 317
[-0.05862033 -0.0346195  -0.01770286 -0.00846369 -0.00371093  0.00260464
 -0.00433438 -0.00524688 -0.01384492 -0.01121815 -0.01491321 -0.01858887
 -0.01405258 -0.01254552 -0.01421101 -0.0093362  -0.01540421 -0.01286022
 -0.01331753 -0.01199192 -0.01115467 -0.01229596 -0.00964227 -0.00919004
 -0.0083823  -0.00722123 -0.00840894 -0.00589123 -0.00573754 -0.00741137
 -0.00417326 -0.00698047 -0.00763277 -0.00633357 -0.00630934 -0.00676216
 -0.0049633  -0.00589296 -0.00447337 -0.00325459]
Model Evaluation Run Time [s] = 25.322463512420654
Evaluating Model:
l= 78.33249532987966
rc= 77.991966601213
tc= 385.03252110432595
ts= 5.775139124266775
tfb= 5.747109551654292
Ng= 7.185354775562175
voff= 19.358933377833033
Number of GMCs and HII Regions 651 1
[-0.05074969 -0.04818225  0.13773377  0.02574391  0.00337013 -0.06519456
  0.00132191  0.08675117  0.08813466 -0.00201583 -0.06522611  0.03180348
  0.00317061  0.00168846  0.15916999  0.02667172 -0.00652144 -0.08896903
  0.04659127  0.07726844  0.03202982  0.01931805 -0.04139412 -0.07857727
 -0.02196918 -0.06965315 -0.05886874 -0.01745243 -0.1226754  -0.03308316
 -0.00814336 -0.05807302 -0.00590066 -0.00204858 -0.03864538 -0.04810817
  0.00353661 -0.08093643  0.0049681  -0.04677193]
Model Evaluation Run Time [s] = 12.851399898529053
Evaluating Model:
l= 75.35641471483217
rc= 21.344010039199468
tc= 50.10237728494421
ts= 7.027531615079271
tfb= 9.575910491599931
Ng= 8.189951240693606
voff= 18.693968575918984
Number of GMCs and HII Regions 704 0
[nan nan nan nan nan nan nan nan nan nan nan nan nan nan nan nan nan nan
 nan nan nan nan nan nan nan nan nan nan nan nan nan nan nan nan nan nan
 nan nan nan nan]
Model Evaluation Run Time [s] = 15.244917869567871
Evaluating Model:
l= 119.33556530742614
rc= 54.814191625996884
tc= 167.62315044059412
ts= 6.545991754358536
tfb= 7.39818719325194
Ng= 5.084210758074152
voff= 9.10745925520736
Number of GMCs and HII Regions 280 0
[nan nan nan nan nan nan nan nan nan nan nan nan nan nan nan nan nan nan
 nan nan nan nan nan nan nan nan nan nan nan nan nan nan nan nan nan nan
 nan nan nan nan]
Model Evaluation Run Time [s] = 3.431535243988037
Evaluating Model:
l= 149.92259957527054
rc= 25.32534613051847
tc= 321.5866659232662
ts= 10.433966424162637
tfb= 2.4896629321035557
Ng= 4.622099517771939
voff= 25.194905520732846
Number of GMCs and HII Regions 170 17
[-1.36222887e-01 -3.97496709e-02  4.53055369e-02  2.18938766e-01
  8.28060346e-02  1.14154809e-01  9.96139387e-02  6.97900945e-02
  5.67334875e-02  8.59848221e-02  1.07049608e-02 -7.83837117e-03
 -1.22599034e-02 -8.84895105e-04 -4.86581593e-02 -4.81846056e-02
 -1.24245387e-02 -2.48087258e-02 -3.24721116e-02  1.39884835e-02
 -2.63877363e-02 -3.30340195e-02 -1.65234608e-02 -3.71140544e-02
 -7.36246236e-03 -2.84653524e-02 -5.35422385e-03 -1.32182374e-02
 -3.79688822e-02  1.46065679e-04  1.63832952e-02 -3.27175146e-03
 -1.82374415e-02 -1.05467981e-02 -2.15461792e-02 -1.27917497e-02
 -5.87326941e-03 -1.68093345e-02  3.57812539e-03 -1.26700002e-02]
Model Evaluation Run Time [s] = 2.320967674255371
Evaluating Model:
l= 82.42690207085148
rc= 30.98255530719814
tc= 59.38827371737973
ts= 3.3526859177104242
tfb= 3.114177939374223
Ng= 3.4947665535100096
voff= 27.825070386576595
Number of GMCs and HII Regions 586 5
[ 6.55806236e-03 -3.23962248e-02  2.46154139e-01  2.18539489e-01
  5.89009502e-02 -4.73402826e-02  3.77326462e-02 -9.03375161e-04
  1.20943886e-02 -2.09144103e-02  2.69412658e-02  3.75837528e-03
 -1.52423493e-03  2.33911698e-02  2.28081627e-02 -8.92291351e-03
  9.19297349e-03  1.88975907e-03 -8.51847703e-03  2.31045419e-02
  1.50661966e-02  3.87725026e-02 -6.63684318e-03  2.80663154e-02
 -1.53841870e-02  2.19813259e-02 -2.20756721e-05  3.43389544e-02
 -1.71007540e-02  4.98562834e-02  2.57617845e-02  1.26029585e-02
  8.27395225e-03  1.77756293e-02  1.57627929e-02  7.28048838e-03
  1.08661335e-02  1.46225928e-03  2.07439999e-02  2.32413094e-02]
Model Evaluation Run Time [s] = 8.230997800827026
Evaluating Model:
l= 158.8386502817676
rc= 43.74760240911572
tc= 332.79804040838127
ts= 10.195785458624329
tfb= 2.4115040673564865
Ng= 6.305349664137011
voff= 22.43416677565022
Number of GMCs and HII Regions 155 19
[ 0.00400029  0.14244512  0.17405669  0.1751614   0.1965349   0.13406638
  0.13490621  0.12391422  0.05717836  0.00758778  0.00086677 -0.02468965
 -0.00124909  0.00913617 -0.00526166 -0.00272593  0.00174573 -0.00791121
 -0.00081002  0.00442056  0.00040845  0.00864766 -0.00229486 -0.01315268
 -0.00955959  0.00430396 -0.0022857  -0.00914531 -0.00119447 -0.00292027
 -0.02522721 -0.0082542  -0.00585816 -0.01086559 -0.01546029 -0.00047337
 -0.00390336 -0.01579099 -0.00899637 -0.00621815]
Model Evaluation Run Time [s] = 2.661882162094116
Evaluating Model:
l= 137.2109799392352
rc= 44.70976924612056
tc= 72.84286575500788
ts= 6.882047332403214
tfb= 8.11797957584742
Ng= 4.168210552862422
voff= 4.638297540498115
Number of GMCs and HII Regions 212 0
[nan nan nan nan nan nan nan nan nan nan nan nan nan nan nan nan nan nan
 nan nan nan nan nan nan nan nan nan nan nan nan nan nan nan nan nan nan
 nan nan nan nan]
Model Evaluation Run Time [s] = 2.3451881408691406
Evaluating Model:
l= 136.7008007579026
rc= 21.49675052743322
tc= 113.6871869240079
ts= 13.471608765778853
tfb= 4.301735336322284
Ng= 9.027423084341743
voff= 13.427583387122604
Number of GMCs and HII Regions 201 133
[-0.09494104  0.06048661  0.28218632  0.2351009   0.17821113  0.15209545
  0.09948072  0.00479985 -0.00574131 -0.01223191 -0.01763724 -0.01369391
 -0.01049409 -0.00093607 -0.0135531  -0.00129863 -0.00827291 -0.0112247
 -0.00215825 -0.00185046 -0.00577104 -0.00273146 -0.0024837  -0.01114992
 -0.00063176  0.0097458  -0.00594021 -0.00435975 -0.00159513 -0.00276254
 -0.00345916 -0.01414423 -0.00448876 -0.00505483 -0.00489366  0.00089753
 -0.01216273 -0.00219637 -0.00238835  0.00182387]
Model Evaluation Run Time [s] = 5.620394229888916
Evaluating Model:
l= 107.78570864201383
rc= 92.07460471456737
tc= 337.40999805648374
ts= 10.02298555951262
tfb= 3.99441592746181
Ng= 7.396478482187289
voff= 5.9645900425141205
Number of GMCs and HII Regions 339 33
[ 0.37637959  0.33912329  0.24364959  0.16043358  0.06335387 -0.00808821
  0.00220607  0.00419515 -0.00770332 -0.01200242 -0.02061512 -0.01253055
  0.00093787 -0.01466043 -0.0118201  -0.01724278 -0.0028087   0.00824098
 -0.01327609 -0.0063495   0.00135241  0.00575364  0.00766376 -0.0041939
 -0.00945686 -0.00558584 -0.00284619 -0.00570848 -0.00768079  0.00643631
 -0.00566837  0.00453704  0.00585704  0.00171907 -0.0066925   0.00582558
 -0.00208414  0.00491045  0.00090342 -0.00367744]
Model Evaluation Run Time [s] = 7.929609775543213
Evaluating Model:
l= 87.81217900553654
rc= 30.441999333811566
tc= 68.7429134384991
ts= 4.221089189112074
tfb= 5.110147414223092
Ng= 4.878942503966853
voff= 28.385690402996214
Number of GMCs and HII Regions 518 0
[nan nan nan nan nan nan nan nan nan nan nan nan nan nan nan nan nan nan
 nan nan nan nan nan nan nan nan nan nan nan nan nan nan nan nan nan nan
 nan nan nan nan]
Model Evaluation Run Time [s] = 5.1777637004852295
MCMC Total Run Time [s] = 65.4832820892334
(16, 2, 7)
[110.82649096  63.98112744 175.44450228   9.76586656   4.59876819
   7.05824491  13.58173524]
Best-fit Parameters: [132.5285005   50.88574543 438.805899    10.71400581   1.54704346
   7.89738817  10.32278692]
Evaluating Model:
l= 132.5285004960184
rc= 50.885745432279634
tc= 438.80589899675067
ts= 10.714005812691024
tfb= 1.5470434614487214
Ng= 7.897388174378787
voff= 10.322786915206684
Number of GMCs and HII Regions 223 31
[ 6.36136490e-01  5.76089662e-01  4.00532764e-01  2.07128600e-01
  9.98012312e-02  1.74728836e-02 -2.38324042e-02 -2.67386228e-02
  4.75882325e-04 -1.57067411e-02 -1.17585549e-02 -4.56889910e-03
  1.27691201e-02 -7.57661263e-03 -4.04753928e-02 -3.96199477e-03
  7.69455777e-03 -1.65577913e-02 -2.15396455e-02 -1.96265991e-02
 -2.21956418e-02 -1.77194986e-02 -2.14036417e-02 -1.86484654e-02
 -1.56024088e-02 -3.16878970e-02 -2.09673774e-02 -1.57045796e-02
 -1.76116243e-02 -1.65899334e-02 -1.59061449e-02 -3.13969997e-02
 -1.43753800e-02 -2.51028745e-02 -1.46029548e-02 -2.82196344e-02
 -2.64324375e-02 -1.92336865e-02 -1.81419715e-02  1.81086181e-03]
Model Evaluation Run Time [s] = 4.294530630111694
