NGC0628
Starting MCMC
Evaluating Model:
l= 138.5284972011773
rc= 61.263897023981364
tc= 108.94868450025902
ts= 9.014430737992278
tfb= 2.039495578619369
Ng= 3.3200653333454664
voff= 25.849608593027106
Number of GMCs and HII Regions 199 49
[ 0.06757468  0.04513403  0.10098246  0.12634954  0.14333365  0.06671259
  0.05613402  0.07485462  0.03064839  0.00664414 -0.00109146 -0.01595773
  0.00408869 -0.00267464 -0.02269431 -0.01586612 -0.01383681  0.00088164
  0.01371274  0.01366218  0.00060411 -0.01541913 -0.01868895  0.00031936
 -0.00106718 -0.0096701  -0.00725284  0.00041582 -0.00719625 -0.00279197
 -0.00167551 -0.01655029 -0.00562674 -0.01107295 -0.01427363 -0.00973973
 -0.01102891 -0.01105278  0.00782934 -0.00719147]
Model Evaluation Run Time [s] = 2.1469333171844482
Evaluating Model:
l= 174.45133711203476
rc= 94.74792840547052
tc= 143.13919343517216
ts= 8.413628808244315
tfb= 2.0797677995470996
Ng= 7.80222376762295
voff= 12.151419068894247
Number of GMCs and HII Regions 127 46
[ 8.75788870e-01  7.23501007e-01  5.27458862e-01  4.39672771e-01
  2.99847494e-01  1.09547848e-01  1.91357476e-02 -1.30409538e-02
 -9.49206640e-03 -1.14408829e-03 -4.36972306e-04 -7.43777942e-03
 -2.46775056e-02  1.55016333e-02  1.09282323e-02  2.57688965e-02
 -1.58996055e-02 -3.06894392e-02 -2.45440258e-02 -1.66176291e-03
 -2.95752897e-02 -1.33194029e-03  1.52236646e-02  2.25061067e-03
 -2.31849538e-04 -7.79421670e-03 -1.02318879e-02 -1.27745320e-02
 -5.72374719e-03 -2.09383647e-02 -1.52712378e-02 -2.30734969e-02
 -3.29722401e-02 -1.57179381e-02 -1.05564905e-02  1.00814919e-02
 -1.12984111e-02 -3.77297089e-03 -1.16767898e-02 -1.42386437e-02]
Model Evaluation Run Time [s] = 2.4315595626831055
Evaluating Model:
l= 163.30746107466086
rc= 78.97896729205883
tc= 456.01332242479646
ts= 11.817752980963043
tfb= 8.761257343922294
Ng= 4.319335922143991
voff= 19.09191019259464
Number of GMCs and HII Regions 149 4
[-0.1568192  -0.11723937  0.01486136 -0.00375601 -0.03888458  0.09504613
  0.08181912  0.20045916  0.19367118  0.05721177  0.07968668  0.01710207
  0.01968599  0.08076266  0.0692589   0.05205055  0.00248395  0.04038048
 -0.00334164  0.02936129  0.05636616  0.01675428  0.07238978  0.0213684
 -0.00504413  0.04177156 -0.00991163 -0.01273853 -0.00147651 -0.00972238
 -0.05644314 -0.04672721 -0.03321555  0.0100625  -0.06971532  0.02436604
  0.00277466 -0.02645711 -0.03473441 -0.03848965]
Model Evaluation Run Time [s] = 1.7552011013031006
Evaluating Model:
l= 139.74617218692916
rc= 70.20693826235797
tc= 87.83420127751538
ts= 12.097033125699653
tfb= 6.6137359452607285
Ng= 3.7764053464634726
voff= 11.850514119802451
Number of GMCs and HII Regions 189 33
[ 0.01446955  0.14002454  0.26549903  0.25230927  0.22480797  0.17746546
  0.10319145  0.02993327 -0.0033998  -0.04738229 -0.01739787 -0.01474045
  0.01019368 -0.01605931 -0.00900929 -0.03101556 -0.02101153 -0.00613503
  0.00418953 -0.00880927 -0.00514342 -0.00909283  0.00028481 -0.01131144
 -0.01330708 -0.01295242  0.00817501 -0.01050277 -0.00504244 -0.00783081
 -0.003943    0.00340728 -0.01098552  0.01524786 -0.0073462   0.00973978
  0.01615915  0.00387219 -0.00627883  0.00591586]
Model Evaluation Run Time [s] = 2.003844976425171
Evaluating Model:
l= 126.84854696111435
rc= 81.06273913862239
tc= 302.90600794820733
ts= 7.194254969152381
tfb= 3.244700773565185
Ng= 1.794013976115247
voff= 20.925673571696684
Number of GMCs and HII Regions 246 4
[-9.38759920e-02  1.47149791e-01  1.52181512e-01  2.08780177e-01
  1.05492954e-01  1.70901941e-01 -1.12933021e-02  6.48924031e-02
  1.75172594e-02 -5.84766870e-02 -2.58398756e-02 -3.34028864e-02
  5.15637844e-02  5.20843717e-02  2.67173842e-02  2.97998663e-02
  7.22544749e-02  3.76492039e-02  6.11668136e-03 -2.82736610e-02
  2.23594046e-02 -4.93564395e-02 -4.84266747e-02  7.03798837e-03
  1.42188128e-02 -3.41383731e-02  4.40596216e-02  3.16028824e-02
 -3.16954112e-04 -1.85414455e-02  5.24386551e-02 -3.67564104e-02
  4.33469829e-02  4.91194228e-05  4.30862122e-04 -3.92319734e-03
 -4.92958730e-02 -3.07154780e-02 -5.96845230e-02 -7.68306490e-02]
Model Evaluation Run Time [s] = 1.4184620380401611
Evaluating Model:
l= 184.05439903290866
rc= 59.67546373140305
tc= 230.15617549802374
ts= 5.624628869534614
tfb= 1.731861702182718
Ng= 9.807532728046352
voff= 17.265582758406534
Number of GMCs and HII Regions 112 16
[ 1.08022721e+00  1.04730298e+00  8.99578437e-01  5.21312259e-01
  2.15555039e-01  1.89616399e-02  5.88170246e-03 -2.02330958e-02
 -7.10057748e-03 -4.48804542e-03  6.34683872e-03 -4.92264686e-02
  1.29872287e-02 -2.91915888e-03 -1.33732204e-02 -7.71416505e-03
  1.53991524e-02 -3.26410160e-02 -1.33782170e-02 -7.45534998e-04
 -2.35943551e-02 -1.80803502e-02  8.27349828e-03 -3.10459395e-02
  4.07743033e-03 -4.71323135e-02  6.18644284e-03 -2.88876288e-02
  3.99102467e-03 -1.49788084e-02 -4.22954586e-02 -2.57007042e-02
 -1.90871266e-02 -3.41782205e-02 -2.98072782e-03 -4.05631682e-02
 -9.94288679e-03 -2.54310863e-02 -2.51243538e-02  5.71868510e-03]
Model Evaluation Run Time [s] = 2.726545572280884
Evaluating Model:
l= 73.91109143220561
rc= 22.843472183822367
tc= 278.8659534902146
ts= 12.981342497855856
tfb= 9.334646527273588
Ng= 6.232502402396611
voff= 26.990432338032683
Number of GMCs and HII Regions 722 46
[-0.16715718 -0.16380905 -0.1591405  -0.15146716 -0.13579842 -0.12746333
 -0.12182734 -0.10377235 -0.08815229 -0.0774924  -0.03881862 -0.02534195
 -0.02539607 -0.0325342  -0.04333411 -0.05094327 -0.04559658 -0.04511796
 -0.0422805  -0.035871   -0.04506591 -0.03339001 -0.03505464 -0.03853395
 -0.03639279 -0.03726336 -0.03059969 -0.0296976  -0.03200032 -0.0282218
 -0.02902183 -0.02598455 -0.02864168 -0.02122287 -0.01970274 -0.0195686
 -0.02840321 -0.02824272 -0.02815732 -0.02406726]
Model Evaluation Run Time [s] = 15.63440752029419
Evaluating Model:
l= 198.29991983813517
rc= 87.12173377658272
tc= 475.3065428453957
ts= 13.414654206600854
tfb= 3.578064756109616
Ng= 9.202891986796805
voff= 22.030469955872807
Number of GMCs and HII Regions 99 19
[-0.01746483  0.0207692   0.12819635  0.13201713  0.1442184   0.1604295
  0.13170786  0.10950376  0.16658935  0.05926457  0.08782054  0.05605125
  0.02943942 -0.01431707 -0.02400693 -0.01526778 -0.02232018 -0.041427
 -0.04094371 -0.03786163 -0.0354715  -0.02242879 -0.06010447 -0.03664047
 -0.0451953  -0.04011113 -0.0289798  -0.03805397 -0.03213839 -0.03093392
 -0.04975182 -0.00832261 -0.00618812 -0.04010407 -0.02064413 -0.03206787
 -0.02387505 -0.02308223 -0.05631645 -0.07915832]
Model Evaluation Run Time [s] = 2.3476204872131348
Evaluating Model:
l= 47.44050707203807
rc= 64.3175109012879
tc= 362.9756897484438
ts= 9.94912997727971
tfb= 6.919450446971966
Ng= 4.413575068524619
voff= 29.516822546067115
Number of GMCs and HII Regions 1763 54
[-0.14359712 -0.12339718 -0.11885361 -0.11621048 -0.09999542 -0.0941206
 -0.07486866 -0.0525628  -0.04720583 -0.03259616 -0.03377941 -0.03090606
 -0.03212389 -0.03360713 -0.03436727 -0.03389097 -0.02901123 -0.02951516
 -0.02653931 -0.02473869 -0.02092896 -0.01844254 -0.02506483 -0.01804316
 -0.02067889 -0.01601524 -0.02097224 -0.02023769 -0.01425614 -0.01650878
 -0.01059823 -0.0159101  -0.01407249 -0.01376033 -0.01284939 -0.01617209
 -0.0131971  -0.01434688 -0.01136863 -0.01387345]
Model Evaluation Run Time [s] = 53.617289304733276
Evaluating Model:
l= 116.54406029619852
rc= 39.131282109075215
tc= 211.57020950932736
ts= 7.552544203825269
tfb= 5.2716938115002145
Ng= 6.720670283624806
voff= 14.729206694911413
Number of GMCs and HII Regions 291 16
[-3.97742108e-02  5.49004978e-02  2.91085124e-01  3.98723474e-01
  1.73664537e-01 -1.23775017e-02 -1.43764583e-02 -4.84602362e-05
 -2.53329315e-02 -2.97376476e-04 -1.49181809e-02 -1.79527474e-02
 -1.09598564e-02 -1.92169144e-02 -2.08840370e-02 -2.60530961e-02
 -2.40885432e-02 -1.62840049e-02 -2.31543639e-02  2.86325930e-02
 -4.90830705e-03 -1.20984130e-02  6.25599782e-04 -1.68271762e-02
 -1.19523317e-02 -3.36105113e-03  5.12953839e-03 -6.52214866e-03
  1.51257879e-02 -1.66015739e-03 -8.29841274e-03 -6.12476138e-04
  5.99745014e-03 -1.30854312e-02  1.02739826e-03  1.37991981e-04
 -1.58899340e-02 -1.07132972e-02  7.31391666e-03  7.87340009e-03]
Model Evaluation Run Time [s] = 5.225805044174194
Evaluating Model:
l= 169.5104678366992
rc= 82.29977863353508
tc= 330.0132859871624
ts= 14.51479993549995
tfb= 4.300702221057817
Ng= 6.20172376254658
voff= 11.9602447030527
Number of GMCs and HII Regions 133 22
[ 0.3192979   0.26429754  0.34953955  0.24821572  0.31621452  0.16579948
  0.11438476  0.01430063 -0.01854317 -0.01082715 -0.04860189 -0.03795531
 -0.0252702  -0.0222356  -0.03015985 -0.02570549 -0.01647776 -0.014142
 -0.0137332  -0.01859026 -0.03439806 -0.00943201 -0.00179207 -0.0291522
 -0.04225385 -0.02461154 -0.01181996 -0.02403074 -0.03094228 -0.00630579
 -0.05222488  0.00949969 -0.02997675 -0.02003963 -0.00408646 -0.0104794
 -0.01595332 -0.04794299 -0.0117595   0.01228821]
Model Evaluation Run Time [s] = 2.328333616256714
Evaluating Model:
l= 137.33350914539457
rc= 63.28953748982603
tc= 128.79266329195568
ts= 8.82820663099839
tfb= 2.1628013961208445
Ng= 3.1639334058184128
voff= 25.345835595967806
Number of GMCs and HII Regions 200 33
[ 1.66694295e-02  1.57337583e-02  1.00139182e-01  9.79077350e-02
  1.10067171e-01  7.26806960e-02  9.78965873e-02  6.65203853e-02
  4.19221767e-02 -5.47190478e-03 -6.48524535e-03 -2.06570679e-02
 -3.30724077e-02 -2.05229725e-02 -1.42029764e-02  6.35697115e-03
 -2.52913891e-03 -1.60460507e-02  1.49725291e-02 -6.34685664e-03
 -4.33585999e-03 -6.90661693e-03 -1.45394770e-02  1.44125977e-02
  4.17211145e-04 -3.62534567e-03  5.73341062e-03  1.47824710e-02
  2.03716338e-02  4.49830837e-03 -1.26097683e-02  2.12650493e-05
 -2.08210775e-03 -8.93564519e-03 -7.99611058e-03  3.69510903e-03
 -6.94315260e-03  8.19323767e-03 -3.33644771e-03 -1.86808701e-02]
Model Evaluation Run Time [s] = 2.1363942623138428
Evaluating Model:
l= 181.2520755793527
rc= 83.86335509779211
tc= 105.43570500853407
ts= 12.837646178480998
tfb= 7.746162581390982
Ng= 3.357630811890055
voff= 6.253433491517479
Number of GMCs and HII Regions 112 13
[ 1.03433031e+00  8.42491580e-01  6.54294620e-01  5.97874308e-01
  3.87772862e-01  1.21217167e-01 -3.34501975e-02 -2.91279310e-02
 -2.34420778e-02 -1.47532813e-02 -3.62366820e-02 -3.09452637e-02
 -1.59162767e-02  3.13444982e-02 -3.21958811e-02 -4.50046836e-03
 -5.16023404e-03 -7.27560897e-03 -1.25353819e-02 -2.16502847e-03
  2.39329862e-02 -1.78858324e-02 -2.04627002e-02  1.59844559e-02
  4.71646182e-03  5.99760517e-03 -6.81168212e-03 -2.40062679e-02
  9.09333510e-03  1.07286126e-02 -1.15664843e-02 -1.50971008e-02
 -1.40169956e-03  6.12864924e-03 -3.12953828e-02 -1.52103696e-05
  4.82103132e-03  2.68688141e-02  1.81268668e-02  1.83042957e-02]
Model Evaluation Run Time [s] = 1.132591962814331
Evaluating Model:
l= 186.24574338558457
rc= 85.10277564783192
tc= 414.47209016294994
ts= 13.87528648049784
tfb= 3.8806338884875085
Ng= 7.946299421676229
voff= 17.814055134626127
Number of GMCs and HII Regions 112 21
[ 2.19261314e-02  2.28198983e-02  1.90692122e-01  1.20856588e-01
  2.00176706e-01  1.79443993e-01  1.55683388e-01  1.22642639e-01
  7.42298980e-02  4.93073478e-02  2.97614300e-02  9.27000057e-03
 -4.50721636e-02 -7.54856765e-03 -2.29268739e-02 -1.13555017e-02
 -7.26436528e-02 -2.26830774e-02  1.34897568e-04 -1.38101934e-02
  2.88396919e-02 -2.74748205e-02 -1.34984332e-02  6.45882999e-04
 -1.02360379e-02 -5.91991200e-03 -2.13036758e-02 -2.63164516e-02
  1.05617798e-03 -9.63171718e-03 -1.15954572e-02 -1.45562270e-02
 -3.35606481e-03  1.02452002e-02 -4.61676411e-04  1.15987177e-03
  1.25831127e-02  5.35940003e-03  9.07939871e-03  5.44606607e-03]
Model Evaluation Run Time [s] = 2.0659091472625732
Evaluating Model:
l= 132.64832802743618
rc= 46.85821007616254
tc= 277.8129097049883
ts= 5.404723180043303
tfb= 4.761198970198956
Ng= 4.601259561394738
voff= 26.593700235587928
Number of GMCs and HII Regions 227 4
[-4.14717983e-02 -2.74168200e-02 -1.12980122e-02  2.05287653e-01
  2.85963617e-01  2.53205959e-01  1.74984991e-01  2.99195518e-02
 -6.97422155e-03  1.14508157e-03  7.12483674e-02  9.43142824e-02
 -1.94255243e-02  4.31837015e-02 -3.67759583e-02 -4.34550616e-02
 -3.09337370e-02  5.70316591e-02 -1.30818463e-03 -2.32640843e-02
 -5.62765575e-02  4.21421315e-02 -3.94492246e-02  2.88770926e-02
 -5.43237485e-02  4.49407081e-02 -9.83717020e-03 -2.44876414e-02
 -2.78478878e-02 -1.62636129e-02 -2.26998350e-04  6.70562523e-03
 -8.01157499e-02 -7.12982157e-02 -8.36825128e-03  1.86320466e-02
 -4.03332751e-02 -5.78840822e-02 -1.78687073e-02 -2.05412174e-02]
Model Evaluation Run Time [s] = 2.744208574295044
Evaluating Model:
l= 61.71294933489024
rc= 52.869149776303715
tc= 317.72159021383555
ts= 6.985520188111455
tfb= 9.072189371693565
Ng= 6.299379303257254
voff= 4.145270479377765
Number of GMCs and HII Regions 1050 0
[nan nan nan nan nan nan nan nan nan nan nan nan nan nan nan nan nan nan
 nan nan nan nan nan nan nan nan nan nan nan nan nan nan nan nan nan nan
 nan nan nan nan]
Model Evaluation Run Time [s] = 14.036343336105347
Evaluating Model:
l= 170.63610657765417
rc= 92.04514220826414
tc= 76.14660177530037
ts= 9.180249770552162
tfb= 1.4560239433096687
Ng= 9.912709757421984
voff= 23.015860777243436
Number of GMCs and HII Regions 119 122
[ 0.33144017  0.34617116  0.28047012  0.2625391   0.2076206   0.19261378
  0.14169547  0.08494617  0.05534572  0.02181807 -0.01433311 -0.02044929
 -0.02993473 -0.01824612 -0.01408276 -0.02106415 -0.02522207 -0.01219985
 -0.00748756 -0.01196189 -0.01801729 -0.00388802 -0.0009623  -0.01793562
 -0.02326358 -0.01400551 -0.01744992 -0.00710302 -0.01652198 -0.00513016
 -0.02133688 -0.00421125 -0.01545615 -0.00939847 -0.01520428 -0.00626026
 -0.01000201 -0.01515191 -0.01424042 -0.00158082]
Model Evaluation Run Time [s] = 3.2039034366607666
Evaluating Model:
l= 138.24551761269865
rc= 69.64823429877481
tc= 64.38430917192983
ts= 12.114820905845628
tfb= 6.476957018372843
Ng= 3.7418252665804568
voff= 11.389298513464851
Number of GMCs and HII Regions 189 54
[ 0.00131523  0.13791147  0.26478411  0.31271007  0.23730796  0.1679329
  0.05017809  0.00135432 -0.02461809 -0.00813443 -0.00441031 -0.01989276
 -0.01842356 -0.02286987 -0.0308333  -0.01178614 -0.01603505 -0.01003346
 -0.02535831 -0.02166482 -0.00754214 -0.00140502 -0.00749965 -0.01113446
 -0.00678095 -0.02275174 -0.03798621 -0.00291722 -0.00758205 -0.0091256
 -0.01191108 -0.01155538 -0.00737894 -0.01675842 -0.00125639 -0.01235637
 -0.00769068 -0.01104778 -0.01472789 -0.00968111]
Model Evaluation Run Time [s] = 1.8767297267913818
Evaluating Model:
l= 73.6459950735634
rc= 22.737664879131387
tc= 279.30679870932505
ts= 13.01369437579803
tfb= 9.360285293772671
Ng= 6.230671103071198
voff= 27.06092292952799
Number of GMCs and HII Regions 729 63
[-0.20612509 -0.16823547 -0.15398493 -0.13356628 -0.12193888 -0.12141287
 -0.09659512 -0.08926575 -0.08598648 -0.06496208 -0.03449502 -0.03180526
 -0.02758931 -0.02303446 -0.04656826 -0.04312158 -0.04262214 -0.04479426
 -0.03528263 -0.03448977 -0.03714896 -0.03495292 -0.03274868 -0.03376237
 -0.02731222 -0.02884102 -0.03002094 -0.0229337  -0.02094699 -0.01504163
 -0.02561551 -0.01839228 -0.02223878 -0.02561254 -0.0194504  -0.02365675
 -0.02353785 -0.01691804 -0.01374385 -0.02104929]
Model Evaluation Run Time [s] = 16.644550800323486
Evaluating Model:
l= 167.94666799096294
rc= 90.10132011975823
tc= 151.92568430367248
ts= 8.710457367595396
tfb= 2.5495579552318928
Ng= 7.700816144946101
voff= 13.11348504091142
Number of GMCs and HII Regions 136 36
[ 8.11304767e-01  6.37777913e-01  5.24764656e-01  3.80147943e-01
  3.23438739e-01  1.06806034e-01  7.59774681e-02 -1.88064437e-02
 -3.44431522e-02  1.20855312e-02  1.40922059e-02  1.45232277e-02
 -2.72603638e-02 -4.78043369e-02 -2.11078502e-02  4.37109007e-03
  1.43142083e-03  1.24427591e-02 -8.31666823e-03 -1.18518729e-02
 -8.45897693e-03  9.26024096e-04  2.87361243e-03  1.96337109e-02
  7.29982317e-03 -7.39147275e-04  1.17982743e-02 -1.49866701e-02
  6.12438833e-03  7.25627830e-03  5.53031870e-04  2.04184077e-02
  9.15113804e-03  1.35486960e-03 -4.31791651e-03  1.52865970e-03
 -9.09299112e-03 -1.63048852e-02 -1.01776137e-02 -2.97953988e-03]
Model Evaluation Run Time [s] = 2.2966761589050293
Evaluating Model:
l= 74.35227208489286
rc= 48.690809584354966
tc= 60.10245994546274
ts= 10.930173184598164
tfb= 4.829560966202099
Ng= 4.4361982395431045
voff= 20.668896604061835
Number of GMCs and HII Regions 666 279
[-0.08406968 -0.0788916  -0.05186291 -0.01594312  0.00251661  0.02066125
  0.00830347  0.00754683  0.00431472 -0.00791204 -0.01957382 -0.02223903
 -0.0209931  -0.01850696 -0.01718847 -0.01414612 -0.01342482 -0.0101467
 -0.01016789 -0.01155404 -0.01272503 -0.00782103 -0.00984502 -0.01186658
 -0.00724805 -0.00868533 -0.00874083 -0.01105995 -0.00814832 -0.01009686
 -0.00688953 -0.01348299 -0.01078819 -0.01095818 -0.0083573  -0.01380997
 -0.0082839  -0.01047005 -0.00795459 -0.00815757]
Model Evaluation Run Time [s] = 13.20258355140686
Evaluating Model:
l= 168.82717819926992
rc= 88.82002037733338
tc= 169.90904269374522
ts= 9.831264259306343
tfb= 3.259173516268449
Ng= 8.532098202747424
voff= 22.047312692191497
Number of GMCs and HII Regions 132 32
[ 0.10762759  0.10513806  0.11850139  0.20825456  0.18157979  0.20537938
  0.15063112  0.12419612  0.07712861  0.02353833  0.01433218 -0.02091866
 -0.0340745  -0.01132039 -0.03576692 -0.01770272 -0.03621912 -0.03494977
 -0.00717114 -0.00896664 -0.00639085 -0.03524967 -0.02822657 -0.01140391
 -0.023308   -0.01849003 -0.00065241 -0.02968545 -0.00947584 -0.01122295
 -0.0322252  -0.01453817 -0.01595074 -0.02130078 -0.01782897 -0.00542114
 -0.01367672 -0.02155987 -0.01340477 -0.02878129]
Model Evaluation Run Time [s] = 2.604017734527588
Evaluating Model:
l= 97.15945711392403
rc= 25.09320856260465
tc= 171.05501001887217
ts= 1.0748447964804608
tfb= 5.400758442241088
Ng= 2.113783863815196
voff= 29.060417125140155
Number of GMCs and HII Regions 423 0
[nan nan nan nan nan nan nan nan nan nan nan nan nan nan nan nan nan nan
 nan nan nan nan nan nan nan nan nan nan nan nan nan nan nan nan nan nan
 nan nan nan nan]
Model Evaluation Run Time [s] = 1.8787891864776611
Evaluating Model:
l= 68.02656959521366
rc= 60.09937394664029
tc= 342.40050903187887
ts= 8.851209136097513
tfb= 6.398020614083246
Ng= 4.458919318166647
voff= 28.810601239481738
Number of GMCs and HII Regions 855 29
[-0.12781573 -0.10054988 -0.09542846 -0.07806704 -0.07718552 -0.06490858
 -0.02423923 -0.02317603 -0.00664079 -0.00869849 -0.01072567 -0.01017661
 -0.03218409 -0.01698721 -0.02502691 -0.03361645 -0.0244531  -0.02108948
 -0.01257597 -0.02023003 -0.02251698 -0.01216471 -0.01588918 -0.02418633
 -0.01465014 -0.00866756 -0.009575   -0.00872311 -0.0100678  -0.00845862
 -0.01223683 -0.00846595 -0.00865046 -0.01086664 -0.00435325 -0.00850969
 -0.00399554 -0.01120601 -0.00315224 -0.01818579]
Model Evaluation Run Time [s] = 17.240813493728638
Evaluating Model:
l= 77.41194830426329
rc= 13.982901212434683
tc= 83.22608889276552
ts= 3.956706896885665
tfb= 5.810733203960597
Ng= 5.704576429891558
voff= 13.876144353776342
Number of GMCs and HII Regions 667 0
[nan nan nan nan nan nan nan nan nan nan nan nan nan nan nan nan nan nan
 nan nan nan nan nan nan nan nan nan nan nan nan nan nan nan nan nan nan
 nan nan nan nan]
Model Evaluation Run Time [s] = 7.1099865436553955
Evaluating Model:
l= 63.79066732767761
rc= 73.1939946309626
tc= 407.4987867062337
ts= 5.7815090934693005
tfb= 9.42573248632556
Ng= 6.745301363204768
voff= 14.169341407224692
Number of GMCs and HII Regions 982 0
[nan nan nan nan nan nan nan nan nan nan nan nan nan nan nan nan nan nan
 nan nan nan nan nan nan nan nan nan nan nan nan nan nan nan nan nan nan
 nan nan nan nan]
Model Evaluation Run Time [s] = 13.915696620941162
Evaluating Model:
l= 172.19147929921382
rc= 80.60058289623211
tc= 315.7474130815563
ts= 13.33781824979013
tfb= 4.7067003895481605
Ng= 6.685969680249979
voff= 16.011604528056683
Number of GMCs and HII Regions 131 10
[ 0.04993811 -0.01989698  0.13653585  0.20129805  0.20642406  0.27866257
  0.13240038  0.08339706  0.06204326  0.03027613  0.02378041 -0.01957381
 -0.01590824 -0.01644826 -0.03341296 -0.01564492 -0.03876242  0.00707974
 -0.0404883  -0.01163432 -0.01380046 -0.02553988 -0.01527681 -0.01841743
 -0.04474561  0.02416409 -0.03197613 -0.02516251 -0.04012608 -0.02695331
 -0.03939461 -0.05859975  0.00794355 -0.00334392 -0.03348961 -0.01901366
 -0.01140845 -0.00313881 -0.00603635 -0.04826671]
Model Evaluation Run Time [s] = 1.9808580875396729
Evaluating Model:
l= 144.01960805421672
rc= 66.6466071886083
tc= 116.97064724355563
ts= 8.957691946000464
tfb= 2.134702349698303
Ng= 4.1377636361370795
voff= 23.472320529727263
Number of GMCs and HII Regions 186 45
[ 0.01006481  0.13934233  0.18940614  0.15203874  0.17692784  0.13335591
  0.10776365  0.06206726  0.01212815  0.01815161 -0.01889574 -0.01594933
  0.0124279  -0.01472859 -0.01011614 -0.01058925 -0.00888361 -0.00628831
 -0.02143604 -0.02444274 -0.00128148 -0.00370029 -0.0039113  -0.01813746
 -0.00851508 -0.00072693  0.00107723 -0.01803866 -0.01306559 -0.02616916
 -0.02563234 -0.01311222 -0.01172757 -0.0057779  -0.02379825 -0.01072288
 -0.01866228 -0.0131395  -0.00865172 -0.01715854]
Model Evaluation Run Time [s] = 2.068916082382202
Evaluating Model:
l= 168.19959026385754
rc= 80.23624584191401
tc= 462.6725504498963
ts= 12.050441801353806
tfb= 8.746284885047624
Ng= 4.223989944740884
voff= 19.811642894383986
Number of GMCs and HII Regions 140 4
[-6.98287788e-02 -2.02929689e-01 -2.78549565e-02 -9.76152745e-02
  1.11049900e-04  1.20532207e-02  1.70745914e-01  1.11249388e-01
  2.17555985e-01  1.06019942e-01 -5.24049428e-02  7.11904111e-02
 -5.20150210e-02  2.91426309e-02 -7.92072626e-02 -1.52242523e-02
 -4.51185696e-02  8.23179475e-02 -1.62072266e-02  4.72008779e-02
 -5.43572831e-03 -5.10112898e-02 -1.99566599e-03  1.40547770e-02
  2.64104078e-02  6.10575715e-02  6.09770452e-02 -2.22087272e-02
  5.54813768e-02  2.01185329e-02 -4.41033754e-02 -4.52077496e-02
  2.56819413e-02  1.79520600e-02 -6.17235964e-02 -1.68319309e-02
 -3.62446855e-02  2.77130103e-02  1.94855415e-02  4.06050916e-02]
Model Evaluation Run Time [s] = 1.4772419929504395
Evaluating Model:
l= 53.616760664200655
rc= 44.62841112253611
tc= 44.32011305175821
ts= 11.549154735923803
tfb= 5.731038617838228
Ng= 4.796823791786734
voff= 18.994994587857896
Number of GMCs and HII Regions 1237 669
[-0.09558374 -0.08528507 -0.06402842 -0.04315232 -0.02401831 -0.0087674
 -0.00573538 -0.00860363 -0.01249434 -0.02108437 -0.02209791 -0.0184361
 -0.01812399 -0.01900921 -0.01760032 -0.0166015  -0.01543833 -0.01357847
 -0.01362392 -0.01443035 -0.01186844 -0.01247897 -0.01053272 -0.01091672
 -0.01008497 -0.01062798 -0.00981914 -0.00958664 -0.00866061 -0.00957597
 -0.00967108 -0.00962906 -0.00851525 -0.00888756 -0.00935505 -0.00907838
 -0.00908216 -0.00631009 -0.00622876 -0.00848041]
Model Evaluation Run Time [s] = 35.11424708366394
Evaluating Model:
l= 158.5895251016428
rc= 81.98311128223736
tc= 323.0741462322973
ts= 12.640827767204067
tfb= 4.030378449893456
Ng= 5.0734026466093844
voff= 14.25528752485204
Number of GMCs and HII Regions 156 15
[ 0.11963052  0.18420188  0.18636693  0.20513735  0.22593994  0.16015491
  0.09232277  0.08465927  0.05385102 -0.03140147 -0.01202986 -0.02045044
 -0.0262699  -0.01732795 -0.00581718 -0.00996468  0.00377753 -0.00843219
  0.01797974 -0.02346808  0.03012776 -0.04315042 -0.00310392 -0.01611039
  0.00338766 -0.00580036  0.01200808 -0.01542108 -0.007947    0.00662905
 -0.00256494 -0.00562926 -0.00160747 -0.00827702 -0.02263642 -0.01500074
  0.01712898 -0.00581483  0.00125485 -0.03514304]
Model Evaluation Run Time [s] = 2.1075656414031982
Evaluating Model:
l= 117.74250462466964
rc= 40.33780411069162
tc= 205.97597095058026
ts= 7.632236471283071
tfb= 5.095496001320543
Ng= 6.535292066586637
voff= 15.335416562497242
Number of GMCs and HII Regions 286 18
[-0.01840832  0.04251792  0.24209539  0.38187134  0.21583276 -0.01063435
 -0.01952569 -0.02206087  0.00773971 -0.0054832  -0.01663826 -0.02080969
 -0.02337951 -0.00047714  0.00214513 -0.00364162 -0.02327626 -0.01389294
 -0.01719636 -0.01801094 -0.00554452 -0.02022443  0.00805709 -0.0101062
  0.00656091 -0.0126854  -0.01220639 -0.00965401 -0.00934502 -0.00587615
 -0.00086509 -0.00357795 -0.00478011 -0.00336818 -0.02283168 -0.00141335
 -0.00834019 -0.00457126  0.00164099 -0.00414296]
Model Evaluation Run Time [s] = 4.528058052062988
Evaluating Model:
l= 88.61639110238725
rc= 28.71276488457584
tc= 254.41159625803854
ts= 11.186734444884124
tfb= 7.912425013278108
Ng= 6.33408737136388
voff= 23.080211627434867
Number of GMCs and HII Regions 504 42
[-0.14380003 -0.0990841  -0.08835611 -0.07967515 -0.067454   -0.04734551
 -0.02470104  0.01726554  0.05531152  0.03133432  0.00446184 -0.00675278
 -0.02776805 -0.02534144 -0.02017688 -0.03138428 -0.02693843 -0.0201693
 -0.01634594 -0.01955283 -0.02149313 -0.02077436 -0.01729098 -0.02029562
 -0.02478491 -0.02174903 -0.01944912 -0.01948059 -0.00275809 -0.00632388
 -0.01942863 -0.01404433 -0.01595379 -0.01595994 -0.00537221 -0.0175212
 -0.01070772 -0.01316247 -0.01696913 -0.0111504 ]
Model Evaluation Run Time [s] = 9.225652694702148
MCMC Total Run Time [s] = 122.4221339225769
(16, 2, 7)
[136.19725011  68.42677273 266.11225298   8.90445054   4.79537997
   5.68639097  18.45298266]
Best-fit Parameters: [167.94666799  90.10132012 151.9256843    8.71045737   2.54955796
   7.70081614  13.11348504]
Evaluating Model:
l= 167.94666799096294
rc= 90.10132011975823
tc= 151.92568430367248
ts= 8.710457367595396
tfb= 2.5495579552318928
Ng= 7.700816144946101
voff= 13.11348504091142
Number of GMCs and HII Regions 133 28
[ 5.97525391e-01  6.68810334e-01  4.86037797e-01  4.09214882e-01
  3.17270558e-01  1.09031822e-01  9.15801356e-02  1.32133242e-02
 -1.97149796e-02 -1.27433342e-02 -1.43440329e-02 -1.31379645e-03
  1.48380088e-03 -3.78019925e-03 -6.50520838e-03  2.02257608e-02
  3.42388731e-03 -7.49544099e-03 -1.70492111e-03 -8.44299450e-03
  1.75007229e-02  1.46456093e-02 -4.35523385e-03 -5.53654949e-03
  1.65112121e-02  9.12020393e-03  2.63260190e-02 -8.57489095e-03
  9.03120057e-03 -1.44469510e-04  1.33571581e-02  6.06795579e-03
  7.09674179e-04  2.27168281e-02  4.87139051e-03  1.41220484e-02
  4.17984645e-04  3.09958496e-03  6.94059516e-03  1.71441112e-02]
Model Evaluation Run Time [s] = 2.3168435096740723
