NGC1512
Starting MCMC
Evaluating Model:
l= 189.19526566796702
rc= 76.26913357913517
tc= 291.6971940910457
ts= 8.220886123584581
tfb= 6.025095279858628
Ng= 9.575759448919616
voff= 25.409830371908946
Number of GMCs and HII Regions 110 5
[-1.94327653e-01 -2.39421179e-04 -1.84425406e-01 -7.52797568e-02
  1.33322156e-01  2.71122892e-01  2.16077756e-01  1.34747242e-01
  1.71171030e-01  1.98667667e-01 -4.59784790e-02 -5.18318959e-02
 -4.81322328e-02 -1.04355616e-02 -5.27394250e-02 -7.32999560e-02
 -7.70817071e-02  1.26449425e-02 -4.38875231e-02 -8.37011188e-02
 -3.99750784e-02 -4.77991544e-02 -3.57743845e-02  1.65140020e-02
 -4.75987929e-02 -9.38452866e-02  1.66812859e-02 -1.95987424e-02
 -2.25965818e-02 -2.28854321e-02 -4.83739505e-02 -2.02899020e-02
 -4.98000058e-02 -1.86879928e-02 -4.72075868e-02 -3.24799105e-02
 -4.80713521e-02  6.69684803e-03 -6.07406028e-02 -7.32433358e-02]
Model Evaluation Run Time [s] = 2.9147136211395264
Evaluating Model:
l= 166.31034188793427
rc= 64.57869863724903
tc= 422.01380983850913
ts= 12.910884272886152
tfb= 1.5264898462269947
Ng= 2.4082360976306623
voff= 20.136769145095368
Number of GMCs and HII Regions 142 8
[-4.20247152e-02  3.89930223e-01  1.40056143e-01  1.49365051e-01
  1.52157857e-01  8.36189899e-02  6.14020094e-02  8.73681594e-02
  1.10694090e-02  8.05207562e-02  3.46848762e-02 -1.89050688e-02
  2.97902113e-03 -4.55344484e-02 -2.15471924e-02  3.08843981e-02
 -3.49955545e-02 -5.75245051e-03 -3.39021193e-02  6.08770800e-03
 -8.88957540e-02 -3.00577065e-02 -5.35424711e-02 -2.64016935e-02
 -3.18972206e-02 -7.67363676e-02 -1.05603601e-02 -5.26237403e-02
 -5.83931181e-03 -3.42924994e-02 -2.66133159e-02  1.14141929e-03
 -4.22180258e-02 -5.70019084e-02  4.27791276e-05  5.28237847e-03
  1.15002395e-02 -5.72305005e-02 -3.10543627e-02 -1.50864261e-02]
Model Evaluation Run Time [s] = 1.0016453266143799
Evaluating Model:
l= 188.48768631454607
rc= 42.97033422117238
tc= 65.19755459469064
ts= 14.994519353294745
tfb= 5.670051267365835
Ng= 3.734224364348013
voff= 16.08163110249675
Number of GMCs and HII Regions 97 40
[-0.11733204 -0.13327918  0.00551302  0.17056989  0.29014124  0.233863
  0.20944405  0.18865687  0.11839905  0.04921441 -0.00551202 -0.00080543
 -0.03961171 -0.01740454 -0.00737939 -0.01394403 -0.028522   -0.04123019
 -0.00774778 -0.03808954 -0.020391   -0.01055509 -0.00777524 -0.01104402
 -0.02775769 -0.04148331 -0.02706719 -0.01284742 -0.04579596 -0.03105009
 -0.01165569 -0.04065187 -0.01689021 -0.01866656 -0.02655334 -0.0469334
 -0.03260411 -0.01969884  0.00379362 -0.02476364]
Model Evaluation Run Time [s] = 1.0945351123809814
Evaluating Model:
l= 153.02357229022323
rc= 33.476329474113555
tc= 111.76996855105907
ts= 12.10865417739958
tfb= 6.798193348286058
Ng= 5.09567551962816
voff= 20.08601409838475
Number of GMCs and HII Regions 164 43
[-0.05258193 -0.06954348 -0.10799048 -0.05229852  0.00056665  0.1214355
  0.18541565  0.16359413  0.14690373  0.03778247 -0.0039264  -0.01576486
 -0.02587475 -0.01998954 -0.0182931  -0.02416558 -0.0225051   0.0003319
  0.0163873  -0.01081824  0.00168665  0.01194808 -0.00364953 -0.00418241
  0.00993002  0.00360007  0.02022647  0.00283768  0.02539428  0.00817968
  0.01213838 -0.0047575  -0.00860027  0.00190554 -0.0020362   0.00382914
  0.01092338  0.01249481  0.00798614  0.00564602]
Model Evaluation Run Time [s] = 2.4711437225341797
MCMC Total Run Time [s] = 65.96153998374939
(16, 2, 7)
[116.26074998  52.10224832 303.68779804  11.43927263   5.38003089
   3.94939528  19.1543119 ]
Best-fit Parameters: [111.07802385  38.06607414  37.58757261   6.66115291   4.79723689
   1.62790434   6.81514969]
Evaluating Model:
l= 111.07802385347068
rc= 38.06607413637418
tc= 37.58757260756651
ts= 6.6611529066250155
tfb= 4.797236886257334
Ng= 1.627904339682734
voff= 6.815149688128715
Number of GMCs and HII Regions 307 19
[ 1.10895948e+00  7.88063190e-01  2.75139324e-01 -4.96745314e-02
 -3.94298206e-02 -1.54503013e-03  1.85795898e-02 -1.83318894e-02
 -1.50250117e-02 -2.46408677e-02 -5.33246148e-02 -7.35328960e-03
  9.45774356e-03 -9.44519003e-03  1.42977039e-02 -9.08873737e-03
 -6.80526389e-03 -1.12367677e-02  7.10601306e-04 -5.65520659e-03
 -1.63540580e-02 -7.96687963e-03 -1.20872131e-02 -1.11800488e-02
 -1.55202004e-02  5.85436807e-03 -4.11517843e-02 -2.45151584e-02
 -1.30020048e-02 -8.31615551e-03 -9.77927423e-03 -1.48384883e-02
 -2.10909713e-02  1.17066109e-02 -8.14238941e-03 -2.52878447e-02
 -1.52419700e-02 -2.37605851e-02 -9.28871194e-03 -1.38190470e-02]
Model Evaluation Run Time [s] = 1.8771047592163086
