gmc_hii_corr_model.py:293: RuntimeWarning: Mean of empty slice
  w0=np.nanmean(w0arr, axis=1)
gmc_hii_corr_model.py:294: RuntimeWarning: Mean of empty slice
  ew0=np.nanmean(ew0arr, axis=1)/np.sqrt(Nsamples)
gmc_hii_corr_model.py:293: RuntimeWarning: Mean of empty slice
  w0=np.nanmean(w0arr, axis=1)
gmc_hii_corr_model.py:294: RuntimeWarning: Mean of empty slice
  ew0=np.nanmean(ew0arr, axis=1)/np.sqrt(Nsamples)
gmc_hii_corr_model.py:293: RuntimeWarning: Mean of empty slice
  w0=np.nanmean(w0arr, axis=1)
gmc_hii_corr_model.py:294: RuntimeWarning: Mean of empty slice
  ew0=np.nanmean(ew0arr, axis=1)/np.sqrt(Nsamples)
gmc_hii_corr_model.py:68: RuntimeWarning: divide by zero encountered in true_divide
  omega=dd/dr-1
gmc_hii_corr_model.py:73: RuntimeWarning: divide by zero encountered in true_divide
  eomega=np.sqrt((edd/dr)**2+(dd*edr/dr**2)**2)
gmc_hii_corr_model.py:73: RuntimeWarning: invalid value encountered in true_divide
  eomega=np.sqrt((edd/dr)**2+(dd*edr/dr**2)**2)
gmc_hii_corr_model.py:293: RuntimeWarning: Mean of empty slice
  w0=np.nanmean(w0arr, axis=1)
gmc_hii_corr_model.py:294: RuntimeWarning: Mean of empty slice
  ew0=np.nanmean(ew0arr, axis=1)/np.sqrt(Nsamples)
gmc_hii_corr_model.py:293: RuntimeWarning: Mean of empty slice
  w0=np.nanmean(w0arr, axis=1)
gmc_hii_corr_model.py:294: RuntimeWarning: Mean of empty slice
  ew0=np.nanmean(ew0arr, axis=1)/np.sqrt(Nsamples)
gmc_hii_corr_model.py:68: RuntimeWarning: invalid value encountered in true_divide
  omega=dd/dr-1
gmc_hii_corr_model.py:73: RuntimeWarning: invalid value encountered in true_divide
  eomega=np.sqrt((edd/dr)**2+(dd*edr/dr**2)**2)
gmc_hii_corr_model.py:68: RuntimeWarning: divide by zero encountered in true_divide
  omega=dd/dr-1
gmc_hii_corr_model.py:73: RuntimeWarning: divide by zero encountered in true_divide
  eomega=np.sqrt((edd/dr)**2+(dd*edr/dr**2)**2)
gmc_hii_corr_model.py:293: RuntimeWarning: Mean of empty slice
  w0=np.nanmean(w0arr, axis=1)
gmc_hii_corr_model.py:294: RuntimeWarning: Mean of empty slice
  ew0=np.nanmean(ew0arr, axis=1)/np.sqrt(Nsamples)
gmc_hii_corr_model.py:293: RuntimeWarning: Mean of empty slice
  w0=np.nanmean(w0arr, axis=1)
gmc_hii_corr_model.py:294: RuntimeWarning: Mean of empty slice
  ew0=np.nanmean(ew0arr, axis=1)/np.sqrt(Nsamples)
gmc_hii_corr_model.py:293: RuntimeWarning: Mean of empty slice
  w0=np.nanmean(w0arr, axis=1)
gmc_hii_corr_model.py:294: RuntimeWarning: Mean of empty slice
  ew0=np.nanmean(ew0arr, axis=1)/np.sqrt(Nsamples)
gmc_hii_corr_model.py:293: RuntimeWarning: Mean of empty slice
  w0=np.nanmean(w0arr, axis=1)
gmc_hii_corr_model.py:294: RuntimeWarning: Mean of empty slice
  ew0=np.nanmean(ew0arr, axis=1)/np.sqrt(Nsamples)
gmc_hii_corr_model.py:293: RuntimeWarning: Mean of empty slice
  w0=np.nanmean(w0arr, axis=1)
gmc_hii_corr_model.py:294: RuntimeWarning: Mean of empty slice
  ew0=np.nanmean(ew0arr, axis=1)/np.sqrt(Nsamples)
gmc_hii_corr_model.py:68: RuntimeWarning: divide by zero encountered in true_divide
  omega=dd/dr-1
gmc_hii_corr_model.py:73: RuntimeWarning: divide by zero encountered in true_divide
  eomega=np.sqrt((edd/dr)**2+(dd*edr/dr**2)**2)
gmc_hii_corr_model.py:73: RuntimeWarning: invalid value encountered in true_divide
  eomega=np.sqrt((edd/dr)**2+(dd*edr/dr**2)**2)
gmc_hii_corr_model.py:293: RuntimeWarning: Mean of empty slice
  w0=np.nanmean(w0arr, axis=1)
gmc_hii_corr_model.py:294: RuntimeWarning: Mean of empty slice
  ew0=np.nanmean(ew0arr, axis=1)/np.sqrt(Nsamples)
gmc_hii_corr_model.py:293: RuntimeWarning: Mean of empty slice
  w0=np.nanmean(w0arr, axis=1)
gmc_hii_corr_model.py:294: RuntimeWarning: Mean of empty slice
  ew0=np.nanmean(ew0arr, axis=1)/np.sqrt(Nsamples)
gmc_hii_corr_model.py:293: RuntimeWarning: Mean of empty slice
  w0=np.nanmean(w0arr, axis=1)
gmc_hii_corr_model.py:294: RuntimeWarning: Mean of empty slice
  ew0=np.nanmean(ew0arr, axis=1)/np.sqrt(Nsamples)
gmc_hii_corr_model.py:68: RuntimeWarning: divide by zero encountered in true_divide
  omega=dd/dr-1
gmc_hii_corr_model.py:73: RuntimeWarning: divide by zero encountered in true_divide
  eomega=np.sqrt((edd/dr)**2+(dd*edr/dr**2)**2)
gmc_hii_corr_model.py:73: RuntimeWarning: invalid value encountered in true_divide
  eomega=np.sqrt((edd/dr)**2+(dd*edr/dr**2)**2)
gmc_hii_corr_model.py:68: RuntimeWarning: invalid value encountered in true_divide
  omega=dd/dr-1
gmc_hii_corr_model.py:293: RuntimeWarning: Mean of empty slice
  w0=np.nanmean(w0arr, axis=1)
gmc_hii_corr_model.py:294: RuntimeWarning: Mean of empty slice
  ew0=np.nanmean(ew0arr, axis=1)/np.sqrt(Nsamples)
gmc_hii_corr_model.py:68: RuntimeWarning: invalid value encountered in true_divide
  omega=dd/dr-1
gmc_hii_corr_model.py:73: RuntimeWarning: invalid value encountered in true_divide
  eomega=np.sqrt((edd/dr)**2+(dd*edr/dr**2)**2)
gmc_hii_corr_model.py:68: RuntimeWarning: divide by zero encountered in true_divide
  omega=dd/dr-1
gmc_hii_corr_model.py:73: RuntimeWarning: divide by zero encountered in true_divide
  eomega=np.sqrt((edd/dr)**2+(dd*edr/dr**2)**2)
gmc_hii_corr_model.py:293: RuntimeWarning: Mean of empty slice
  w0=np.nanmean(w0arr, axis=1)
gmc_hii_corr_model.py:294: RuntimeWarning: Mean of empty slice
  ew0=np.nanmean(ew0arr, axis=1)/np.sqrt(Nsamples)
gmc_hii_corr_model.py:293: RuntimeWarning: Mean of empty slice
  w0=np.nanmean(w0arr, axis=1)
gmc_hii_corr_model.py:294: RuntimeWarning: Mean of empty slice
  ew0=np.nanmean(ew0arr, axis=1)/np.sqrt(Nsamples)
gmc_hii_corr_model.py:68: RuntimeWarning: divide by zero encountered in true_divide
  omega=dd/dr-1
gmc_hii_corr_model.py:73: RuntimeWarning: divide by zero encountered in true_divide
  eomega=np.sqrt((edd/dr)**2+(dd*edr/dr**2)**2)
gmc_hii_corr_model.py:73: RuntimeWarning: invalid value encountered in true_divide
  eomega=np.sqrt((edd/dr)**2+(dd*edr/dr**2)**2)
gmc_hii_corr_model.py:293: RuntimeWarning: Mean of empty slice
  w0=np.nanmean(w0arr, axis=1)
gmc_hii_corr_model.py:294: RuntimeWarning: Mean of empty slice
  ew0=np.nanmean(ew0arr, axis=1)/np.sqrt(Nsamples)
gmc_hii_corr_model.py:293: RuntimeWarning: Mean of empty slice
  w0=np.nanmean(w0arr, axis=1)
gmc_hii_corr_model.py:294: RuntimeWarning: Mean of empty slice
  ew0=np.nanmean(ew0arr, axis=1)/np.sqrt(Nsamples)
gmc_hii_corr_model.py:293: RuntimeWarning: Mean of empty slice
  w0=np.nanmean(w0arr, axis=1)
gmc_hii_corr_model.py:294: RuntimeWarning: Mean of empty slice
  ew0=np.nanmean(ew0arr, axis=1)/np.sqrt(Nsamples)
gmc_hii_corr_model.py:293: RuntimeWarning: Mean of empty slice
  w0=np.nanmean(w0arr, axis=1)
gmc_hii_corr_model.py:294: RuntimeWarning: Mean of empty slice
  ew0=np.nanmean(ew0arr, axis=1)/np.sqrt(Nsamples)
gmc_hii_corr_model.py:68: RuntimeWarning: invalid value encountered in true_divide
  omega=dd/dr-1
gmc_hii_corr_model.py:73: RuntimeWarning: invalid value encountered in true_divide
  eomega=np.sqrt((edd/dr)**2+(dd*edr/dr**2)**2)
gmc_hii_corr_model.py:68: RuntimeWarning: divide by zero encountered in true_divide
  omega=dd/dr-1
gmc_hii_corr_model.py:73: RuntimeWarning: divide by zero encountered in true_divide
  eomega=np.sqrt((edd/dr)**2+(dd*edr/dr**2)**2)
gmc_hii_corr_model.py:293: RuntimeWarning: Mean of empty slice
  w0=np.nanmean(w0arr, axis=1)
gmc_hii_corr_model.py:294: RuntimeWarning: Mean of empty slice
  ew0=np.nanmean(ew0arr, axis=1)/np.sqrt(Nsamples)
gmc_hii_corr_model.py:293: RuntimeWarning: Mean of empty slice
  w0=np.nanmean(w0arr, axis=1)
gmc_hii_corr_model.py:294: RuntimeWarning: Mean of empty slice
  ew0=np.nanmean(ew0arr, axis=1)/np.sqrt(Nsamples)
gmc_hii_corr_model.py:293: RuntimeWarning: Mean of empty slice
  w0=np.nanmean(w0arr, axis=1)
gmc_hii_corr_model.py:294: RuntimeWarning: Mean of empty slice
  ew0=np.nanmean(ew0arr, axis=1)/np.sqrt(Nsamples)
gmc_hii_corr_model.py:68: RuntimeWarning: divide by zero encountered in true_divide
  omega=dd/dr-1
gmc_hii_corr_model.py:73: RuntimeWarning: divide by zero encountered in true_divide
  eomega=np.sqrt((edd/dr)**2+(dd*edr/dr**2)**2)
gmc_hii_corr_model.py:73: RuntimeWarning: invalid value encountered in true_divide
  eomega=np.sqrt((edd/dr)**2+(dd*edr/dr**2)**2)
gmc_hii_corr_model.py:293: RuntimeWarning: Mean of empty slice
  w0=np.nanmean(w0arr, axis=1)
gmc_hii_corr_model.py:294: RuntimeWarning: Mean of empty slice
  ew0=np.nanmean(ew0arr, axis=1)/np.sqrt(Nsamples)
