NGC1365
Starting MCMC
Evaluating Model:
l= 163.1026588665668
rc= 67.67208217716416
tc= 129.6913843293026
ts= 5.133826820668509
tfb= 6.641306912164252
Ng= 4.795988227652777
voff= 25.065943942849398
Number of GMCs and HII Regions 150 0
[nan nan nan nan nan nan nan nan nan nan nan nan nan nan nan nan nan nan
 nan nan nan nan nan nan nan nan nan nan nan nan nan nan nan nan nan nan
 nan nan nan nan]
Model Evaluation Run Time [s] = 1.6083056926727295
Evaluating Model:
l= 133.6375554289642
rc= 79.90583100926024
tc= 294.6970603640365
ts= 8.279352006655353
tfb= 2.403770147807969
Ng= 2.246675868297615
voff= 0.05909449590422877
Number of GMCs and HII Regions 221 16
[ 9.28734177e-01  9.09653430e-01  6.80853844e-01  6.20343364e-03
 -1.11652308e-03  6.64256220e-02 -2.04857125e-02 -7.78886556e-03
 -3.75424056e-02 -9.95512646e-02  4.42349182e-03 -3.70016986e-02
 -1.90641715e-02  1.04063180e-02  6.74545169e-03 -5.76397563e-03
  1.51641174e-02  5.43564127e-02  1.37984572e-02  2.49060549e-03
  1.12380497e-02  1.32233945e-02  2.23205205e-02  1.94834181e-02
  8.88659256e-04 -2.78417432e-02 -1.48864569e-02  3.03791931e-02
  1.04518839e-02  1.13592954e-02  2.16182502e-02  7.96476885e-04
  1.57093643e-02  1.10094352e-02 -5.58097845e-04  1.61155595e-03
 -1.73132580e-02  1.22249093e-02  6.88106105e-03 -2.00010005e-02]
Model Evaluation Run Time [s] = 1.722888469696045
Evaluating Model:
l= 196.62233129161413
rc= 41.948318818421
tc= 316.63845309661895
ts= 14.121510897371737
tfb= 9.87477802086367
Ng= 6.47203416363554
voff= 12.935741008299145
Number of GMCs and HII Regions 103 13
[-0.07030529  0.16228368  0.00951315 -0.05187049  0.38524375  0.64717803
  0.45605235  0.19585362  0.0092943  -0.00971887  0.01382363 -0.01565415
 -0.04011884  0.04429551 -0.00887104 -0.0437019  -0.04214136 -0.06211661
 -0.02937039 -0.01000421 -0.03261132  0.01561512  0.05376018 -0.01833157
  0.03475155 -0.01902242  0.00262309 -0.01440633 -0.03728364 -0.00568014
 -0.0035332  -0.00152616 -0.0625724  -0.07527286 -0.04746679 -0.01336295
 -0.01150246 -0.00372239 -0.01416453 -0.0780177 ]
Model Evaluation Run Time [s] = 1.695755958557129
Evaluating Model:
l= 93.75170041549762
rc= 92.75723341757617
tc= 159.96439342916386
ts= 12.93300067074349
tfb= 9.68339537639929
Ng= 9.762173155666396
voff= 1.490727615085522
Number of GMCs and HII Regions 443 97
[ 0.30469349  0.2893242   0.27645962  0.12140547  0.00313738 -0.0047572
 -0.01162408 -0.00717426 -0.00039566  0.00233881 -0.00957678 -0.00803652
  0.00837034  0.011295    0.00986416 -0.00346569 -0.0042794  -0.00208373
 -0.00299323 -0.01324475 -0.00174899  0.00559264 -0.00031081  0.00670276
  0.00469709 -0.00112298 -0.00412954  0.00198983 -0.00137286 -0.00265708
 -0.00435657 -0.00333199 -0.00828289  0.00380663 -0.00709035 -0.008376
 -0.00277951 -0.00792376 -0.00116462 -0.00148355]
Model Evaluation Run Time [s] = 11.801582098007202
Evaluating Model:
l= 175.561863876337
rc= 78.5010765345714
tc= 459.51309936626706
ts= 7.640271757952569
tfb= 7.245174631954451
Ng= 3.316731671808338
voff= 13.652622948998177
Number of GMCs and HII Regions 129 0
[-3.92785643e-01  1.52838631e-01  1.64543492e+00  4.13543644e-01
 -1.21107117e-01  3.52784329e-01  1.09101753e-01  2.34446762e-02
  1.36276651e-01  9.43879110e-02 -1.59946567e-01  7.40294409e-02
 -1.19733201e-01  2.84081128e-02  1.25100679e-01 -1.65761948e-01
 -1.94595563e-01 -2.10662967e-01 -2.53011182e-01  5.04257049e-01
  2.81635229e-02  8.58174884e-05  2.73143208e-01 -5.93954149e-02
  2.68985887e-01  2.81234818e-01  3.12389595e-01 -2.67695131e-02
 -8.85351356e-02  1.22791690e-01  3.21717759e-01 -8.03996563e-02
  3.17345738e-01  1.20981506e-01  2.66335772e-02 -1.06327259e-01
  9.81374697e-02 -8.72894663e-03 -4.02287559e-03  2.97498015e-01]
Model Evaluation Run Time [s] = 1.1590242385864258
Evaluating Model:
l= 104.51206162916527
rc= 83.39894857231897
tc= 268.49780882946015
ts= 7.323398723425323
tfb= 5.782964830237744
Ng= 2.664806298368795
voff= 8.361754898209949
Number of GMCs and HII Regions 365 5
[ 0.38233685  0.3195742   0.12446715  0.13968984  0.20356945 -0.02407356
  0.03426446 -0.00282497  0.00530423  0.011737    0.06233182  0.02688319
  0.02908523 -0.01742678 -0.07300133 -0.01384401  0.04815552  0.01145938
  0.01322308 -0.0099891  -0.00595883  0.04472098  0.0061457   0.00364322
  0.03342648  0.03418312  0.02914609  0.00608855  0.02486408 -0.00324276
  0.04034716  0.04923999  0.01218948  0.03809555  0.01565061  0.03344341
  0.03298446  0.04805222  0.04500441  0.03021601]
Model Evaluation Run Time [s] = 3.2451632022857666
Evaluating Model:
l= 153.83857489106123
rc= 99.92502760768708
tc= 462.0170403822588
ts= 5.9153607221444835
tfb= 1.9696590479622738
Ng= 3.848635855593187
voff= 16.68356600401553
Number of GMCs and HII Regions 166 5
[ 0.64105002  0.51753994  0.32297092  0.26267907  0.08047467  0.17595196
  0.07483651 -0.03605889 -0.03295913  0.01947672 -0.05433874 -0.04810835
  0.06267583 -0.00482473  0.00447791 -0.04317463 -0.06556291 -0.02145362
 -0.0669093  -0.00913263 -0.04236714 -0.03569258  0.01743259 -0.01517985
 -0.00569092 -0.04607668 -0.00995985 -0.00514578 -0.05269284 -0.05983658
  0.02340468 -0.06573219 -0.02574109  0.03119356 -0.0123194   0.01043993
  0.01808107 -0.07828589  0.00548716 -0.00284603]
Model Evaluation Run Time [s] = 1.6967532634735107
Evaluating Model:
l= 177.580138115292
rc= 83.1887686163204
tc= 215.5904829219815
ts= 13.312175660892876
tfb= 8.657610750444277
Ng= 9.383734645996684
voff= 3.422428352718404
Number of GMCs and HII Regions 124 26
[ 1.40634967e+00  1.17082785e+00  7.94941104e-01  5.09256105e-01
  8.40882378e-02  1.36451771e-02 -1.68805328e-02 -3.36837712e-02
  1.20014083e-04  2.30806614e-03  5.12647611e-03  1.33919310e-02
 -2.29349071e-02 -2.08195936e-03 -2.22213563e-02  4.17643528e-03
 -2.93693055e-02 -4.55086341e-02 -2.45903253e-02 -5.18752034e-03
 -5.21806670e-03 -3.90055211e-02 -1.78546031e-02 -1.53008007e-02
 -4.87618892e-02 -2.94807869e-03  2.52934938e-03  1.35852851e-02
 -3.97990980e-02  1.37327519e-02 -1.10207490e-02 -3.07919298e-02
 -1.03155237e-02 -1.01773539e-02 -6.93108895e-03 -2.73264929e-02
  1.05785472e-02 -2.31909132e-02 -4.15914228e-02 -3.46369691e-02]
Model Evaluation Run Time [s] = 3.0966620445251465
Evaluating Model:
l= 87.38695296962548
rc= 50.558394704586114
tc= 227.3747939816217
ts= 10.399486182348525
tfb= 8.740445081266225
Ng= 4.1318461792349135
voff= 27.464885758288652
Number of GMCs and HII Regions 518 17
[-0.17457123 -0.08425696 -0.12003307 -0.08758819 -0.1135501  -0.06823869
 -0.06762193 -0.06756361  0.00054812  0.0152052   0.05458647  0.00865511
 -0.00075292 -0.02733367 -0.00340453 -0.00795787 -0.00384922 -0.01284965
 -0.01077141 -0.02158776  0.01111725 -0.00675998 -0.00636935 -0.0214873
 -0.01548021 -0.01331212  0.0095339  -0.00333886 -0.00058264 -0.00611535
 -0.01219734 -0.00366098 -0.01249505  0.00813607 -0.0196167   0.00111061
 -0.01038659  0.00400581 -0.00269667 -0.00039135]
Model Evaluation Run Time [s] = 8.63067626953125
Evaluating Model:
l= 139.09120797955273
rc= 32.26215381441513
tc= 369.65916724416985
ts= 4.670566194449675
tfb= 2.0108924676434006
Ng= 9.916780555279416
voff= 5.3891552480512175
Number of GMCs and HII Regions 205 13
[ 3.31806316e+00  6.43621471e-01  1.16433480e-02  4.52181719e-02
  2.40780330e-02 -2.86242442e-03  2.34131582e-02 -2.39194114e-02
  9.20994373e-03  3.42433800e-03  1.60580398e-02  2.62277089e-02
  8.87721194e-03 -5.32090337e-02  4.44842865e-03  2.56966481e-02
 -2.26736220e-02 -6.18774963e-03  9.79495057e-03  3.28195268e-03
  1.75055126e-02  1.44784290e-02 -1.23207254e-02  9.52115752e-03
 -1.99209314e-02 -1.35218266e-02 -1.45752256e-02  7.21125030e-03
 -2.92276006e-03  2.95077107e-03 -1.90145104e-02 -1.18447459e-03
 -1.57381331e-03  3.20237671e-02 -1.15779824e-02  4.43805138e-03
 -6.74320275e-03  2.59503319e-02  1.09468899e-03 -2.53374004e-02]
Model Evaluation Run Time [s] = 4.680780410766602
Evaluating Model:
l= 122.18034433883928
rc= 86.25324363214733
tc= 179.15648570476324
ts= 7.346091993471403
tfb= 4.512298472826046
Ng= 1.8263638313248785
voff= 4.232534235225428
Number of GMCs and HII Regions 265 1
[ 0.68611535  0.63764376  0.4625564   0.12583912 -0.034093   -0.02289247
  0.08772861  0.04694593 -0.07113042  0.02455696  0.08099991 -0.02127114
 -0.00331765 -0.00127633 -0.02987626  0.03202187 -0.01261552 -0.04058649
  0.07536666  0.02710209  0.00166015  0.06831906  0.05328745 -0.05787839
 -0.00317058 -0.04770358  0.03563762 -0.01195929 -0.05541547 -0.02384276
 -0.0055488   0.02383916  0.00484402 -0.00775007 -0.01067921 -0.04067175
  0.11672676 -0.02797848 -0.04382214  0.03558754]
Model Evaluation Run Time [s] = 1.7338569164276123
Evaluating Model:
l= 125.99984934636362
rc= 29.998929838988953
tc= 309.07999061632756
ts= 1.854084484996692
tfb= 1.679072289429609
Ng= 9.881059424287464
voff= 1.2991928713549505
Number of GMCs and HII Regions 251 0
[ 3.49524546e+00 -4.13422043e-03 -2.46565460e-02 -1.14053111e-01
 -7.61106511e-02  8.83623286e-02 -7.06461883e-02  2.80610495e-02
  7.16353166e-02 -3.55222725e-02 -3.73955133e-02  2.56360956e-02
 -9.11572951e-02  8.14906123e-03 -9.11255453e-03 -4.60331020e-02
  2.08300129e-02  1.02006499e-02 -4.06350726e-02  1.48801818e-01
  3.43515350e-02 -8.74558232e-02 -1.28429825e-01  1.86476453e-04
 -7.08922889e-02  8.18975997e-03 -7.10080851e-02 -3.10994390e-02
 -4.04997539e-02  1.69477462e-02 -9.93241349e-02 -7.12416438e-03
 -1.49870559e-03 -5.01805965e-02 -2.18626640e-02 -3.30325065e-02
 -5.82528120e-02 -6.68873389e-02  1.85089077e-02  1.88474784e-04]
Model Evaluation Run Time [s] = 5.434219598770142
Evaluating Model:
l= 162.07975137001125
rc= 45.21513117588515
tc= 199.52838959574996
ts= 13.426131934939527
tfb= 7.249562944615976
Ng= 7.774820948467093
voff= 4.981007192108833
Number of GMCs and HII Regions 149 30
[ 1.42677418e+00  1.19924709e+00  8.37459225e-01  1.85381500e-01
 -9.74599620e-03 -1.81336790e-02  1.56518560e-02  5.39580019e-04
 -2.00744915e-02 -1.71027235e-04 -8.93782400e-03 -2.86887661e-02
 -2.89357376e-02 -2.38713413e-02 -2.88991351e-02  2.39219613e-03
  7.61466819e-03  2.07627065e-02 -7.27895744e-03  1.60136851e-03
  1.42560404e-02  4.70708297e-03 -6.16902320e-04 -1.13291569e-03
  2.18449444e-03  1.17791626e-02  6.29264768e-04 -1.70471202e-02
  1.51074329e-03  8.19602707e-03  5.38084966e-03  1.17462576e-03
  1.54706262e-02 -3.27633891e-03 -1.21294581e-02  4.02032595e-03
  1.70253127e-02 -1.05307737e-02 -1.69089216e-02  7.93589903e-03]
Model Evaluation Run Time [s] = 2.962160110473633
Evaluating Model:
l= 60.799658835523076
rc= 76.33724951546577
tc= 489.5336597220535
ts= 7.267254197256065
tfb= 8.926670449182705
Ng= 4.739163803337369
voff= 18.57769720625218
Number of GMCs and HII Regions 1082 0
[nan nan nan nan nan nan nan nan nan nan nan nan nan nan nan nan nan nan
 nan nan nan nan nan nan nan nan nan nan nan nan nan nan nan nan nan nan
 nan nan nan nan]
Model Evaluation Run Time [s] = 9.911026000976562
Evaluating Model:
l= 170.95553791913414
rc= 17.71047664492633
tc= 78.60460530815982
ts= 16.431165168038575
tfb= 6.6955370367863
Ng= 9.549224279164001
voff= 1.4437479933445925
Number of GMCs and HII Regions 118 122
[ 6.28358239e+00  7.96722208e-02 -1.10543537e-02 -2.48299355e-02
 -1.98703194e-02 -1.26494932e-03 -1.17126366e-02  3.06050139e-03
  1.38773192e-03 -1.79451649e-02 -1.26561248e-02 -6.64804209e-03
  1.47603250e-02 -6.03053867e-04 -7.03685954e-04  1.07265791e-02
 -1.09250269e-02 -2.77627565e-02 -1.18540656e-02 -8.02718455e-03
 -5.14840614e-03 -1.81738930e-02 -8.95794403e-03 -8.88437750e-03
 -8.89694965e-03 -2.63894798e-02 -1.23985100e-02 -9.78137475e-03
 -2.25638826e-02 -2.35145913e-02 -1.13406517e-02 -2.92675310e-03
  9.92625786e-04 -6.94541941e-03 -1.71242917e-02 -1.68400105e-02
 -1.17818672e-02 -1.04654831e-02 -6.66342290e-03 -1.16645766e-02]
Model Evaluation Run Time [s] = 3.196152687072754
Evaluating Model:
l= 190.80577511634564
rc= 62.057049248298966
tc= 75.17246602275536
ts= 11.450049763613624
tfb= 8.32552367511386
Ng= 4.062756213638458
voff= 20.306553599637436
Number of GMCs and HII Regions 105 15
[-0.17145672 -0.0881957  -0.09665061 -0.15040548 -0.05425575  0.12664607
  0.24238931  0.28329952  0.27809557  0.1643085   0.02442396 -0.00097555
 -0.05461625 -0.04745799 -0.03730905 -0.01115522 -0.02584882 -0.06031225
 -0.05252695 -0.03679281 -0.02539806 -0.0252066  -0.01044089 -0.00201576
 -0.0182212  -0.02287317 -0.02142175 -0.01951772 -0.00471324 -0.05350627
 -0.00302907 -0.04769415  0.00071279 -0.01320946 -0.02722821 -0.00394226
 -0.0081044   0.01655021 -0.01074759 -0.01175568]
Model Evaluation Run Time [s] = 1.3142192363739014
Evaluating Model:
l= 150.72029250109887
rc= 70.36422349690797
tc= 154.52426636960763
ts= 2.3448768075781814
tfb= 5.902673451162775
Ng= 5.157747862811611
voff= 27.047978740360882
Number of GMCs and HII Regions 176 0
[nan nan nan nan nan nan nan nan nan nan nan nan nan nan nan nan nan nan
 nan nan nan nan nan nan nan nan nan nan nan nan nan nan nan nan nan nan
 nan nan nan nan]
Model Evaluation Run Time [s] = 2.1338307857513428
Evaluating Model:
l= 86.45042853430331
rc= 52.21877952379576
tc= 226.37756792322782
ts= 10.249854732025007
tfb= 8.491154428605912
Ng= 4.328047674727619
voff= 26.862992930411796
Number of GMCs and HII Regions 534 13
[-0.15130359 -0.14377281 -0.13670452 -0.10148369 -0.10779852 -0.09401257
 -0.12119879 -0.06596386 -0.00612525  0.01116686  0.01274062 -0.02773496
 -0.03353081 -0.0379192  -0.04712624 -0.03413067 -0.04514411 -0.02052009
 -0.0365864  -0.03781818 -0.04176128 -0.04628949 -0.02814184 -0.03311916
 -0.03393148 -0.03457378 -0.0153422  -0.02742311 -0.03938417 -0.03253993
 -0.02644968 -0.01769272 -0.02803508 -0.02141405 -0.01682592 -0.03230587
 -0.01810873 -0.02253185 -0.01766138 -0.03418464]
Model Evaluation Run Time [s] = 7.837250232696533
Evaluating Model:
l= 181.24863962183028
rc= 74.5324206824561
tc= 474.1796241318284
ts= 13.872044232281183
tfb= 4.328690436148868
Ng= 6.417991603957774
voff= 15.021905739818738
Number of GMCs and HII Regions 120 15
[ 0.10346697  0.22254057  0.27608424  0.25368422  0.22761977  0.30152051
  0.09200344  0.11591183  0.0505125   0.02377838  0.04614653  0.00872143
 -0.00660924 -0.02629531 -0.01184472 -0.05128506  0.05582263 -0.00669925
 -0.0231968   0.01025715 -0.00067178 -0.01005447 -0.05496733 -0.0222912
 -0.03542568 -0.01228995 -0.00790198 -0.05807856 -0.0528268  -0.04312915
 -0.06206591 -0.05342428 -0.03675744 -0.01504009 -0.02978707  0.00425608
 -0.0415899  -0.0349517  -0.02420709 -0.0287109 ]
Model Evaluation Run Time [s] = 2.119558811187744
Evaluating Model:
l= 140.70069735876064
rc= 34.39174913841113
tc= 363.21648592747505
ts= 5.0319318808029045
tfb= 2.288837904033213
Ng= 9.894490205129513
voff= 5.306912742513205
Number of GMCs and HII Regions 201 17
[ 3.16805143e+00  7.87874143e-01 -3.16978821e-02 -4.65892825e-02
 -4.95313958e-02  3.96119068e-03  1.25864390e-02 -2.63557542e-02
 -3.51002627e-02 -2.99250127e-02 -2.28623200e-02 -2.23719791e-02
 -2.57143135e-02 -3.50809332e-02 -2.93798861e-02 -4.62818009e-02
  5.97365828e-03 -1.30217806e-02 -1.62695408e-02 -2.67734781e-02
 -7.09316855e-03 -4.92602895e-03 -1.75345281e-02 -2.87074067e-02
  3.83716499e-03 -1.01875740e-02  6.29317092e-05 -1.92823161e-02
 -5.97381842e-03  2.97498842e-03 -2.70025040e-02  2.59282105e-02
  9.67720571e-03 -1.23867356e-03  1.57440133e-02 -9.11595893e-04
 -1.58075788e-02  1.39257325e-02 -1.39105307e-02 -2.56728888e-03]
Model Evaluation Run Time [s] = 4.9105610847473145
Evaluating Model:
l= 168.1936236225476
rc= 44.18910686837638
tc= 293.40742200180887
ts= 13.152847134899684
tfb= 9.57956579168867
Ng= 5.862995946153617
voff= 16.716977592306655
Number of GMCs and HII Regions 139 9
[-0.042665   -0.11385035 -0.13667215 -0.10175861 -0.01416872  0.09521595
  0.2724443   0.28807941  0.19866866  0.06212489  0.0014561   0.00051757
 -0.04740179 -0.0212717   0.01506686 -0.04174311 -0.02772201 -0.056776
 -0.00597087 -0.06014546 -0.04144535  0.0287081  -0.03085932 -0.05971353
  0.00585297 -0.06009149 -0.03641462 -0.01649062  0.00188877  0.00141835
 -0.02828512 -0.03536555  0.01763063 -0.0493044   0.00164215 -0.02168294
  0.01763318 -0.0251394   0.02539035 -0.02240626]
Model Evaluation Run Time [s] = 1.93668794631958
Evaluating Model:
l= 61.15771012143524
rc= 97.06079763389806
tc= 199.44548058238402
ts= 6.20875767571609
tfb= 1.7585609768095167
Ng= 9.626862089509501
voff= 10.607671407512012
Number of GMCs and HII Regions 1048 231
[ 9.65037863e-02  9.53138901e-02  6.87900369e-02  3.95245475e-02
  2.05069403e-02  1.01458988e-03 -4.18497952e-03 -4.62567270e-03
 -3.25838337e-03 -4.36924141e-03 -2.57865516e-03 -6.30148437e-04
 -4.12360843e-03 -2.98855662e-03 -3.60131304e-03 -1.84954617e-03
 -2.33931970e-03  7.86377116e-05 -1.85296412e-03 -2.24150010e-03
  3.76351190e-03  1.87086669e-04 -2.41176164e-03  6.19447883e-04
  9.19382194e-04  2.82422291e-03  1.08481511e-03  2.35534282e-03
  1.22540220e-03  8.82237458e-04 -1.30328983e-03  3.93119598e-03
  3.15105117e-03  2.11265047e-03  2.63543412e-03  1.71913814e-03
  1.81084436e-03 -1.38447649e-03 -3.77547353e-04  1.54231195e-03]
Model Evaluation Run Time [s] = 36.45389461517334
Evaluating Model:
l= 155.1660407905525
rc= 57.7869462690645
tc= 126.8777320928856
ts= 11.0644808453987
tfb= 8.455642430791938
Ng= 4.033240052990646
voff= 22.97482337385716
Number of GMCs and HII Regions 164 8
[-0.0549671  -0.18340994 -0.08180126 -0.1365718  -0.0212488  -0.05608553
  0.06956449  0.12434851  0.15507327  0.14749562  0.08295358  0.00730616
 -0.0722804  -0.04145198 -0.0187466  -0.05514976 -0.01165769 -0.03042022
 -0.03796054 -0.01357512 -0.04318843 -0.01591289 -0.00249712 -0.00506672
 -0.01160952 -0.02755027 -0.01195342 -0.03725728  0.00385045 -0.0275485
  0.00459996 -0.00972682 -0.02525648 -0.03249315 -0.03793148 -0.00904202
 -0.02008548  0.02830951 -0.03848084 -0.00964536]
Model Evaluation Run Time [s] = 1.9534680843353271
Evaluating Model:
l= 178.76167016409033
rc= 90.75987836141371
tc= 165.78528180834226
ts= 13.626453930408463
tfb= 9.631223049109634
Ng= 9.280786058065274
voff= 1.4634430552289102
Number of GMCs and HII Regions 120 29
[ 1.17962182  1.19010573  1.09147639  0.37759014  0.01459328 -0.01004904
 -0.01732822 -0.01077667 -0.03847795  0.01897114 -0.00168115 -0.00923436
 -0.03618225 -0.04192259 -0.01216392  0.00496971 -0.00885076 -0.01913429
 -0.00395397 -0.0030353  -0.00427971 -0.01756239 -0.0127336  -0.02997192
 -0.01975602  0.01552334  0.00470558 -0.00844399 -0.03020249 -0.0338511
 -0.01780721 -0.0150736   0.0152298   0.0045563  -0.03067703 -0.02419336
 -0.02087681  0.02543486  0.00564193  0.00919087]
Model Evaluation Run Time [s] = 3.010848045349121
Evaluating Model:
l= 147.84172288766283
rc= 65.99967086523708
tc= 386.3377292704108
ts= 12.636103756818416
tfb= 5.8989064139111855
Ng= 5.604314878448809
voff= 19.45056680727005
Number of GMCs and HII Regions 180 14
[-0.09140027 -0.06532233 -0.02820842  0.00108129  0.08406496  0.15620623
  0.1364174   0.10410486  0.06289978  0.05550513  0.01234516 -0.00532225
 -0.02070338 -0.01525056  0.01213649 -0.02827347 -0.04983887 -0.00385192
 -0.02396364 -0.01507458  0.00748432 -0.00328135 -0.02504761 -0.01316144
 -0.01598349 -0.02081706 -0.01549903 -0.01975976 -0.02271087 -0.01987147
 -0.02344393 -0.00665613 -0.04768979 -0.00512463 -0.00861132 -0.02247591
 -0.03271847 -0.03666084 -0.03692606 -0.05638592]
Model Evaluation Run Time [s] = 2.543084144592285
Evaluating Model:
l= 171.39638488373947
rc= 43.56405052232111
tc= 476.25465504310205
ts= 11.667345741382636
tfb= 3.562041650753468
Ng= 9.922533965026652
voff= 13.675118219434085
Number of GMCs and HII Regions 131 30
[ 0.18237527  0.27264471  0.4755667   0.49820223  0.40940857  0.18560355
  0.09859329 -0.05666951 -0.03936811 -0.04286442 -0.03445109 -0.01304093
 -0.04010864  0.01945593 -0.04079391 -0.03275624 -0.02192128 -0.03279203
 -0.00756405 -0.00238145 -0.01718369 -0.00224652 -0.00593531 -0.01170815
 -0.0021471  -0.01779698 -0.01025651 -0.01491614 -0.00490376 -0.03764207
  0.00223865 -0.03686986 -0.03822319  0.00856251  0.02190513  0.01822035
  0.0059183   0.01098219 -0.00907115 -0.00171219]
Model Evaluation Run Time [s] = 3.435137987136841
Evaluating Model:
l= 65.52336431645179
rc= 78.69106931649128
tc= 442.289602149625
ts= 8.079444167501475
tfb= 9.035147663790879
Ng= 5.459216815857606
voff= 16.128264392981297
Number of GMCs and HII Regions 931 0
[nan nan nan nan nan nan nan nan nan nan nan nan nan nan nan nan nan nan
 nan nan nan nan nan nan nan nan nan nan nan nan nan nan nan nan nan nan
 nan nan nan nan]
Model Evaluation Run Time [s] = 10.932037115097046
Evaluating Model:
l= 173.1799686919869
rc= 59.93852410551251
tc= 185.8949029387092
ts= 7.835872231656895
tfb= 7.613413374325259
Ng= 5.299872453141614
voff= 21.419135833670502
Number of GMCs and HII Regions 133 0
[-0.37144154  0.07922938  0.10511635  0.00999535  0.09277636  0.25595288
  0.45108036  0.20128252 -0.06419123 -0.2496611  -0.16247836 -0.08938462
  0.09637719 -0.09229195 -0.02570524 -0.00887149 -0.03947454  0.00108072
 -0.22582162 -0.03840093 -0.02900698 -0.03286596 -0.05658205 -0.08874885
 -0.03745744 -0.07502988  0.05884308 -0.04502078 -0.04767147  0.11534639
  0.07528738 -0.12885538 -0.14381185  0.17952545 -0.04486316  0.00333981
  0.09161934  0.01397863 -0.07032609 -0.05953393]
Model Evaluation Run Time [s] = 1.7801973819732666
Evaluating Model:
l= 136.92602112659375
rc= 75.89491790447492
tc= 283.69372890681746
ts= 8.87441890242148
tfb= 2.9640371336325835
Ng= 2.885835921386951
voff= 0.6281624083025705
Number of GMCs and HII Regions 209 5
[ 1.02398419e+00  1.12648141e+00  5.52702718e-01  3.30191117e-02
  5.35789338e-03  1.76279791e-02 -3.11185277e-02  1.03356091e-02
 -2.02286622e-02 -2.77612306e-02 -2.58927943e-03 -1.39711245e-02
  1.74408377e-02 -4.59232051e-02 -1.22160036e-03 -1.67606463e-02
 -2.98322385e-03 -2.52467624e-02 -9.47935462e-03 -5.70762055e-03
  2.29639351e-02 -1.10309252e-03  1.68946297e-02  8.92881968e-03
  7.42399208e-03 -5.49141739e-02  3.26436525e-02 -1.36829759e-03
 -1.77887315e-02 -3.41735512e-03 -8.66683582e-03  3.03866159e-02
  7.22697981e-03  8.86389966e-03 -4.65592674e-03  3.26951024e-02
  1.58040018e-04  3.57130085e-02  2.41890736e-02  1.78333082e-02]
Model Evaluation Run Time [s] = 1.7305402755737305
Evaluating Model:
l= 224.27079125882034
rc= 17.67365793896461
tc= 287.7072993191704
ts= 16.97391690302532
tfb= 10.978083388665459
Ng= 7.142504334357768
voff= 14.769266613184467
Number of GMCs and HII Regions 76 9
[-0.07482723 -0.21544689 -0.06730029 -0.15155174 -0.15393889 -0.13481309
  0.34842211  0.3751935   0.49026792  0.29013606 -0.05069817 -0.05977719
 -0.00833186 -0.02654497 -0.01462371 -0.04443216  0.00982803 -0.10378478
 -0.02304127 -0.00091711 -0.03258464 -0.00576717  0.00187892  0.01487788
 -0.00141439 -0.05300285 -0.01948804  0.0250261  -0.04751814 -0.05302892
 -0.03205595  0.01986072  0.00960304 -0.03121578 -0.02305893 -0.03827374
  0.01713219 -0.02202489 -0.00512058  0.01746953]
Model Evaluation Run Time [s] = 1.4223167896270752
Evaluating Model:
l= 141.97981243503645
rc= 65.88871045321783
tc= 189.2657302063986
ts= 10.363218457297114
tfb= 5.870623937104677
Ng= 4.77819433899232
voff= 4.603952447508671
Number of GMCs and HII Regions 197 17
[ 1.35561658e+00  8.73837318e-01  4.92212017e-01  1.73821944e-01
 -1.97187918e-02  2.85970500e-02 -1.87764820e-03 -1.98889664e-02
 -4.79259342e-02 -2.19554612e-02 -2.84291080e-02 -3.25801865e-02
 -1.32907729e-02 -2.69932219e-02 -3.04707751e-02 -1.14597965e-02
 -1.92340288e-02  5.61749657e-03 -6.09602128e-03 -9.45228001e-03
 -1.36168512e-02 -3.12124741e-02 -3.04862029e-02 -4.61363279e-03
  3.19572769e-03 -7.53271915e-03 -1.23421362e-02  1.80575965e-02
  1.57875770e-02  8.38585512e-04 -1.82613885e-02 -9.79137122e-03
  9.56121548e-03  4.02979083e-04 -2.04736273e-03 -1.59044043e-02
  3.95490690e-03  9.17052766e-03 -4.49010090e-04 -1.83792856e-02]
Model Evaluation Run Time [s] = 2.36553692817688
Evaluating Model:
l= 150.61731102540125
rc= 95.34811242664375
tc= 428.05253994900585
ts= 6.478960242669762
tfb= 2.1590541115808506
Ng= 3.6652553513174624
voff= 13.625559970644257
Number of GMCs and HII Regions 175 2
[ 0.62709884  0.62062864  0.53921865  0.35550229  0.250774    0.11465002
  0.02346838  0.01759638  0.03000271  0.04539478 -0.04121861 -0.08404515
 -0.06613871  0.02589821  0.05972107 -0.05293921 -0.0370091  -0.02475337
  0.00668242 -0.03546623  0.03063004 -0.07094935  0.01780614 -0.02041479
  0.01970246 -0.02652648  0.04858286  0.03429151 -0.01444556 -0.12728286
 -0.03374574  0.02781839 -0.04162356 -0.00215708  0.00686536  0.00493157
  0.0018641   0.00594992  0.01907628 -0.02171703]
Model Evaluation Run Time [s] = 1.6081788539886475
Evaluating Model:
l= 170.6365635978414
rc= 66.17804587763828
tc= 208.39528555370353
ts= 13.363223669795934
tfb= 8.026859723094699
Ng= 8.663003458154225
voff= 4.120611468434792
Number of GMCs and HII Regions 133 23
[ 1.75036258e+00  1.09713564e+00  7.45988938e-01  3.53518182e-01
 -1.32230929e-02 -4.89085073e-02  1.57117191e-02  3.93212093e-02
 -6.26493169e-03  3.10368208e-02  3.15570734e-02 -1.88151029e-02
 -1.12490769e-02 -2.50185983e-02 -5.20589225e-03  2.08816023e-02
 -1.08854212e-02 -8.21572725e-03  3.08616442e-03  3.45172085e-02
  2.69176380e-02 -2.27977133e-02 -1.44405212e-02  1.93366578e-02
  6.55015547e-03 -1.97651581e-03 -1.31364972e-03  1.92493102e-02
 -1.09901784e-02 -1.06192485e-02 -2.46304855e-02 -5.96119840e-03
 -1.20179351e-03 -6.80894902e-03 -1.00111814e-02  9.47836966e-03
  1.30129760e-02  1.81318290e-02 -1.46142492e-03 -4.43590441e-03]
Model Evaluation Run Time [s] = 2.8817036151885986
Evaluating Model:
l= 190.99421320614525
rc= 61.607974260048636
tc= 73.75476782220937
ts= 11.415998462545717
tfb= 8.305095133776529
Ng= 3.9811166413913748
voff= 20.601366686284127
Number of GMCs and HII Regions 105 12
[-0.09406584 -0.17954507 -0.0173852  -0.11395821  0.00593991  0.12166644
  0.18860955  0.37365999  0.15691276  0.11416676  0.07781627 -0.04828693
 -0.04331455 -0.02405548 -0.00131108  0.04051041 -0.00560396 -0.0060411
 -0.00957643 -0.02969598 -0.06343252  0.00890862 -0.01046783 -0.06844771
  0.0084279   0.00307661 -0.01729122 -0.04461337 -0.02715883 -0.01823224
 -0.01015305 -0.00859879 -0.07459394 -0.00393327 -0.0507427  -0.03763146
 -0.00800842 -0.00333509 -0.0325566  -0.01479535]
Model Evaluation Run Time [s] = 0.968803882598877
Evaluating Model:
l= 149.83844555185573
rc= 82.70832510658386
tc= 365.55520302039207
ts= 9.276560747027993
tfb= 7.97873333059039
Ng= 5.3628661527446
voff= 9.813706481640505
Number of GMCs and HII Regions 178 4
[ 0.31321994  0.2484021   0.34048257  0.33501646  0.22959879  0.16841058
 -0.05434037 -0.08470535  0.01157948 -0.00726727 -0.05390146 -0.04430289
 -0.02060733 -0.11168743 -0.04603475  0.02717144  0.0227731  -0.01207937
 -0.03201115 -0.00675759 -0.08029598 -0.03170961 -0.12248019 -0.00734287
 -0.08935452 -0.05624657  0.00179314 -0.08774728  0.01810593 -0.0666233
 -0.05660985 -0.07573913  0.00111071 -0.08986445 -0.03332092 -0.02752563
 -0.03195751 -0.1044226   0.08258248  0.0582327 ]
Model Evaluation Run Time [s] = 2.4760231971740723
Evaluating Model:
l= 149.89499464358798
rc= 82.97375937736747
tc= 365.5336090574974
ts= 9.300796259337066
tfb= 8.010134514209152
Ng= 5.3389046722657945
voff= 9.836987287698719
Number of GMCs and HII Regions 178 1
[ 0.65462     0.1469534   0.43941142  0.41474199  0.30678001  0.08244249
 -0.03242274 -0.03268403 -0.12810705  0.04920201 -0.00324672 -0.09640363
 -0.03659806 -0.05313962 -0.03927479 -0.01034379  0.02024588 -0.03546649
  0.05877084 -0.07230548 -0.03611847 -0.00172761 -0.04405499 -0.03490356
 -0.0412941  -0.005319   -0.09199836  0.03745834  0.0880046  -0.07354322
 -0.04012938 -0.01909512 -0.0684393  -0.00685071  0.05617573  0.01034114
  0.0624213  -0.00321349 -0.01982537  0.08571185]
Model Evaluation Run Time [s] = 2.478705406188965
Evaluating Model:
l= 157.05530030988933
rc= 47.81375334183679
tc= 477.97654443315844
ts= 11.096785588096619
tfb= 4.257673411788102
Ng= 9.250406023066148
voff= 14.31083595170481
Number of GMCs and HII Regions 161 10
[-0.02358778  0.11337896  0.31421005  0.37410614  0.32854839  0.22110841
  0.08017057 -0.01227286 -0.02388811 -0.01323731  0.00567139 -0.00730404
 -0.04518173  0.01131412 -0.00745225  0.01497749 -0.00443563 -0.01251371
 -0.00037722 -0.02324249 -0.03269749 -0.02383373  0.01291925  0.01685485
  0.00741665 -0.01658482 -0.0065537   0.00055282  0.00114179 -0.00594476
 -0.01678806  0.00280055  0.00743825 -0.01226232 -0.0080638  -0.00075164
 -0.00917808 -0.0208436  -0.00226994 -0.02861902]
Model Evaluation Run Time [s] = 3.653351306915283
Evaluating Model:
l= 162.05217216171732
rc= 55.5287659439972
tc= 421.646741994627
ts= 9.686901420399106
tfb= 3.3629703386372474
Ng= 8.063857917950825
voff= 10.422571309034172
Number of GMCs and HII Regions 150 28
[ 6.94315223e-01  7.77965870e-01  6.48436523e-01  4.97206716e-01
  1.85463208e-01  2.05186849e-02 -2.96292330e-02 -2.25495775e-03
 -2.57732644e-02  1.99977816e-02 -1.69330580e-03  3.04180754e-02
 -1.38874347e-03  3.03461313e-02 -2.95841902e-03 -2.11391772e-04
  1.54715800e-03  1.30025924e-02 -2.56180217e-03  2.81144702e-03
 -1.01326531e-02  7.74028818e-03 -3.58110876e-02  1.78564508e-02
  1.68246662e-02  3.90974348e-02  1.12055541e-02  2.73449027e-02
 -8.64159320e-04  4.90885057e-03  1.49597986e-02 -2.31682518e-03
  1.89316321e-02 -1.87672776e-02  3.26048150e-02  2.19675079e-03
 -2.05617577e-02 -1.26231613e-03  8.84519713e-03  2.91610568e-02]
Model Evaluation Run Time [s] = 3.094968557357788
Evaluating Model:
l= 107.31521216081582
rc= 43.5065141463269
tc= 282.2151522594408
ts= 8.191400940959415
tfb= 6.146688170944644
Ng= 6.361520925108484
voff= 18.956284689413117
Number of GMCs and HII Regions 343 18
[-0.05811942 -0.04971856 -0.04736432  0.10430497  0.16989867  0.17696343
  0.09965265 -0.0081647  -0.01235328 -0.01488087 -0.00858645 -0.00229462
 -0.01501764 -0.00706031  0.00290385 -0.01063069 -0.01550161 -0.01461314
  0.01541849 -0.00595288 -0.0090708  -0.01685567 -0.0220388   0.01470001
  0.02234082  0.00793027  0.01038429  0.00402923 -0.01698112 -0.01772394
  0.00106497  0.00695119  0.00239053 -0.00202643 -0.01071326  0.01491463
  0.00460063  0.00506083 -0.00561602 -0.00052747]
Model Evaluation Run Time [s] = 6.004801273345947
MCMC Total Run Time [s] = 66.78720259666443
(16, 2, 7)
[150.25615283  75.4348351  288.45610631   8.79007413   6.69812556
   6.38975626  11.77170621]
Best-fit Parameters: [181.24863962  74.53242068 474.17962413  13.87204423   4.32869044
   6.4179916   15.02190574]
Evaluating Model:
l= 181.24863962183028
rc= 74.5324206824561
tc= 474.1796241318284
ts= 13.872044232281183
tfb= 4.328690436148868
Ng= 6.417991603957774
voff= 15.021905739818738
Number of GMCs and HII Regions 120 15
[ 0.10346697  0.22254057  0.27608424  0.25368422  0.22761977  0.30152051
  0.09200344  0.11591183  0.0505125   0.02377838  0.04614653  0.00872143
 -0.00660924 -0.02629531 -0.01184472 -0.05128506  0.05582263 -0.00669925
 -0.0231968   0.01025715 -0.00067178 -0.01005447 -0.05496733 -0.0222912
 -0.03542568 -0.01228995 -0.00790198 -0.05807856 -0.0528268  -0.04312915
 -0.06206591 -0.05342428 -0.03675744 -0.01504009 -0.02978707  0.00425608
 -0.0415899  -0.0349517  -0.02420709 -0.0287109 ]
Model Evaluation Run Time [s] = 1.8019626140594482
