NGC1087
Starting MCMC
Evaluating Model:
l= 183.64746204385636
rc= 68.83884491445158
tc= 299.61207374348885
ts= 14.715868772518393
tfb= 3.149396340690729
Ng= 5.270091001202591
voff= 11.368386402510438
Number of GMCs and HII Regions 115 27
[ 0.42009308  0.49829949  0.46338577  0.42666151  0.35240842  0.23593979
  0.1057653   0.04774671 -0.02789825  0.00092382 -0.03426698  0.0046017
 -0.02079542 -0.01915077 -0.00190104 -0.01421931 -0.0053412  -0.06508597
 -0.01177116 -0.00245359 -0.02329855 -0.02819397 -0.00451737  0.00783733
 -0.01684923 -0.01181967 -0.02533525 -0.00755931 -0.0275129   0.00141598
 -0.00529599 -0.01737974 -0.01772542 -0.05421709 -0.00874339 -0.02372075
 -0.01216392 -0.02303279 -0.02127659 -0.00354136]
Model Evaluation Run Time [s] = 1.9008069038391113
Evaluating Model:
l= 199.9514538510812
rc= 22.72990817869615
tc= 106.29656312511514
ts= 13.0450169267092
tfb= 9.134849626412269
Ng= 7.7963605340632265
voff= 15.199710247367667
Number of GMCs and HII Regions 96 23
[-1.46317076e-01 -1.07001939e-01 -9.21792861e-02 -8.95862225e-02
  5.46043527e-02  4.55678322e-01  6.60517385e-01  3.44522031e-01
 -1.36621581e-02 -7.58309351e-02 -1.51949824e-02  4.57998366e-03
  2.13371535e-03 -1.84943775e-02 -9.01411714e-03 -2.93195286e-02
  7.55097700e-03 -3.45090889e-03  2.54638026e-04  1.96913437e-03
  1.48109791e-02 -2.36512531e-02 -4.55577471e-02  2.70193403e-02
 -3.85370958e-02 -1.12081316e-02 -3.25619486e-02 -3.54863617e-02
 -2.57186135e-02 -8.64418230e-03 -1.96299987e-02  1.29398735e-02
 -1.90867284e-02 -7.26878354e-03 -1.06537405e-02 -2.36434539e-02
  9.57028903e-03 -1.29726860e-02 -5.87868065e-02 -3.86786254e-02]
Model Evaluation Run Time [s] = 2.053290605545044
Evaluating Model:
l= 138.31586076762989
rc= 40.963232567952545
tc= 449.29978570286585
ts= 9.116861212092815
tfb= 4.588483050441191
Ng= 5.504648191240689
voff= 1.752792081784622
Number of GMCs and HII Regions 205 15
[ 3.12554886e+00  7.51593536e-01  3.01477630e-02 -1.41949157e-02
  3.83866561e-02 -2.88883673e-02  1.26532683e-02 -5.24070205e-02
  1.99792157e-02 -1.22577961e-02 -3.75257668e-02  2.55545704e-02
 -1.61032809e-02 -2.37192967e-02 -2.12863888e-02 -1.38335165e-02
 -1.78250861e-02 -4.81206980e-03 -2.08362686e-02 -3.11235149e-02
 -3.62054497e-02 -7.28185680e-03  1.71766124e-02  1.03144231e-02
 -2.35051188e-02 -1.71512619e-03  1.68985467e-02 -1.47522295e-02
  7.92225510e-03  9.79852799e-04 -1.05223443e-02  1.50383684e-02
  2.73397974e-03 -7.48556095e-03  1.70736574e-02 -3.47801587e-02
  7.38601312e-03 -1.58770666e-02  4.15481855e-03 -4.48719762e-02]
Model Evaluation Run Time [s] = 3.403932809829712
Evaluating Model:
l= 149.10724659252145
rc= 50.38716723737117
tc= 59.41406981305464
ts= 5.7222840172384934
tfb= 3.2416027181370426
Ng= 8.542515457582759
voff= 11.73160725182951
Number of GMCs and HII Regions 169 62
[ 1.06256980e+00  9.59913270e-01  7.21287669e-01  2.60056567e-01
 -4.24674666e-02 -1.26623998e-02 -3.20622922e-02 -2.21509997e-03
 -6.62790343e-03 -1.84939213e-02 -2.33935644e-02  1.23929064e-03
  7.69260195e-03 -2.50640780e-02 -1.25905937e-02 -1.96401717e-02
  3.97888977e-03 -1.43840999e-02  4.08618199e-03 -2.06975744e-02
 -6.27088058e-03 -2.39793041e-03 -6.89416534e-04 -4.45477294e-03
 -5.43435963e-03 -1.24803807e-02 -4.87161513e-03  5.50032299e-03
  1.24830700e-02 -2.86458272e-03  4.85554469e-03 -2.29687199e-03
 -1.21579129e-02 -5.91937951e-03 -4.29244983e-03  1.44105314e-03
 -1.13807686e-02 -9.83577817e-03 -1.86157416e-02 -1.62421850e-03]
Model Evaluation Run Time [s] = 4.24096155166626
Evaluating Model:
l= 105.37030802565482
rc= 95.37496050292175
tc= 135.45978555591935
ts= 12.76337475053546
tfb= 3.4398754850922013
Ng= 2.8912926281019513
voff= 3.150378567728528
Number of GMCs and HII Regions 337 43
[ 0.42886323  0.41359924  0.33741001  0.15845035  0.04310537 -0.0217894
 -0.01622049  0.0036672  -0.02072906 -0.01342378 -0.00288958 -0.00201898
 -0.00702694 -0.00119144 -0.00885843 -0.01083976 -0.01206479  0.01196215
 -0.00862693 -0.00555019 -0.0067865  -0.01766735 -0.01570701 -0.01963986
 -0.0027628  -0.01269633  0.00237599 -0.01186154  0.01467123 -0.00165891
 -0.00325572 -0.00050015 -0.01333652 -0.0054162  -0.00230988 -0.00356122
 -0.00690847 -0.01243401 -0.01696206  0.0029601 ]
Model Evaluation Run Time [s] = 3.602250814437866
Evaluating Model:
l= 154.37348544398606
rc= 60.125187186833756
tc= 115.3306682145022
ts= 11.667495284103518
tfb= 3.2126722744483827
Ng= 8.370763946673481
voff= 23.366229225443405
Number of GMCs and HII Regions 153 97
[-0.0862432  -0.01724527  0.05408549  0.09434953  0.10180879  0.12239691
  0.08623835  0.06703708  0.05538212  0.05326374  0.01162192  0.00088311
 -0.01763886 -0.02694021 -0.03458299 -0.03991013 -0.02107965 -0.02747505
 -0.02273972 -0.02588646 -0.00534199 -0.02285395 -0.02470091 -0.01626691
 -0.01299195 -0.01293745  0.00095657 -0.01762302 -0.01830202 -0.00786653
 -0.01621339 -0.01975243 -0.00712796 -0.01854579 -0.0201875  -0.01457452
 -0.00731326 -0.01668005 -0.01890652 -0.0234646 ]
Model Evaluation Run Time [s] = 4.28931188583374
Evaluating Model:
l= 193.11373365794904
rc= 97.29757477392121
tc= 385.27168891226825
ts= 13.530749509511166
tfb= 4.8721626177260475
Ng= 1.8742102313156583
voff= 23.527649882193572
Number of GMCs and HII Regions 106 2
[ 0.10431693 -0.20570001  0.01330863 -0.20391684 -0.07716176  0.0814001
  0.06619769  0.28082855  0.16616253  0.11018384  0.13769926  0.11353006
  0.07310499 -0.02624878 -0.12540629  0.03407569 -0.12187259 -0.07464468
 -0.01039145 -0.14847033 -0.01751193 -0.02161126  0.06814228 -0.03265627
 -0.03741368  0.01889659 -0.05432694  0.01526656 -0.02566761  0.08692654
 -0.07470331 -0.07782243 -0.00414068  0.00557825 -0.03677516 -0.01117176
 -0.07398464  0.06014733 -0.05362926 -0.00470612]
Model Evaluation Run Time [s] = 0.5022187232971191
Evaluating Model:
l= 169.33663043974389
rc= 61.54678374660239
tc= 80.92681749952908
ts= 12.762992342008172
tfb= 2.55486726539946
Ng= 9.08378975236662
voff= 23.539088765891563
Number of GMCs and HII Regions 121 168
[ 0.01146346  0.03260463  0.09463095  0.11776896  0.12429231  0.11068261
  0.08059388  0.07106434  0.07264392  0.06923668  0.0468913   0.01810642
 -0.01492255 -0.01183044 -0.0284592  -0.02756597 -0.02507931 -0.02211704
 -0.02591888 -0.02308921 -0.02291154 -0.02176717 -0.02006111 -0.01578426
 -0.02879582 -0.02527133 -0.0213867  -0.0210185  -0.02374104 -0.02001708
 -0.02239553 -0.01817042 -0.03323971 -0.015838   -0.01994502 -0.01652758
 -0.01114869 -0.01539532 -0.00975946 -0.0243549 ]
Model Evaluation Run Time [s] = 3.720752477645874
Evaluating Model:
l= 158.6532531325821
rc= 52.88288943061704
tc= 286.10970865475775
ts= 9.677874280982017
tfb= 1.4498044323157075
Ng= 3.0659621709668086
voff= 9.282417302092318
Number of GMCs and HII Regions 154 15
[ 1.17976578e+00  1.02025456e+00  5.86302349e-01  2.90196297e-01
  1.22068397e-01  2.70279756e-02 -4.65888668e-02 -3.02789075e-02
  3.47764796e-05 -3.31557827e-02 -5.51286534e-03  1.87722177e-02
 -3.22554172e-03  4.83215011e-03 -8.17967101e-03 -1.19156262e-02
  1.50215443e-02  1.17058206e-02 -8.16237038e-03 -2.00480174e-02
 -4.71255051e-03 -4.18893087e-02 -1.31125025e-02 -3.25330893e-02
 -2.12382719e-03 -4.63962060e-02  3.34701756e-03  4.32370068e-03
 -1.19961450e-02 -4.48177890e-02  2.42329069e-02 -5.61759958e-03
  1.59372625e-02 -1.12468008e-02 -2.00097867e-02  2.56512984e-02
 -1.59974110e-03 -4.94485310e-03 -1.35831478e-03 -2.47497584e-02]
Model Evaluation Run Time [s] = 1.6724801063537598
Evaluating Model:
l= 74.41411815173691
rc= 74.81997177409006
tc= 281.7495630484867
ts= 9.734082736055933
tfb= 5.368565325136249
Ng= 5.670564583797861
voff= 15.181345151731518
Number of GMCs and HII Regions 708 55
[ 0.02067458 -0.01352958  0.03806434  0.04175736  0.03803324  0.02448517
  0.02080223 -0.00671717 -0.01808541 -0.00542534 -0.00525358 -0.01132623
 -0.00606597 -0.01078383 -0.02067337 -0.01648657 -0.00366883 -0.0100442
 -0.02140381 -0.00837979 -0.00766682 -0.0177912  -0.01034586 -0.01469333
 -0.0065411  -0.01329438 -0.00757431 -0.00551501 -0.01013796 -0.00669105
 -0.00953113 -0.00641208 -0.00768653 -0.00557659 -0.00983179 -0.0067027
 -0.01053636 -0.00386876 -0.00643917 -0.00519697]
Model Evaluation Run Time [s] = 14.81535792350769
Evaluating Model:
l= 80.852422916503
rc= 89.07613114522046
tc= 179.3611936687559
ts= 6.801236242946855
tfb= 4.001162334867244
Ng= 1.2200254552914451
voff= 7.460328090755814
Number of GMCs and HII Regions 602 9
[ 3.18363229e-01  1.81532381e-01  1.24566883e-01  9.52222575e-02
  1.97900767e-02  1.24395674e-02 -4.64548720e-03  2.25653210e-02
 -9.85585013e-03  3.97384356e-02  9.48151797e-03  1.18890757e-02
  2.43681327e-02  2.25645484e-02  1.53601612e-02 -1.72328839e-03
  2.60881092e-02  9.61571388e-03  1.47544705e-02  2.95965057e-02
  2.42506279e-02 -1.49764063e-03  2.54372701e-02  1.56655992e-02
  7.78559643e-03  1.41906763e-02  1.89401566e-02  2.55813462e-02
  9.03899222e-03  2.95336240e-04  5.25045886e-05  1.32531655e-02
  1.39869143e-02 -6.91252399e-03  1.15991854e-02  2.49327878e-02
 -3.74227862e-03  1.66571237e-02  1.18283873e-02  2.44218659e-02]
Model Evaluation Run Time [s] = 6.331366062164307
Evaluating Model:
l= 213.31462874820494
rc= 87.08197807513893
tc= 201.64928003515652
ts= 18.38012694998467
tfb= 2.2075892101632326
Ng= 5.116585564318472
voff= 17.66129094687218
Number of GMCs and HII Regions 81 28
[ 0.27508659  0.16413181  0.19477734  0.18244376  0.18175481  0.15961586
  0.11501989  0.07023062  0.08979679  0.0530832   0.06822825  0.03755204
  0.04386467  0.02463366 -0.0168408   0.01070044 -0.00352147 -0.00717241
 -0.02215861 -0.02530605 -0.02322721 -0.00067341  0.00503757 -0.0088551
 -0.00256007 -0.03328496 -0.05110451 -0.0042047  -0.02284581 -0.07456609
 -0.03816849 -0.01300182 -0.01862412 -0.01356043 -0.00249209 -0.0409147
 -0.04045665  0.00650172 -0.013075   -0.00490821]
Model Evaluation Run Time [s] = 1.2448527812957764
Evaluating Model:
l= 94.91240895491083
rc= 71.59983650150338
tc= 311.29352233467205
ts= 14.161374205892882
tfb= 8.785763631953984
Ng= 9.93498651329848
voff= 15.09596463584196
Number of GMCs and HII Regions 430 74
[-0.11320534 -0.06077858 -0.06757645 -0.03242927  0.00767225  0.03377444
  0.03655747  0.02866436  0.01501656  0.00552107 -0.01432162 -0.01693182
 -0.01276421 -0.01619822 -0.01113347 -0.01154756 -0.00577867 -0.00343355
 -0.01680755 -0.01219733 -0.0097765  -0.01048095 -0.00378013 -0.01667281
 -0.00104833 -0.00881257 -0.01114083 -0.00899204 -0.00823842 -0.01126071
 -0.01168039 -0.01249653 -0.00524445 -0.01174917 -0.00686642 -0.01013954
 -0.00065683 -0.00371954 -0.00048124  0.00139673]
Model Evaluation Run Time [s] = 12.145723104476929
Evaluating Model:
l= 175.46559836957766
rc= 83.01082136192659
tc= 205.62112831226005
ts= 8.519243698727688
tfb= 7.745531875407168
Ng= 5.214050521002749
voff= 26.751662891294483
Number of GMCs and HII Regions 129 3
[-0.07014511 -0.03941613  0.16478566 -0.12836491 -0.12940209  0.22410672
  0.04150106  0.07687866  0.25252231  0.07053478  0.1538688   0.05083789
 -0.0603965   0.05474852 -0.01123255  0.09074187  0.00123549 -0.08009242
 -0.03972699 -0.07009227 -0.02033525 -0.06001012 -0.12156209 -0.06404576
 -0.05433358 -0.01990329 -0.02579503  0.01814105 -0.02998596  0.02996264
  0.06473428 -0.14829533  0.10576998  0.01653691  0.10780781 -0.03578022
 -0.0464764  -0.06975176  0.01660523 -0.09922515]
Model Evaluation Run Time [s] = 1.9140594005584717
Evaluating Model:
l= 61.77232334628018
rc= 76.8059075651635
tc= 263.5290843450188
ts= 7.003664339563991
tfb= 3.2610959649271978
Ng= 3.0405917965892124
voff= 15.234001393787207
Number of GMCs and HII Regions 1031 38
[ 0.05647301  0.05821102  0.03417188  0.0479701   0.03434279  0.01394872
 -0.00643514 -0.0036966   0.00266394 -0.0033714   0.00324203 -0.00020309
 -0.00080922  0.00016576  0.00287686  0.0060537   0.00263846 -0.00713753
 -0.00363902 -0.00946493  0.00414273  0.00015195 -0.00508577 -0.00045804
  0.005816    0.0015699   0.00110363 -0.00562466 -0.00150442 -0.01039546
 -0.00414928  0.00495216  0.00113947 -0.00488246 -0.00301754  0.00338902
 -0.00239827 -0.00638182 -0.00363328 -0.00181591]
Model Evaluation Run Time [s] = 21.864696741104126
Evaluating Model:
l= 83.99252893690017
rc= 86.2698352428869
tc= 198.25711891202513
ts= 9.939165840732374
tfb= 3.3522129677582506
Ng= 2.9644997881467905
voff= 9.075446464032513
Number of GMCs and HII Regions 547 35
[ 2.24612351e-01  1.58930902e-01  1.18296066e-01  9.15151702e-02
  5.83414573e-02  1.51410734e-02 -3.14459918e-03  1.75780648e-03
 -8.68332027e-03 -1.07501382e-02 -3.52936007e-03  1.41888461e-02
 -1.37224833e-02 -4.73582369e-03  1.09518023e-02  2.87814079e-03
 -8.29312354e-04  8.30038927e-03  5.36735018e-05 -4.08372453e-03
 -3.05542720e-03 -2.71825647e-03  1.01381385e-03  4.88724802e-03
  1.83516078e-03 -1.57378991e-03 -7.66933891e-03 -1.07721899e-02
 -7.02479925e-03 -2.46555175e-03 -6.78185055e-03  6.74887892e-04
 -1.99581155e-03 -9.09048904e-03 -6.16335604e-03 -3.83416381e-03
  6.83723172e-03  7.44329794e-04  3.08941763e-03 -1.12472633e-03]
Model Evaluation Run Time [s] = 6.3609373569488525
Evaluating Model:
l= 87.23683567397035
rc= 53.74676671610358
tc= 269.6938904412393
ts= 6.752218293773018
tfb= 6.164112263969305
Ng= 5.171559246901129
voff= 22.590642914559965
Number of GMCs and HII Regions 522 4
[-0.20839102 -0.12821731 -0.07325005 -0.03942756  0.04400431  0.05167455
  0.10408719 -0.02413192 -0.01711426  0.01445121 -0.05359957 -0.04949266
 -0.02936526 -0.03905083 -0.04786644 -0.00723465 -0.04410699 -0.01101002
 -0.03437147 -0.01776595 -0.04606925 -0.03493028 -0.01571373 -0.03811372
  0.01302985 -0.02614064 -0.05278912 -0.0174514  -0.03588223 -0.0366267
 -0.02426086 -0.02233755 -0.06148337 -0.02220437 -0.04019404 -0.03124479
 -0.04714808 -0.03117286 -0.03846775 -0.01402483]
Model Evaluation Run Time [s] = 9.365367412567139
Evaluating Model:
l= 63.164245289963446
rc= 32.56085970663567
tc= 249.6661658079972
ts= 9.361359882417469
tfb= 9.51593548569997
Ng= 9.202145422534223
voff= 3.118802673947342
Number of GMCs and HII Regions 1002 0
[nan nan nan nan nan nan nan nan nan nan nan nan nan nan nan nan nan nan
 nan nan nan nan nan nan nan nan nan nan nan nan nan nan nan nan nan nan
 nan nan nan nan]
Model Evaluation Run Time [s] = 21.728588819503784
Evaluating Model:
l= 197.44065537907244
rc= 23.01409858943336
tc= 108.8104070455144
ts= 12.976945123423592
tfb= 9.123452587432887
Ng= 7.822486686307718
voff= 15.01502780062248
Number of GMCs and HII Regions 97 23
[-0.10830695 -0.10016701 -0.07365426 -0.03223492 -0.00717628  0.55838249
  0.64412558  0.25755957 -0.0065563  -0.02815232 -0.01856816 -0.01136374
  0.01213732 -0.03509068 -0.0105871  -0.03464875 -0.0181833  -0.02353924
 -0.0238576  -0.02387543 -0.02708977  0.00321819 -0.01890577 -0.00586005
 -0.01585415 -0.0192124  -0.00723859 -0.02990801 -0.00477169  0.01100021
 -0.02135272 -0.00943329  0.00538069 -0.04258062 -0.00409959 -0.02899277
 -0.02395186 -0.0286239  -0.0332483  -0.02078946]
Model Evaluation Run Time [s] = 2.104884386062622
Evaluating Model:
l= 180.9182054361961
rc= 89.7594970197614
tc= 235.8661772859291
ts= 9.097835344113115
tfb= 8.677234895315138
Ng= 4.52550931069894
voff= 29.85877908025277
Number of GMCs and HII Regions 122 0
[-1.55712604e-01  1.19544493e-02 -1.30946825e-01 -9.89349153e-02
 -4.78492885e-02  4.14763842e-02 -1.19768340e-01  3.29554508e-03
  2.11679757e-01  1.52352284e-01  1.16114434e-01  1.15780123e-01
  1.18857657e-01  3.53450000e-02  3.04747343e-02 -1.06289193e-01
 -8.34414903e-02  1.24024120e-04 -1.65655209e-01  3.75379781e-02
 -6.64841385e-02 -3.51107074e-02 -5.75384298e-02 -2.03980148e-01
 -7.19269359e-02 -8.89048781e-03  6.10199860e-02 -1.24651136e-01
  6.04821296e-03 -5.01578385e-02  6.54348394e-02 -7.76665408e-04
 -7.19924905e-02 -1.01061408e-01  1.56192328e-02  8.77127299e-03
  3.14207469e-02 -3.51533909e-03  2.62796030e-02 -6.40398159e-02]
Model Evaluation Run Time [s] = 1.4716606140136719
Evaluating Model:
l= 107.78177004804934
rc= 47.357054349008756
tc= 116.08084557260005
ts= 7.47022897255588
tfb= 6.989626192985979
Ng= 8.717522409287229
voff= 11.242285344341784
Number of GMCs and HII Regions 344 8
[-0.0599419   0.27932012  0.28936216  0.32598875  0.08086806  0.03995893
 -0.00270265 -0.01539578  0.01750277 -0.04428134 -0.01243399 -0.0270292
  0.00668866  0.03958991 -0.00127982  0.02800342  0.00121696  0.03075979
  0.00905497 -0.00871526  0.01735712  0.01245842  0.00787472 -0.01310434
  0.00825921  0.00436427  0.02778777  0.01986875  0.00124938  0.01768517
  0.01047673  0.01472126  0.01309589  0.02161528  0.02223793  0.02854904
 -0.00434573  0.01945095 -0.00747539  0.00611455]
Model Evaluation Run Time [s] = 7.904499769210815
Evaluating Model:
l= 131.50942535325666
rc= 55.53186642645918
tc= 29.20518524533333
ts= 5.760115414638306
tfb= 5.776108168266527
Ng= 8.441617788587795
voff= 15.146820263992407
Number of GMCs and HII Regions 231 0
[nan nan nan nan nan nan nan nan nan nan nan nan nan nan nan nan nan nan
 nan nan nan nan nan nan nan nan nan nan nan nan nan nan nan nan nan nan
 nan nan nan nan]
Model Evaluation Run Time [s] = 5.049037218093872
Evaluating Model:
l= 98.74164932571178
rc= 44.24249089501436
tc= 149.18004762561225
ts= 8.121773881381671
tfb= 7.451970630356025
Ng= 8.822640721522077
voff= 9.754676620083313
Number of GMCs and HII Regions 406 14
[ 5.22159723e-02  2.49923075e-01  3.39151621e-01  2.14270103e-01
  2.65221975e-02  1.67910607e-02  4.23557259e-03 -1.51796524e-02
  7.16124949e-03 -1.21665819e-02  7.91426059e-03 -1.42259141e-02
 -1.85801617e-02 -7.29933888e-03 -2.48624848e-02 -3.12348493e-02
 -1.25820806e-02  2.46394232e-03  2.06439610e-03 -6.87783926e-03
 -4.30005875e-04  1.09618873e-02 -5.86929643e-03 -1.79038244e-03
 -3.48613291e-03 -1.14879485e-03 -6.88604048e-03  9.77001147e-05
  2.83466151e-03 -1.10252273e-02 -4.64742204e-03  5.02279537e-03
 -4.82354005e-03 -8.67471285e-03 -1.67830243e-02  6.32425562e-03
 -7.91192212e-03 -5.11069422e-03  6.06742360e-03  2.48082035e-04]
Model Evaluation Run Time [s] = 9.628249406814575
Evaluating Model:
l= 106.92118542395389
rc= 35.92179573036624
tc= 274.45935375650885
ts= 6.557847718562051
tfb= 8.408175979971013
Ng= 6.81882066145245
voff= 28.27740819860094
Number of GMCs and HII Regions 349 0
[nan nan nan nan nan nan nan nan nan nan nan nan nan nan nan nan nan nan
 nan nan nan nan nan nan nan nan nan nan nan nan nan nan nan nan nan nan
 nan nan nan nan]
Model Evaluation Run Time [s] = 5.512911319732666
Evaluating Model:
l= 99.59851153361731
rc= 93.89214250989866
tc= 145.79468973762602
ts= 11.3598177157447
tfb= 3.5720089646372664
Ng= 2.4978568173727274
voff= 4.1649910201126055
Number of GMCs and HII Regions 384 37
[ 3.98807798e-01  3.08382221e-01  2.61026881e-01  1.53413112e-01
  3.04939432e-02 -5.15479003e-03 -2.60793320e-02 -5.14590538e-03
 -8.03858885e-05  2.89983545e-03 -1.08313575e-02 -1.06116191e-02
 -2.57458231e-02  6.04015362e-03 -1.14535093e-02 -4.88920035e-04
  2.09521330e-03 -1.00950274e-02 -1.52671618e-02 -1.86040506e-02
 -5.97120377e-03  6.92263715e-04  5.65095693e-03 -1.33510310e-03
 -4.22044074e-04 -9.88989183e-04 -7.86301262e-03 -5.87226847e-03
  2.41747205e-03 -9.09759104e-03  2.68189856e-03 -5.00503534e-03
 -1.42791519e-03 -3.65170429e-03 -3.60925610e-03  6.69922549e-03
 -1.34704830e-03 -6.30862663e-03 -1.18125340e-02 -6.91851871e-03]
Model Evaluation Run Time [s] = 4.138246059417725
Evaluating Model:
l= 183.42721909300846
rc= 70.5270797767959
tc= 294.46796809184286
ts= 14.262510060566852
tfb= 3.5954765926040677
Ng= 5.210005456954547
voff= 12.860506503732225
Number of GMCs and HII Regions 115 23
[ 2.57889499e-01  3.26319482e-01  4.41097251e-01  3.34395829e-01
  3.84239432e-01  2.22800506e-01  1.45616798e-01  5.04845904e-02
  1.15017543e-02 -3.66748969e-04 -5.08281295e-02 -4.52896881e-03
 -7.72112648e-03 -9.50054585e-03 -2.01280091e-02 -3.70864075e-03
 -1.15818862e-02 -6.40226510e-02 -2.56578380e-02  6.53680337e-03
 -1.83618015e-02 -2.39570771e-02 -9.81085516e-03 -1.16670244e-03
 -1.26503951e-03 -2.55422268e-02 -2.95488112e-02 -1.00210235e-02
 -2.00016436e-02 -1.48034976e-03 -2.52007649e-02  5.03259740e-03
 -4.43806234e-02 -4.72952105e-02 -6.71400115e-03 -2.92218648e-02
 -1.02017415e-02 -2.89412439e-02 -2.75025396e-02 -7.98589316e-03]
Model Evaluation Run Time [s] = 1.5885076522827148
Evaluating Model:
l= 141.6329951557295
rc= 41.13630831507272
tc= 17.955168046365486
ts= 4.929169937312722
tfb= 1.9644553737329824
Ng= 9.486344724487065
voff= 7.472476279092184
Number of GMCs and HII Regions 170 267
[ 2.50946153e+00  1.23356736e+00  1.29046618e-01 -1.03314450e-02
 -6.88260078e-03 -1.25388010e-02 -1.60585855e-02 -4.76383479e-03
 -1.12937225e-02 -1.33485009e-02 -1.48589227e-02 -2.15932702e-02
 -1.86669268e-02 -9.77324564e-03 -5.64167356e-03 -1.11308893e-02
 -3.24926070e-03 -1.34233079e-02  8.69518259e-03 -3.53990644e-03
 -8.99331166e-03 -7.83423534e-04 -6.65895230e-03 -9.04833147e-04
  2.48318922e-03  4.41307137e-03  3.91638278e-03 -6.29197567e-03
 -5.80746845e-04 -6.67450161e-03  3.85893307e-04 -5.15631291e-03
  7.07301334e-04 -8.71675855e-03 -9.17500394e-03 -5.37630882e-03
  1.60245120e-03 -5.35073208e-03 -3.17217114e-03 -3.38311914e-03]
Model Evaluation Run Time [s] = 4.874727725982666
Evaluating Model:
l= 140.95192571319288
rc= 42.71236962324674
tc= 417.99640159480685
ts= 9.426700025252117
tfb= 4.415671629565612
Ng= 5.808794403736929
voff= 3.6041353459795253
Number of GMCs and HII Regions 195 7
[ 2.39639186e+00  1.04715928e+00  1.34740079e-01 -9.67929887e-03
  9.78632492e-03 -4.49883919e-02  1.50611689e-02 -7.08199245e-02
 -1.83809770e-02 -1.42952232e-02  1.89318884e-03 -8.55177229e-03
  1.64500533e-02 -4.31735241e-02  4.41617894e-02 -2.01315995e-02
 -2.76902597e-03  3.02903573e-02 -1.44651395e-02 -1.27173761e-02
 -2.89363125e-02  1.41473433e-02  1.11223568e-02  1.11998438e-02
  3.97481046e-02 -8.08046810e-03 -1.37976732e-02 -1.35846671e-02
  9.16679287e-03  1.03990523e-02  5.06419152e-03  1.06236032e-03
 -4.52134686e-03 -2.55397599e-02 -2.80666223e-03 -1.44654356e-02
 -1.55669391e-02  2.66173922e-02 -2.37506588e-02 -1.78518923e-03]
Model Evaluation Run Time [s] = 2.8975579738616943
MCMC Total Run Time [s] = 77.83983206748962
(16, 2, 7)
[140.01970926  57.64677523 217.62448619   9.69161586   4.64391712
   5.51142246  12.67756343]
Best-fit Parameters: [158.65325313  52.88288943 286.10970865   9.67787428   1.44980443
   3.06596217   9.2824173 ]
Evaluating Model:
l= 158.6532531325821
rc= 52.88288943061704
tc= 286.10970865475775
ts= 9.677874280982017
tfb= 1.4498044323157075
Ng= 3.0659621709668086
voff= 9.282417302092318
Number of GMCs and HII Regions 154 15
[ 1.17976578e+00  1.02025456e+00  5.86302349e-01  2.90196297e-01
  1.22068397e-01  2.70279756e-02 -4.65888668e-02 -3.02789075e-02
  3.47764796e-05 -3.31557827e-02 -5.51286534e-03  1.87722177e-02
 -3.22554172e-03  4.83215011e-03 -8.17967101e-03 -1.19156262e-02
  1.50215443e-02  1.17058206e-02 -8.16237038e-03 -2.00480174e-02
 -4.71255051e-03 -4.18893087e-02 -1.31125025e-02 -3.25330893e-02
 -2.12382719e-03 -4.63962060e-02  3.34701756e-03  4.32370068e-03
 -1.19961450e-02 -4.48177890e-02  2.42329069e-02 -5.61759958e-03
  1.59372625e-02 -1.12468008e-02 -2.00097867e-02  2.56512984e-02
 -1.59974110e-03 -4.94485310e-03 -1.35831478e-03 -2.47497584e-02]
Model Evaluation Run Time [s] = 1.4614450931549072
