NGC2835
Starting MCMC
Evaluating Model:
l= 149.91681362125087
rc= 50.420367619281365
tc= 223.79876077535081
ts= 11.946481379585268
tfb= 9.51515267988291
Ng= 4.511991198595776
voff= 3.333974467964247
Number of GMCs and HII Regions 175 7
[ 1.42745242e+00  1.09514861e+00  6.34501345e-01 -2.17299275e-03
 -4.37291465e-03 -6.26776085e-02 -4.37330154e-02 -6.25203242e-02
 -2.61400159e-02  1.96673195e-02 -4.01738850e-02 -1.23074602e-02
 -3.24647440e-02 -1.58476172e-02  7.29572179e-04 -3.00710034e-02
 -1.09498984e-01 -2.03018687e-02 -4.13461774e-02  2.01590907e-02
 -4.68356210e-02  3.36633564e-02 -1.98851294e-02 -3.43726364e-02
  4.48852584e-02 -1.17210572e-02 -2.14062123e-02 -5.80925886e-02
 -3.20094626e-03 -2.64955407e-02  1.15464625e-02 -1.55098623e-02
  1.96020226e-02  3.18109852e-03 -6.70425352e-03  7.66656684e-02
  2.82062173e-02  9.95133520e-03  7.84204937e-03 -1.39711997e-02]
Model Evaluation Run Time [s] = 2.2107796669006348
Evaluating Model:
l= 142.50014057982304
rc= 75.52067407114987
tc= 64.4795922554259
ts= 14.846629635176411
tfb= 9.422169326873234
Ng= 4.096360629122455
voff= 28.192011726855537
Number of GMCs and HII Regions 182 55
[-0.25046381 -0.17410771 -0.15969334 -0.1511844  -0.18878977 -0.1233565
 -0.12998004 -0.11716122 -0.11119506 -0.06103951 -0.04966122 -0.02273461
 -0.00491368 -0.00583163 -0.00166524 -0.01558963 -0.03181412 -0.03620611
 -0.04448776 -0.05047998 -0.04831408 -0.05982434 -0.04773658 -0.03300256
 -0.04336865 -0.0481273  -0.05172038 -0.05266312 -0.05171788 -0.03909032
 -0.05030064 -0.02753467 -0.02677957 -0.02491364 -0.01263374 -0.02803556
 -0.03422612 -0.04030416 -0.02793093 -0.03300132]
Model Evaluation Run Time [s] = 2.4251997470855713
Evaluating Model:
l= 138.3105301182561
rc= 81.44022103332975
tc= 28.32827923008676
ts= 8.474773513035196
tfb= 1.4731383896705714
Ng= 2.998926834236767
voff= 2.607558766270819
Number of GMCs and HII Regions 174 75
[ 1.05004638  1.03021537  0.71673213  0.0667677  -0.01953386 -0.00213053
 -0.01027037  0.00555964 -0.0042364  -0.00677698 -0.00528095 -0.01636887
 -0.00640286 -0.01434953 -0.01117136 -0.0097378  -0.00744233 -0.00491147
 -0.00575203  0.00397475  0.00459473 -0.01910721 -0.02201035 -0.0105934
 -0.00889355 -0.00317916  0.01428469 -0.02057015 -0.01420025 -0.01225421
 -0.01653869 -0.02043419 -0.01044847 -0.0098749  -0.00491287 -0.00523279
  0.00178207 -0.00797555 -0.00632071 -0.00580877]
Model Evaluation Run Time [s] = 1.5721321105957031
Evaluating Model:
l= 178.69372900479223
rc= 84.50201007383313
tc= 213.48847822424582
ts= 8.975141060387696
tfb= 5.578498282388456
Ng= 9.647673117012914
voff= 0.7580306354907806
Number of GMCs and HII Regions 124 18
[ 1.41534714e+00  1.44526815e+00  1.37488018e+00  7.08903631e-02
 -5.36973097e-02  1.03575380e-02 -2.08654139e-02 -4.33465934e-02
 -7.24983152e-03  1.10323666e-02  3.20569316e-02  4.65061989e-02
 -3.60824078e-02  7.06209051e-03  2.03174862e-02 -3.05083376e-02
  1.65636367e-03  7.43208307e-03 -1.74983887e-02  8.18750746e-03
  2.09824085e-02  1.23547107e-02 -7.29455890e-03  1.06983244e-02
 -4.38397715e-02  1.68926238e-02  1.94947688e-03 -9.93918428e-03
  3.05391438e-02 -7.81602980e-03 -1.47611991e-02 -1.78774812e-02
 -1.00285767e-02  1.09947899e-02 -2.10778306e-02 -2.32274763e-02
  4.72238456e-03 -3.41413385e-02  5.62680141e-04 -3.10404008e-02]
Model Evaluation Run Time [s] = 2.989154577255249
Evaluating Model:
l= 164.63281935516437
rc= 97.96470993572021
tc= 343.11455591279554
ts= 13.822036128929401
tfb= 2.474385597498978
Ng= 7.820533576709683
voff= 6.114277654469616
Number of GMCs and HII Regions 142 35
[ 9.18064617e-01  7.31490613e-01  5.81730303e-01  3.58877956e-01
  2.20440075e-01  1.20572468e-01  7.41589214e-03  5.04430752e-02
 -2.47754366e-02  1.59133355e-02 -2.17011871e-02 -3.39243202e-02
 -7.06071930e-03 -2.38391084e-02 -3.72077453e-02  1.24153700e-02
 -3.24586750e-02 -1.28881765e-03 -4.59370191e-02 -2.21813072e-02
 -2.87252425e-02 -3.05304806e-02 -5.30290239e-02 -8.06103414e-03
 -2.83418190e-02 -3.16840958e-02 -9.68510954e-03 -2.27338610e-02
 -4.98152863e-02 -2.30920429e-02 -9.18049879e-03 -5.94203256e-03
 -8.06328393e-03 -1.48098598e-02 -2.14957527e-02 -3.99001272e-02
 -1.15675892e-02  1.63856367e-04 -1.54011917e-02 -1.61384033e-02]
Model Evaluation Run Time [s] = 2.814279794692993
Evaluating Model:
l= 73.9028852123023
rc= 60.68381018032885
tc= 226.47481587364038
ts= 5.0476513125867655
tfb= 9.599657660191511
Ng= 3.074866611960009
voff= 15.252709779404196
Number of GMCs and HII Regions 732 0
[nan nan nan nan nan nan nan nan nan nan nan nan nan nan nan nan nan nan
 nan nan nan nan nan nan nan nan nan nan nan nan nan nan nan nan nan nan
 nan nan nan nan]
Model Evaluation Run Time [s] = 5.651830196380615
Evaluating Model:
l= 50.272671851864295
rc= 94.01030773592846
tc= 116.09537856983955
ts= 14.73400618905769
tfb= 7.187877774647743
Ng= 3.575398372428228
voff= 23.57668152639805
Number of GMCs and HII Regions 1496 308
[-0.1544906  -0.14293438 -0.12888505 -0.11727531 -0.10552643 -0.0930277
 -0.07867011 -0.0700215  -0.05974916 -0.05461775 -0.04710557 -0.04221065
 -0.03915269 -0.03626064 -0.03545833 -0.03403162 -0.03514197 -0.03223189
 -0.03239634 -0.02716953 -0.02898885 -0.02765852 -0.02510166 -0.02555422
 -0.02499499 -0.02385314 -0.02101746 -0.02006381 -0.02258634 -0.0177584
 -0.02058424 -0.01892257 -0.01825838 -0.01722923 -0.01650649 -0.01565046
 -0.01694399 -0.01660129 -0.01572708 -0.01553342]
Model Evaluation Run Time [s] = 41.39866232872009
Evaluating Model:
l= 55.11220665152161
rc= 40.23213671859203
tc= 289.0877011244223
ts= 12.45770569025543
tfb= 2.869450774817566
Ng= 7.933811724666788
voff= 5.783455083196256
Number of GMCs and HII Regions 1269 301
[ 1.95162721e-01  1.51226849e-01  5.92416716e-02  1.12182786e-02
 -6.21632937e-03 -5.81291857e-03 -3.93540950e-03 -4.81682869e-03
 -4.82901560e-03 -7.33502429e-03 -3.26956896e-03 -6.29918473e-03
 -4.55569070e-03 -7.05273629e-03 -3.96242738e-03 -4.94675044e-03
 -5.67441407e-03 -2.95662485e-03 -5.25016357e-03 -3.28262745e-03
 -1.49792366e-03 -1.66586597e-03 -3.32379352e-03 -2.25292175e-03
 -1.87407734e-03 -3.32581760e-04 -2.81448749e-03 -2.63763159e-03
 -1.56850907e-03 -1.14112704e-03 -3.31881783e-03 -1.30507997e-04
 -1.13581096e-03 -2.51078053e-05 -1.01210773e-03 -1.14187088e-03
 -5.02085850e-04 -2.06323189e-03  8.00364713e-04  1.18925764e-03]
Model Evaluation Run Time [s] = 43.279053926467896
Evaluating Model:
l= 75.41489976274784
rc= 87.87567087513318
tc= 72.85324079072663
ts= 7.42002481696643
tfb= 7.393278458546732
Ng= 5.031295963954239
voff= 21.689195115308085
Number of GMCs and HII Regions 703 2
[ 0.15287878 -0.20232855 -0.12423348 -0.04058303 -0.07048955 -0.09092593
 -0.03208258  0.04106786  0.03523384 -0.02962528 -0.05665293 -0.07515801
 -0.02508146 -0.02534113 -0.00662404 -0.02859171 -0.02060537 -0.04516709
 -0.08786817 -0.06179433 -0.06593653 -0.03212333 -0.02231915 -0.04656928
 -0.11611633 -0.05179368 -0.03267795 -0.03634782 -0.05468948 -0.04697885
 -0.0080446  -0.02532478 -0.002373   -0.01170832 -0.03378451 -0.05618174
 -0.0040574  -0.06956759 -0.07922406 -0.05894931]
Model Evaluation Run Time [s] = 13.212942838668823
Evaluating Model:
l= 63.36615233913926
rc= 92.61380526134919
tc= 23.554740292529345
ts= 7.643024917901261
tfb= 8.265814790988436
Ng= 4.6925092806646065
voff= 24.87987350860351
Number of GMCs and HII Regions 996 0
[nan nan nan nan nan nan nan nan nan nan nan nan nan nan nan nan nan nan
 nan nan nan nan nan nan nan nan nan nan nan nan nan nan nan nan nan nan
 nan nan nan nan]
Model Evaluation Run Time [s] = 9.40389084815979
Evaluating Model:
l= 83.36528687891202
rc= 82.66174973350925
tc= 397.19978732447436
ts= 10.063269798189774
tfb= 2.7651803266583297
Ng= 9.31480757645925
voff= 29.051865741896307
Number of GMCs and HII Regions 565 81
[-0.09065961 -0.07417656 -0.05057261 -0.03405525 -0.02824355 -0.02402497
 -0.01466787 -0.02559552 -0.0174562  -0.01293351 -0.01575504 -0.02396357
 -0.0154496  -0.02362999 -0.01899826 -0.02638926 -0.02380905 -0.0202523
 -0.0183726  -0.0223526  -0.02422074 -0.02172408 -0.02791922 -0.02679811
 -0.016515   -0.01822486 -0.01821905 -0.01482687 -0.01709572 -0.00971506
 -0.01920565 -0.00953346 -0.01437167 -0.01867305 -0.01642327 -0.0099499
 -0.01621468 -0.01327495 -0.01353515 -0.01495592]
Model Evaluation Run Time [s] = 16.14577865600586
Evaluating Model:
l= 155.21929117631345
rc= 56.49282933703671
tc= 399.3798656373199
ts= 5.942992664611967
tfb= 1.614069338410654
Ng= 7.2752358631319165
voff= 0.5558657806399159
Number of GMCs and HII Regions 163 19
[ 2.43920519e+00  2.02337120e+00  6.88561841e-02 -4.93660474e-02
  4.52389957e-02  2.69500125e-02 -6.13771415e-03 -5.72699360e-02
 -1.84924538e-02 -2.51717213e-02 -4.20331817e-02 -3.31464402e-02
 -8.14767854e-04  2.78688848e-02  2.91471025e-02  2.61360955e-03
 -5.17143939e-02 -3.47245287e-03 -1.26951729e-02 -9.27908829e-03
 -8.01589647e-03 -5.69383617e-02 -3.10422992e-02 -2.11167464e-02
  6.87177120e-03 -1.82000137e-02 -3.62441010e-02  9.36277884e-03
 -3.87043050e-02  6.87092139e-03 -2.68236382e-02 -3.04429320e-02
  1.46456465e-02  1.53169746e-03 -2.53495528e-02 -4.19780590e-03
 -9.97802536e-03 -3.62485873e-02 -9.55146635e-03 -1.07938195e-03]
Model Evaluation Run Time [s] = 3.305155038833618
Evaluating Model:
l= 72.27097630882143
rc= 28.156590076487404
tc= 152.88009744025388
ts= 10.2037997193512
tfb= 3.4062105495427946
Ng= 8.687056853134326
voff= 2.3467855753264817
Number of GMCs and HII Regions 733 254
[ 9.76684794e-01  9.90217219e-02  7.41252699e-03 -1.88412585e-03
 -4.42071328e-03 -8.18255141e-04 -2.35536263e-03 -8.02772800e-03
 -5.73304790e-03 -1.82578078e-03 -5.64555782e-03 -1.78831490e-03
 -1.82489615e-03  1.12615047e-03 -2.84960178e-03 -2.15604814e-03
 -2.58920427e-03 -3.24787445e-03 -4.02270400e-03 -1.40039122e-03
 -3.75076588e-03 -7.37123016e-03 -4.07602963e-03 -6.62731606e-03
 -6.50557485e-03 -4.06859411e-03 -5.54068203e-03 -3.05587712e-03
 -4.21205497e-03 -6.47944776e-04 -5.97072346e-03 -1.28530161e-03
 -5.11193039e-03 -4.93620637e-03 -5.66737865e-03 -5.42251262e-03
 -5.81298329e-03 -2.84678775e-03 -6.80971524e-03 -2.85588493e-03]
Model Evaluation Run Time [s] = 20.3103129863739
Evaluating Model:
l= 52.79381196652169
rc= 45.52617667702242
tc= 365.6240963121048
ts= 14.568734978684269
tfb= 1.0752463073770002
Ng= 8.18122055532407
voff= 6.321729510431773
Number of GMCs and HII Regions 1386 438
[ 1.50500513e-01  1.08635415e-01  5.49331834e-02  1.72108078e-02
  7.19968768e-04 -4.59076248e-03 -3.96764934e-03 -4.87443217e-03
 -5.57903722e-03 -1.99358004e-03 -2.81323637e-03 -5.05280405e-03
 -1.55816874e-03 -1.71499381e-03 -2.46407133e-03 -1.53756609e-03
  1.99431065e-03 -3.87313270e-04  8.93427218e-04  4.36117144e-05
  2.56302984e-04 -1.32254036e-04 -4.86678779e-04  1.48469082e-03
  1.22771512e-03  2.45733257e-03  3.29308091e-03  1.77911163e-03
  2.25204652e-03  2.24199922e-03  2.50594315e-03  2.18207289e-03
  9.33633245e-04  2.71872139e-03  2.74976851e-03  1.94085069e-03
  3.20913493e-03  1.83602480e-03  1.02379212e-03  1.87330729e-03]
Model Evaluation Run Time [s] = 49.645111083984375
Evaluating Model:
l= 130.41930583551783
rc= 70.24792785695998
tc= 115.03655095625757
ts= 14.638556673016758
tfb= 8.220918337630241
Ng= 4.730413083904155
voff= 23.81943478405917
Number of GMCs and HII Regions 226 50
[-0.15341201 -0.16072307 -0.13103143 -0.12612221 -0.12114829 -0.0927883
 -0.04570954 -0.05932085 -0.01826902 -0.01352265  0.02027854 -0.00573289
  0.00522433  0.00386706 -0.01489201 -0.04548295 -0.04752095 -0.02985094
 -0.02206835 -0.03419222 -0.03605217 -0.03893448 -0.03322719 -0.04217592
 -0.04865505 -0.04598261 -0.04264573 -0.03558629 -0.0362451  -0.03678522
 -0.01378521 -0.02961875 -0.0307512  -0.02793724 -0.02427742 -0.02717163
 -0.0385772  -0.02948747 -0.0286038  -0.019691  ]
Model Evaluation Run Time [s] = 3.0309765338897705
Evaluating Model:
l= 74.18879689238953
rc= 88.17222177566846
tc= 138.11988550246986
ts= 6.22748893219666
tfb= 5.478546289734979
Ng= 2.7020309028773393
voff= 29.209250449719775
Number of GMCs and HII Regions 723 9
[-0.20838306 -0.01681652 -0.02258707 -0.02937303  0.02051618  0.02883764
  0.02980067  0.04760035  0.02336606  0.0315124   0.01795124 -0.00574143
  0.01321751  0.03693838  0.03379942  0.02950983  0.01327551  0.01543304
  0.04250399  0.03772674  0.01986337  0.02742474  0.02560583  0.04439072
  0.03840707 -0.00216535  0.01689654  0.01765143  0.01943124  0.0066159
  0.01857499  0.02889748 -0.0076301   0.00538412  0.02211012  0.00939028
  0.03718962  0.03300739  0.03659138  0.00164464]
Model Evaluation Run Time [s] = 10.97413444519043
Evaluating Model:
l= 79.62347264119892
rc= 48.077809413926
tc= 327.61150089422347
ts= 13.763680085279987
tfb= 3.1700633126609272
Ng= 7.3963896833044505
voff= 5.4342243481404235
Number of GMCs and HII Regions 610 148
[ 4.00753424e-01  2.98536409e-01  1.59985844e-01  3.80428957e-02
 -2.20755662e-04 -1.81819519e-02  1.52453542e-04 -9.66385926e-03
 -3.30078322e-03 -3.15619435e-03 -3.20902662e-03 -5.77656788e-03
 -8.83223275e-03 -3.99825845e-03 -8.90092735e-03 -4.90344543e-03
 -5.72090395e-03 -3.49830040e-03 -3.76769154e-03 -3.75335076e-03
 -7.64699117e-03  3.90255183e-03 -2.49397548e-03 -7.31010317e-03
  1.56123390e-03  1.25186124e-03 -1.08111353e-02 -3.39415728e-03
  1.11617827e-04 -2.13100651e-03 -6.93947096e-05 -4.50995826e-05
  3.10525638e-03 -2.37048221e-03 -3.98448363e-03 -6.19917171e-05
 -1.08457759e-02 -6.17900638e-03  2.44582217e-03  6.45035191e-04]
Model Evaluation Run Time [s] = 13.90066146850586
Evaluating Model:
l= 172.41957635310797
rc= 62.4965675473956
tc= 362.0771978235304
ts= 9.728883338700093
tfb= 2.348337259248955
Ng= 7.138927862764356
voff= 29.332989028756568
Number of GMCs and HII Regions 129 20
[-0.03146771  0.03357805  0.01970059  0.08497539  0.06080189  0.1889221
  0.1251008   0.08648848  0.03990898  0.08117968  0.0425825  -0.009712
 -0.04118008 -0.02319034 -0.02965069 -0.03936133 -0.01163609 -0.02123401
 -0.01980337 -0.04239372 -0.00122907 -0.00867456 -0.00685056 -0.03512741
 -0.01623215 -0.01225276 -0.00318503 -0.0071892  -0.00550617 -0.02484129
 -0.00749444 -0.01187919 -0.0280142  -0.02202934 -0.03164926 -0.02188977
 -0.02092112 -0.01115753 -0.01615404  0.0097265 ]
Model Evaluation Run Time [s] = 2.591663360595703
Evaluating Model:
l= 113.07690635630212
rc= 83.99969893313494
tc= 300.9607209023991
ts= 10.147610835446741
tfb= 3.878916137666878
Ng= 6.594884038834112
voff= 18.075482582932004
Number of GMCs and HII Regions 308 40
[ 1.21593893e-03  5.73905778e-02  5.98623097e-02  7.99180733e-02
  8.08215826e-02  9.12834730e-02  4.78047339e-02  3.70222977e-02
 -1.53150823e-04 -4.81561536e-03 -3.87697389e-02  4.14683420e-03
 -1.71813518e-02 -1.75581672e-03 -6.91523838e-03 -1.55682382e-02
  5.76418629e-04 -6.40226695e-03  7.42240231e-03 -1.02823037e-02
  2.21283342e-03 -8.08408972e-05  5.83518642e-04  3.92384842e-03
 -1.89980049e-03  8.28788607e-03  7.66911464e-03  2.46328245e-03
  1.75907188e-02  7.13267436e-03 -7.56167645e-03 -3.28706654e-04
  2.95762857e-03  6.57315152e-03 -9.87422444e-03 -1.61583067e-02
 -1.41489789e-02 -2.14602151e-04 -2.08702873e-02 -7.08226296e-03]
Model Evaluation Run Time [s] = 5.456941366195679
Evaluating Model:
l= 114.53180888012035
rc= 63.13582023292821
tc= 32.67693871068242
ts= 7.586859785023912
tfb= 3.729365399842739
Ng= 4.2980200553123
voff= 3.059581541082901
Number of GMCs and HII Regions 266 131
[ 1.12529229e+00  8.29367061e-01  2.42626760e-01 -1.08115167e-02
 -2.55214162e-03 -4.83793460e-03 -1.70543174e-02 -1.14982609e-02
  3.98259461e-06 -1.15454657e-02 -1.41118640e-02 -6.29617041e-03
 -7.83046326e-03 -1.53822515e-02 -1.12687927e-02 -6.22146666e-03
 -8.84018537e-03 -1.04879736e-02 -1.41582403e-02 -1.47995235e-02
 -9.69440668e-03 -6.09164554e-03 -8.63411287e-04 -6.04918058e-03
 -5.20996715e-03 -1.33563567e-02 -8.98945189e-03 -2.28224481e-03
 -9.83072082e-04 -7.17003899e-03 -8.13906343e-03 -1.00373441e-02
 -8.27734245e-03 -7.05968354e-03 -7.76013486e-03 -8.06639380e-04
 -9.45745995e-03 -9.20664782e-03 -8.59598911e-03 -8.82663390e-03]
Model Evaluation Run Time [s] = 4.168346405029297
Evaluating Model:
l= 81.84749310320989
rc= 87.9032484756952
tc= 143.64331051050948
ts= 6.428851992460604
tfb= 5.485871321500712
Ng= 3.2110457659260936
voff= 27.124188577710846
Number of GMCs and HII Regions 594 13
[-0.05429976 -0.04772082 -0.09073596 -0.00300309  0.03150062  0.02622057
  0.02939228  0.05366436  0.02100693  0.00028703 -0.01373931  0.00505532
 -0.01302282 -0.02925538  0.01939193 -0.01091641  0.01605389 -0.00693231
 -0.00208796 -0.02726842 -0.01715428 -0.00585084 -0.00406684  0.0062575
 -0.00623916  0.0063115   0.00554796 -0.00344686 -0.00430736 -0.01342594
  0.01345856 -0.01000911  0.01265353 -0.01481454  0.00998835 -0.00239267
 -0.00924002  0.00201288  0.01948187  0.01611276]
Model Evaluation Run Time [s] = 8.30857515335083
Evaluating Model:
l= 71.62299426719528
rc= 28.734455518797883
tc= 159.9578366999318
ts= 10.34901591259171
tfb= 3.3286621476270257
Ng= 8.670228282443887
voff= 2.4790272220648224
Number of GMCs and HII Regions 738 249
[ 0.94611824  0.09583739 -0.01018009 -0.01101228 -0.0048963  -0.00488557
 -0.00346766 -0.00782716 -0.00622967 -0.00104973 -0.00534856 -0.00226405
 -0.00783613 -0.00732703 -0.00176014 -0.00739222 -0.00126072 -0.00566837
 -0.00630442 -0.00775182 -0.00270009 -0.00262968 -0.00412302 -0.00680697
 -0.00378119 -0.00667415 -0.006445   -0.00786429 -0.00588374 -0.00338669
 -0.00471702 -0.00404661 -0.00481996 -0.01083781 -0.00771519 -0.00740172
 -0.00211073 -0.00856763 -0.00650038 -0.00835305]
Model Evaluation Run Time [s] = 21.814592361450195
Evaluating Model:
l= 69.39812008575008
rc= 26.671583241455323
tc= 120.02315288412255
ts= 8.851456261367016
tfb= 4.964843250871697
Ng= 8.226601506476337
voff= 2.851390918902982
Number of GMCs and HII Regions 810 207
[ 8.68379114e-01  1.13756635e-01 -7.05975278e-04 -2.35782582e-03
 -7.38323754e-04 -2.82670021e-03 -4.47434457e-03  6.29758184e-04
 -6.67055431e-04 -4.98935106e-03  1.75063217e-04  1.37791172e-03
 -1.14584792e-04  1.34539944e-03  2.78232181e-04  1.47388200e-03
  1.99120227e-03  3.31650921e-03  8.68200426e-04  4.98818551e-03
  5.81536299e-03  3.86099389e-04  3.22934151e-03  8.42988157e-04
  5.52578109e-03  1.13612171e-03  5.43714981e-03  3.51287545e-03
  4.54885643e-03  2.25346639e-03 -3.62298581e-04  5.41778977e-03
  5.69982848e-03  1.75044266e-03  5.97229671e-03  1.92680366e-03
  1.60040193e-03  2.84378355e-03  6.11890853e-03  3.40285070e-03]
Model Evaluation Run Time [s] = 22.647401571273804
Evaluating Model:
l= 97.55075365239743
rc= 85.57453594780743
tc= 468.71042508182484
ts= 11.17690127591503
tfb= 5.3591820336562135
Ng= 8.807462826644384
voff= 27.59283726236347
Number of GMCs and HII Regions 417 40
[-0.15215649 -0.09598996 -0.10613165 -0.09216867 -0.09771587 -0.05761719
 -0.0327683  -0.01276238 -0.02635751 -0.01912243 -0.00708551 -0.03796762
 -0.0283517  -0.02546098 -0.04016497 -0.03548897 -0.04757002 -0.04446948
 -0.04471115 -0.03306709 -0.02214455 -0.03294532 -0.02984215 -0.03081592
 -0.03873985 -0.03120661 -0.02420587 -0.02376672 -0.03024709 -0.02499822
 -0.03035525 -0.02269935 -0.02154512 -0.02205277 -0.02174231 -0.01276554
 -0.01431841 -0.01902037 -0.0171914  -0.01255392]
Model Evaluation Run Time [s] = 10.082793474197388
Evaluating Model:
l= 74.52669042556447
rc= 87.96931708438437
tc= 147.6596358350943
ts= 6.368728725537991
tfb= 5.3786356688541055
Ng= 2.945524273176341
voff= 29.203455284567056
Number of GMCs and HII Regions 716 14
[-0.00663649 -0.09162616 -0.06121134 -0.00982426  0.00041323 -0.01212282
 -0.01192578  0.00508121 -0.00916898 -0.00391091 -0.02818044 -0.02373913
  0.00570875 -0.00956199 -0.02814772 -0.02467074 -0.02748156 -0.01464689
  0.00089368 -0.03500659 -0.03181967 -0.00357285 -0.02838464 -0.03524056
 -0.01360815 -0.02025929 -0.02627229 -0.02828921 -0.0205434  -0.00375089
 -0.01269908 -0.03575294 -0.01629635 -0.04540995 -0.01190001 -0.00688044
 -0.0349871  -0.00384965 -0.01025296 -0.01925013]
Model Evaluation Run Time [s] = 10.009392499923706
MCMC Total Run Time [s] = 152.6198275089264
(16, 2, 7)
[ 84.32794454  75.84407445 217.92939769   9.89607657   4.44237842
   6.21889677  10.34346706]
Best-fit Parameters: [155.21929118  56.49282934 399.37986564   5.94299266   1.61406934
   7.27523586   0.55586578]
Evaluating Model:
l= 155.21929117631345
rc= 56.49282933703671
tc= 399.3798656373199
ts= 5.942992664611967
tfb= 1.614069338410654
Ng= 7.2752358631319165
voff= 0.5558657806399159
Number of GMCs and HII Regions 163 19
[ 2.43920519e+00  2.02337120e+00  6.88561841e-02 -4.93660474e-02
  4.52389957e-02  2.69500125e-02 -6.13771415e-03 -5.72699360e-02
 -1.84924538e-02 -2.51717213e-02 -4.20331817e-02 -3.31464402e-02
 -8.14767854e-04  2.78688848e-02  2.91471025e-02  2.61360955e-03
 -5.17143939e-02 -3.47245287e-03 -1.26951729e-02 -9.27908829e-03
 -8.01589647e-03 -5.69383617e-02 -3.10422992e-02 -2.11167464e-02
  6.87177120e-03 -1.82000137e-02 -3.62441010e-02  9.36277884e-03
 -3.87043050e-02  6.87092139e-03 -2.68236382e-02 -3.04429320e-02
  1.46456465e-02  1.53169746e-03 -2.53495528e-02 -4.19780590e-03
 -9.97802536e-03 -3.62485873e-02 -9.55146635e-03 -1.07938195e-03]
Model Evaluation Run Time [s] = 2.832853078842163
