NGC3627
Starting MCMC
Evaluating Model:
l= 157.5143572938818
rc= 73.89571212995142
tc= 279.00175111130596
ts= 13.250189671058976
tfb= 5.326648320112191
Ng= 3.894353940389218
voff= 7.500591488409861
Number of GMCs and HII Regions 157 14
[ 7.41367955e-01  5.72518968e-01  5.06771392e-01  3.77424768e-01
  2.73926123e-01  7.73543085e-02 -1.59186727e-02 -8.16352475e-03
  1.13687047e-02 -1.06221363e-02  2.57018700e-02  1.52540652e-02
 -1.37957235e-02  4.45134831e-03 -3.01118242e-02 -3.93040694e-02
  1.26010903e-03 -3.55565761e-02 -1.88797386e-02  2.23754154e-02
  2.40301225e-02  5.33934998e-03 -4.05337440e-02  2.32617906e-02
 -1.67960528e-03  3.08319360e-02 -5.13707221e-03  3.38326741e-02
  2.10209138e-02 -2.17491099e-02 -4.06590845e-04 -8.32091689e-03
 -5.91017041e-03  1.84987756e-02  1.25464473e-03 -1.44880996e-02
  2.20272373e-02 -2.26988171e-03 -1.88827663e-02 -1.27791509e-02]
Model Evaluation Run Time [s] = 1.565647840499878
Evaluating Model:
l= 187.45733813124434
rc= 46.52709423024171
tc= 496.36868867644444
ts= 8.299181304074885
tfb= 1.4981261839106454
Ng= 7.879761826535221
voff= 5.612939902497274
Number of GMCs and HII Regions 112 13
[ 4.00690825e+00  2.07446674e+00  3.95522979e-01 -2.38676756e-02
 -1.13794558e-01  3.38513704e-02  6.74894561e-02 -2.41232490e-02
 -2.61342344e-02 -7.32565386e-02  5.61817318e-02  8.39584665e-05
 -6.27875813e-02 -6.84809301e-03 -1.41600512e-02 -3.57135412e-02
 -6.79283116e-03 -5.47486185e-02  1.88243702e-02  2.85258936e-03
 -3.28471913e-02 -1.35123485e-02  1.03785117e-02 -2.72600758e-02
  1.90558854e-02  9.99677417e-03  2.95776235e-02 -1.41865440e-02
 -2.18672209e-03 -1.22643500e-02  2.61158970e-02 -1.19317720e-02
 -3.31679973e-02 -1.81403874e-02 -1.09242031e-02 -7.36838908e-03
 -1.77819228e-02  6.23125427e-03 -1.63169301e-02 -3.87242021e-02]
Model Evaluation Run Time [s] = 2.0991201400756836
Evaluating Model:
l= 81.07555209061283
rc= 78.65305234161201
tc= 474.1746673445241
ts= 8.185448955557177
tfb= 9.701244532061859
Ng= 9.405496869487838
voff= 18.867135910014103
Number of GMCs and HII Regions 608 0
[nan nan nan nan nan nan nan nan nan nan nan nan nan nan nan nan nan nan
 nan nan nan nan nan nan nan nan nan nan nan nan nan nan nan nan nan nan
 nan nan nan nan]
Model Evaluation Run Time [s] = 12.52446961402893
Evaluating Model:
l= 163.70084827323728
rc= 91.01852322251436
tc= 363.38467420856017
ts= 7.1117571041555845
tfb= 3.6981601881081625
Ng= 7.770123756063582
voff= 2.4905210345025353
Number of GMCs and HII Regions 149 16
[ 1.08634954e+00  1.01918442e+00  1.06548181e+00  3.35031883e-01
  4.75541130e-02  7.17392033e-02 -7.34342026e-02  1.03043880e-01
 -1.74271967e-02 -3.17808140e-02 -1.68880799e-02 -6.16547090e-02
  2.69652113e-02 -6.23068944e-03 -2.97252551e-02  4.03475151e-02
 -2.47725104e-03  3.11779340e-03  3.17096028e-02  1.85552465e-02
  7.49815910e-03 -5.78575095e-03  3.67145286e-02  9.22164901e-03
  3.50957125e-02 -6.57697379e-03 -3.00420052e-02  6.12671768e-03
  1.31339433e-02 -5.84513243e-06 -1.97991669e-02  5.90089154e-03
  1.87209476e-02  4.00350390e-02  3.35408075e-02 -1.71371072e-02
  1.27103071e-02 -3.87267644e-03  1.10491220e-02 -7.53338609e-03]
Model Evaluation Run Time [s] = 2.8292524814605713
Evaluating Model:
l= 145.60713977610982
rc= 60.37992099113842
tc= 340.5754715115056
ts= 9.337943203678618
tfb= 5.56662522930209
Ng= 6.153799462621075
voff= 15.481424256651486
Number of GMCs and HII Regions 187 18
[-3.83762666e-02 -2.33242492e-02  2.23281844e-01  2.43966497e-01
  3.09103254e-01  2.24874691e-01  8.16123906e-02 -1.34138960e-02
 -2.88077257e-02 -3.25941245e-02 -7.30431850e-02 -5.86436538e-02
 -1.65873460e-02 -5.56633155e-02 -1.13923159e-02 -1.41890092e-02
 -4.79331509e-02 -1.46258395e-02  1.22058702e-02 -4.77575754e-03
 -2.93546469e-02 -3.90473143e-02  2.28195049e-02 -1.66668097e-02
 -4.56037999e-03 -1.33523753e-02 -1.11372767e-02 -4.62602737e-03
 -2.25664768e-02  1.07452985e-02  1.91177239e-02  1.39507992e-02
  7.80380363e-05  4.15301927e-03 -3.99300500e-02  3.08470714e-02
 -1.08316741e-02  2.07435984e-03 -8.93397568e-03 -8.64756768e-03]
Model Evaluation Run Time [s] = 2.891740322113037
Evaluating Model:
l= 138.14713640340085
rc= 96.12389057318899
tc= 469.0403115062193
ts= 9.266602018654611
tfb= 7.847323868079611
Ng= 4.160494958857031
voff= 24.29083227074439
Number of GMCs and HII Regions 207 3
[-0.16328929 -0.10682805 -0.0453467  -0.13488294 -0.13202588  0.08063924
  0.07181815  0.11359853  0.09616334 -0.01444992  0.08119431  0.04569629
 -0.02064354 -0.03313168 -0.04628676 -0.05949362  0.0394526   0.01098106
 -0.02877672 -0.03384776 -0.10430903 -0.05097434 -0.04070388 -0.04416418
  0.00728809  0.03025314  0.00595645 -0.02287673 -0.07186356  0.03487217
  0.00674518  0.01934784 -0.07412831 -0.02584458 -0.07885086 -0.10864775
 -0.05317641 -0.02688333 -0.06575759  0.00284384]
Model Evaluation Run Time [s] = 2.5859251022338867
Evaluating Model:
l= 105.55244541416178
rc= 33.54670421072846
tc= 161.10534708819495
ts= 14.502284021757516
tfb= 6.693291471312957
Ng= 6.564873035669694
voff= 4.895418942225385
Number of GMCs and HII Regions 341 99
[ 5.20884561e-01  6.45657686e-01  3.33183867e-01  4.11155003e-02
 -8.93411102e-03 -3.73606996e-03 -1.30353531e-02 -5.70149923e-03
  1.35564869e-03 -3.20561331e-03 -1.38581697e-02  1.74821733e-03
 -2.39137321e-03 -5.85159148e-03 -1.35625708e-03 -1.46770123e-02
 -1.22179401e-02 -6.18227855e-03 -1.13776779e-02 -2.10802423e-02
 -7.64634520e-03 -7.55598229e-04 -5.03066477e-03  5.00461930e-03
  2.16767668e-04 -1.90172263e-03  6.94122189e-03  3.50118614e-03
 -1.93826726e-03  5.09695467e-03 -9.48433776e-03 -1.08545533e-03
 -3.23770855e-03 -2.53716624e-03 -1.26523283e-02 -4.63122068e-04
 -5.27690463e-03 -2.11616258e-03 -3.10862192e-03 -1.15803883e-03]
Model Evaluation Run Time [s] = 6.700996398925781
Evaluating Model:
l= 194.68994310452268
rc= 56.21840853178693
tc= 245.15955117080657
ts= 11.27799565377522
tfb= 8.562599144565548
Ng= 3.789741485928398
voff= 15.842511080621813
Number of GMCs and HII Regions 104 4
[ 0.25663514 -0.04455197 -0.18666832  0.29101439  0.36181231  0.46866966
  0.47072504  0.23708554 -0.08251701 -0.05259295 -0.13505587 -0.05819374
  0.01783062 -0.1008356  -0.11264882 -0.03161609 -0.01088758 -0.00184105
  0.01358774 -0.02757499 -0.03442014 -0.05141079 -0.11817488 -0.10657239
 -0.08958386 -0.02251301 -0.04006709 -0.04615707 -0.11185505 -0.11433643
 -0.00143229  0.08833017  0.06400436 -0.00120095 -0.05222416 -0.01438169
 -0.04084441  0.02166305 -0.04309827 -0.07853473]
Model Evaluation Run Time [s] = 0.9835138320922852
Evaluating Model:
l= 130.26800149119532
rc= 66.52632957290379
tc= 309.254539588982
ts= 12.18371915618406
tfb= 5.166224313606163
Ng= 5.226291330473258
voff= 8.157610288514125
Number of GMCs and HII Regions 231 28
[ 0.46855363  0.43537264  0.32590374  0.30614479  0.16517878  0.05486585
 -0.01568888 -0.01659314 -0.02132161 -0.01580001  0.00681503 -0.03211758
 -0.01280082 -0.0056653  -0.02629895 -0.01534113 -0.02295265 -0.01260018
 -0.00611742 -0.03483565 -0.01925022 -0.01438511 -0.01643697 -0.03108725
 -0.00839839  0.00406522 -0.01731146 -0.00938274  0.00350332 -0.00675493
 -0.00854974 -0.0174686   0.00217508 -0.02327127  0.00403263 -0.00627154
 -0.00966647 -0.0060239  -0.0153741  -0.0029525 ]
Model Evaluation Run Time [s] = 3.262753963470459
Evaluating Model:
l= 131.86348593870568
rc= 33.363223011246816
tc= 140.27534348275478
ts= 12.972983232519294
tfb= 6.427988015236196
Ng= 4.848107793265912
voff= 10.805001287722408
Number of GMCs and HII Regions 222 43
[-0.05847459  0.03372257  0.26404331  0.38461384  0.2540676   0.1128837
 -0.00042594 -0.01404837 -0.00852654 -0.00610644  0.00516385 -0.02649753
 -0.00655729  0.00152142 -0.01045682  0.004269    0.0061284  -0.00593675
 -0.00858869 -0.00599179  0.00310276 -0.01458618 -0.0025341  -0.00401332
  0.00733696  0.00614434  0.0009885  -0.00135108 -0.00834737 -0.00743713
 -0.01017384 -0.00304582 -0.00651295  0.00390503  0.00279337 -0.01507584
 -0.00552817 -0.00466986  0.00353974 -0.00058662]
Model Evaluation Run Time [s] = 3.0669314861297607
Evaluating Model:
l= 130.87345890009541
rc= 93.64330610804647
tc= 70.42674480146803
ts= 7.229704959764822
tfb= 1.099181352471664
Ng= 7.06851857518748
voff= 1.5339368946081022
Number of GMCs and HII Regions 219 128
[ 0.64005921  0.67433555  0.65546208  0.21117138  0.0043448  -0.00784332
 -0.00675625  0.00687633 -0.01018163 -0.00732798 -0.0108954  -0.01193996
 -0.00224934 -0.0148483   0.00608273 -0.0034192  -0.00126905 -0.00307879
 -0.01874837 -0.00408887 -0.00294332 -0.00570415 -0.00318958 -0.0116109
 -0.00628986 -0.0147867  -0.00663387 -0.00389084 -0.01684655 -0.01904311
 -0.00079057 -0.00802318 -0.01422964 -0.00825091 -0.01305287 -0.01117387
 -0.01417688 -0.00627342 -0.00668265 -0.0030181 ]
Model Evaluation Run Time [s] = 4.537768602371216
Evaluating Model:
l= 155.3528646129191
rc= 33.19941879490643
tc= 121.67920160775012
ts= 11.607688488220589
tfb= 6.191136365923759
Ng= 3.3154527530392466
voff= 16.08082522901947
Number of GMCs and HII Regions 158 26
[-0.132873   -0.07237921 -0.00561657  0.1565446   0.26576059  0.2463747
  0.236935    0.05389506 -0.01094385 -0.05840878 -0.00126278 -0.04684933
 -0.03618751 -0.00561851 -0.02566161 -0.01581942 -0.0265787   0.02660251
 -0.0352901  -0.00291598 -0.01761554 -0.02638252  0.0021832  -0.00097862
 -0.01473749 -0.00759892 -0.02383762 -0.01964403 -0.02729874 -0.03305227
  0.02190926 -0.00865532 -0.01983734 -0.02720258 -0.03484034 -0.01577765
 -0.0166009  -0.03364017 -0.01127437  0.00066442]
Model Evaluation Run Time [s] = 1.6435205936431885
Evaluating Model:
l= 98.20787812987685
rc= 32.03639741222277
tc= 387.59812775321205
ts= 10.403942015250344
tfb= 8.564811522747853
Ng= 5.4183524022024105
voff= 2.5474837683038736
Number of GMCs and HII Regions 414 17
[ 1.34806823e+00  4.18158728e-01  3.23895644e-02 -2.54449920e-02
  2.20717150e-03 -3.74848711e-03 -4.65262194e-04  5.67010675e-02
 -9.35316963e-03 -8.94593581e-03 -2.59232920e-02 -1.45552714e-03
 -1.61145039e-02 -1.74844973e-02 -2.95370432e-02 -1.15639852e-02
  7.69994425e-03  5.55473092e-03 -9.34835774e-03  1.66035252e-02
 -1.58261504e-02 -8.95160905e-03  7.21720258e-03  2.43646191e-02
 -4.87691787e-03  1.13303868e-02  9.83252036e-03  1.25494644e-02
  5.78836247e-03  2.01473334e-02 -2.41382014e-03 -3.68128079e-02
 -9.35645349e-04  7.74911524e-03  2.78016412e-02  1.49446484e-02
 -1.18268196e-02 -8.80858095e-03 -8.70537055e-03  2.10738319e-02]
Model Evaluation Run Time [s] = 6.369040012359619
Evaluating Model:
l= 93.86548211539363
rc= 35.702554896477835
tc= 447.61264646410586
ts= 9.149010441608386
tfb= 9.656273716920328
Ng= 5.967068440816212
voff= 0.5279821722322431
Number of GMCs and HII Regions 453 0
[nan nan nan nan nan nan nan nan nan nan nan nan nan nan nan nan nan nan
 nan nan nan nan nan nan nan nan nan nan nan nan nan nan nan nan nan nan
 nan nan nan nan]
Model Evaluation Run Time [s] = 5.407674074172974
Evaluating Model:
l= 249.84780337843182
rc= 70.04302962406504
tc= 163.72879917755853
ts= 11.777683637011545
tfb= 8.561334349427874
Ng= 2.8586804293059953
voff= 23.443149178732032
Number of GMCs and HII Regions 63 1
[ 0.49049955 -0.2268532  -0.36785069  0.03721613 -0.0686299  -0.17501586
  0.00779239  0.30788024  0.59633445  0.54021994  0.28938935  0.30686202
 -0.00440533  0.10243276  0.1883791  -0.06514258  0.14435124 -0.03595909
 -0.06663897 -0.03124967 -0.07296068 -0.00110642 -0.03610676  0.06084508
 -0.07630397 -0.10201357 -0.04220562 -0.11921349 -0.06252339  0.02005835
  0.11115811 -0.11827274 -0.05873525  0.01647326  0.02308924 -0.0033095
 -0.0272394  -0.01995904 -0.10462466 -0.0881713 ]
Model Evaluation Run Time [s] = 0.4241456985473633
Evaluating Model:
l= 116.28578067655165
rc= 59.03417412545744
tc= 222.91199715793954
ts= 8.021781021503617
tfb= 4.76395219730386
Ng= 5.5500837747191
voff= 18.49617880197414
Number of GMCs and HII Regions 290 21
[-3.29264293e-02 -2.92942249e-02  4.51175169e-02  1.46687398e-01
  1.75095971e-01  1.14601301e-01  6.96491113e-02  1.14507817e-02
 -3.52415177e-03 -2.33271262e-02  5.02093393e-03 -1.59622049e-02
 -1.61244102e-02  1.59874826e-02 -9.63349849e-03 -9.56641089e-03
  9.39516615e-03 -1.22257113e-02  5.16483353e-03 -1.14011381e-03
  1.54043553e-02 -1.62776496e-03  1.22773285e-02  3.30206702e-02
 -1.14736640e-02 -1.86797163e-03  1.18303359e-03  1.51419008e-04
  1.17127021e-02  7.33090671e-04  2.25743927e-03 -1.22099642e-02
 -1.47594952e-02  3.80731595e-03 -1.23889588e-04 -1.27468979e-02
  1.54511180e-02  6.79994784e-03  5.92166933e-03  1.27726607e-02]
Model Evaluation Run Time [s] = 4.596240520477295
Evaluating Model:
l= 136.74810610598053
rc= 24.155023050899032
tc= 7.4068163017723805
ts= 17.951403326447817
tfb= 8.01107359146395
Ng= 5.128266612655876
voff= 1.527113782376297
Number of GMCs and HII Regions 89 613
[ 0.0091297   0.00360163 -0.00223915 -0.00868076 -0.00168207  0.00834046
  0.0023231  -0.00072555 -0.00497414 -0.00119185  0.0032629   0.00168748
 -0.0052951   0.01128795 -0.00182113  0.00549881  0.0136947   0.01568399
  0.00791232 -0.00079727  0.00250194  0.00707774  0.00653658  0.00084014
  0.0017686   0.00257072 -0.00227321  0.00013739 -0.00197988 -0.00074099
 -0.00243844 -0.0002089  -0.00381639  0.0003804  -0.0040224   0.00404524
  0.00916055  0.00644102  0.00259622  0.00251008]
Model Evaluation Run Time [s] = 2.698582887649536
Evaluating Model:
l= 167.62100245573504
rc= 61.39027956974481
tc= 428.9147452140687
ts= 10.326090221152748
tfb= 6.169255340786715
Ng= 6.607056564581598
voff= 13.218009646565799
Number of GMCs and HII Regions 139 9
[-1.50597769e-01  1.75769887e-01  2.69247906e-01  3.49109542e-01
  3.71637049e-01  2.00265107e-01  3.65515934e-02 -3.57520141e-02
 -2.15331590e-02 -6.43349302e-02  8.66425313e-03  1.25109864e-02
  9.26605138e-03  7.37274304e-03 -5.10716400e-02  2.56885968e-03
  4.48142644e-02 -3.10064641e-02 -5.30325222e-02 -4.20528328e-02
 -6.86953091e-03  2.53115611e-02  3.99294743e-02 -2.58668710e-04
 -1.08404360e-02 -3.18271441e-03 -2.10114320e-02 -7.74778666e-03
 -4.47328899e-02 -2.49213139e-02 -4.58993565e-02 -1.23238251e-02
 -4.14815174e-02 -7.23528916e-02 -5.95123833e-03 -5.26211034e-02
 -1.30398046e-02  3.03250712e-02  1.56753583e-02 -1.30784007e-02]
Model Evaluation Run Time [s] = 2.337747097015381
Evaluating Model:
l= 267.6721641828342
rc= 71.06889769813961
tc= 98.6130046906112
ts= 12.819070784775114
tfb= 7.770938086879055
Ng= 2.213673975897051
voff= 26.927998903093687
Number of GMCs and HII Regions 54 8
[-0.04304774  0.11770608 -0.00659199 -0.06688027 -0.24840255 -0.1880629
 -0.02462685  0.06404931  0.17066681  0.18871944  0.35388784  0.25118644
  0.19844762  0.05017146  0.05180624 -0.02450732 -0.04466656  0.05063603
 -0.04090166 -0.13382017 -0.04468602 -0.05243904 -0.10515638 -0.13524949
 -0.09457897 -0.07286745 -0.06255338 -0.0922959  -0.08885893 -0.11933759
 -0.11935536 -0.12509208 -0.20024991 -0.18881931 -0.14060227 -0.09903702
 -0.11668707 -0.13451222  0.02331322 -0.08833034]
Model Evaluation Run Time [s] = 0.442227840423584
Evaluating Model:
l= 59.54475397514831
rc= 47.39765525047824
tc= 387.78157135248614
ts= 9.415486268884393
tfb= 4.749812416110387
Ng= 8.68359543370688
voff= 9.86303113668085
Number of GMCs and HII Regions 1113 115
[ 0.05552674  0.0977352   0.08932854  0.05786061  0.00961283 -0.00760344
 -0.00789331  0.00236356 -0.00454547  0.0010338   0.00224091  0.00289627
  0.00126855  0.00360871  0.0036783   0.00375501  0.00497617  0.00091391
  0.00682671  0.00794427  0.01074286  0.00405648  0.00750309  0.00849839
  0.00848791  0.00313892  0.00776494  0.00213658  0.00260639  0.0049511
  0.00444513  0.00288024  0.00376948  0.0051111   0.00546938  0.00450331
  0.00543987  0.00308092  0.0044617   0.00095293]
Model Evaluation Run Time [s] = 34.57701659202576
Evaluating Model:
l= 164.45808683982827
rc= 60.05272484698575
tc= 427.03209008461636
ts= 10.329637657717074
tfb= 6.278412537358607
Ng= 6.552891433788287
voff= 12.731790746925817
Number of GMCs and HII Regions 146 7
[ 0.10893344  0.21030337  0.29021045  0.42106371  0.39577388  0.25233797
  0.03983889  0.02879782 -0.03463688 -0.00312042 -0.03834814 -0.04440613
  0.01000479 -0.03187775 -0.00715288  0.00370014 -0.01097381  0.0062206
  0.00830386 -0.00044067 -0.01330715 -0.04396388 -0.01467876 -0.00808311
  0.00376263 -0.01325624  0.01358196 -0.01695464 -0.00824996 -0.02568208
 -0.0262877  -0.00744062 -0.04313086  0.0023513  -0.02992226 -0.00210339
 -0.00060591 -0.00829383  0.00375192 -0.00332127]
Model Evaluation Run Time [s] = 2.183420181274414
Evaluating Model:
l= 159.44288926751898
rc= 83.30764874169438
tc= 333.5458209128102
ts= 7.895643040295113
tfb= 4.063249948322786
Ng= 7.379330572479017
voff= 3.602507501850863
Number of GMCs and HII Regions 155 12
[ 9.98741007e-01  1.13548200e+00  7.43840520e-01  2.11729952e-01
 -8.28623050e-02 -1.56286585e-02  2.42133074e-03 -3.85544901e-02
 -1.86285160e-02 -4.66606586e-02 -2.97409036e-02  3.60583376e-02
 -5.50091741e-02 -1.84159253e-02 -3.40602000e-02  1.37795751e-02
 -2.24428672e-02 -8.01881062e-03 -8.65432110e-03  3.04051472e-02
 -2.61997663e-02  4.51059904e-03 -1.87491956e-02 -2.80941587e-02
 -3.19789365e-02 -9.76696122e-03 -1.29572571e-02 -3.82524036e-02
  6.23081125e-04 -2.30614461e-02 -1.62602216e-03 -1.60192495e-02
 -1.83953966e-02 -1.67371097e-02 -3.12487725e-02 -2.65713350e-02
 -2.14250269e-03 -2.52389192e-02 -4.11261012e-02 -4.43261976e-02]
Model Evaluation Run Time [s] = 2.6309123039245605
Evaluating Model:
l= 98.63911854835472
rc= 32.125075929364435
tc= 374.29947614644044
ts= 10.644578482116568
tfb= 8.454924165340508
Ng= 5.485671009089961
voff= 2.685344108848007
Number of GMCs and HII Regions 410 15
[ 1.27370607e+00  4.40818936e-01 -1.30636044e-02  5.98594834e-02
 -8.87620757e-03 -2.97391558e-02 -3.86338949e-02 -1.45789814e-02
  5.67277398e-03 -1.26418987e-02  1.33990647e-02  7.79175555e-03
  1.10778347e-02  1.08531208e-03 -2.03442317e-02 -6.32562739e-03
  1.30230390e-02  8.63156100e-03 -1.08414626e-02  9.63931196e-03
  1.91911339e-02  2.82976204e-02  9.16929521e-03  7.60345056e-03
  2.32060547e-02  5.64394545e-03  3.71285458e-03 -4.23670268e-03
  6.91626293e-03  1.51482946e-02  4.90941818e-04  2.98736203e-02
  4.56629413e-03 -2.48540851e-03  6.75614813e-03  9.14466986e-03
  3.59108626e-03 -1.80695725e-03  5.13287161e-02  1.99576254e-02]
Model Evaluation Run Time [s] = 6.149389266967773
Evaluating Model:
l= 92.59814853455741
rc= 91.61387862063766
tc= 282.1771642451923
ts= 9.717271433704328
tfb= 5.755548225459375
Ng= 1.393098793798118
voff= 26.799481140192075
Number of GMCs and HII Regions 457 6
[-0.12881383 -0.10062665 -0.1739268  -0.06097611 -0.10409269 -0.05271973
 -0.02145398 -0.00753265 -0.03841994 -0.00711057 -0.0464142  -0.02633816
 -0.05737048 -0.03515503 -0.00517757 -0.01386716 -0.01131577 -0.03959328
 -0.05436756 -0.04082046 -0.01406169 -0.03097366 -0.03257921 -0.02312643
 -0.00181303  0.00176046  0.02099488 -0.00926071 -0.02115761 -0.04647988
 -0.01850022 -0.02639079 -0.01322567 -0.03068124 -0.00505004 -0.01440083
 -0.00603011 -0.01026428 -0.00617914 -0.02228775]
Model Evaluation Run Time [s] = 3.9980621337890625
Evaluating Model:
l= 128.3364498146803
rc= 26.97600021150791
tc= 115.55863922790715
ts= 13.622307007164974
tfb= 6.73040632669937
Ng= 4.524398317981021
voff= 11.726103730112715
Number of GMCs and HII Regions 230 55
[-2.41921467e-02 -3.04352434e-02  1.17790492e-01  3.01523337e-01
  2.51516934e-01  1.82905528e-01  6.93544848e-02 -2.15623227e-02
 -1.73982943e-02 -2.46125145e-02  1.55339893e-02 -7.30805334e-03
 -3.57885384e-04 -8.02543607e-03 -4.38916350e-04  4.50093175e-04
 -1.17489735e-02  4.32589279e-03  1.93870539e-03 -9.77325066e-03
 -1.36112198e-02 -6.44637322e-03 -1.13780530e-02 -1.74863430e-02
 -2.89679787e-04 -2.90957989e-03  1.49342537e-03  1.26755682e-03
 -1.09923967e-02 -2.96553238e-03 -7.43284828e-03  1.45290194e-02
  5.51431637e-03  3.23150844e-03  8.08752500e-03 -9.57179043e-03
 -3.36129477e-03  1.01094808e-03 -4.37801946e-03 -1.40054716e-03]
Model Evaluation Run Time [s] = 3.2504732608795166
Evaluating Model:
l= 161.87526090627338
rc= 27.148263556570768
tc= 79.58495645462664
ts= 7.403304317927116
tfb= 9.117942073497945
Ng= 1.4398540386218628
voff= 6.057131049937494
Number of GMCs and HII Regions 152 0
[nan nan nan nan nan nan nan nan nan nan nan nan nan nan nan nan nan nan
 nan nan nan nan nan nan nan nan nan nan nan nan nan nan nan nan nan nan
 nan nan nan nan]
Model Evaluation Run Time [s] = 0.44317150115966797
Evaluating Model:
l= 127.26326128858038
rc= 88.28036260961835
tc= 306.5403525107658
ts= 14.855034067104917
tfb= 2.6934400753895718
Ng= 3.979480814229593
voff= 0.7124749073316146
Number of GMCs and HII Regions 239 30
[ 8.21387451e-01  6.77971741e-01  6.41123959e-01  1.17381267e-01
  3.00134641e-02  2.00531631e-02  1.39604938e-02 -2.05862060e-02
  7.23737119e-04 -2.16562907e-02 -1.38120900e-02 -2.23447497e-02
  3.57663450e-02 -1.08834763e-02 -2.35980957e-02  1.35271064e-02
  1.25488675e-03 -1.68831412e-02 -2.62929439e-02  8.35127994e-03
 -5.70779182e-03  1.91494777e-02  1.13850804e-03 -9.54626061e-03
  4.52214644e-03  1.69198576e-03 -5.63542769e-03  1.26757133e-03
 -1.39177381e-02 -2.65602384e-03 -1.67107017e-03  3.49339607e-03
  3.27198551e-03  6.82052451e-03 -1.85255459e-03  4.08159000e-03
 -1.24132594e-02 -1.80431626e-02  4.12513894e-03  5.21704553e-03]
Model Evaluation Run Time [s] = 2.2807466983795166
Evaluating Model:
l= 109.2189514920089
rc= 30.816257810134687
tc= 201.49718712265692
ts= 14.121616595673746
tfb= 5.067118558390738
Ng= 4.484972632512133
voff= 13.440475999087354
Number of GMCs and HII Regions 319 59
[-0.0509754  -0.01987633  0.06151706  0.16961984  0.11637286  0.11781394
  0.05185546  0.03719294 -0.01530115 -0.02079106 -0.0124541  -0.01311502
 -0.01155095 -0.0166038  -0.004983   -0.00423792 -0.00918846 -0.0080685
 -0.01078643 -0.00807736 -0.01928326 -0.00714327 -0.00963133 -0.0073469
 -0.01296327 -0.01408352 -0.01182713 -0.01631354 -0.00175762 -0.00061901
 -0.0121081  -0.01728208 -0.00420519  0.00121812  0.00020292  0.0040842
 -0.00317251 -0.00824389 -0.0077929  -0.01357773]
Model Evaluation Run Time [s] = 5.0394392013549805
Evaluating Model:
l= 127.47386213174329
rc= 87.23170580056218
tc= 103.4356423343591
ts= 7.560056534155027
tfb= 1.8761500027190294
Ng= 6.896781246272801
voff= 1.639419503370747
Number of GMCs and HII Regions 229 76
[ 0.66556691  0.76341908  0.67835666  0.0792366  -0.01284797 -0.02598556
 -0.02023461 -0.0201024  -0.01564443 -0.01805875 -0.01273353 -0.00733445
 -0.03471242 -0.01120595 -0.00692203 -0.00811901 -0.01183299 -0.0121778
 -0.01675874 -0.00533716 -0.01970897 -0.01369807 -0.01576733 -0.00532107
 -0.00864141 -0.01778548 -0.01563294 -0.01491713 -0.00162096 -0.01593468
  0.00189714 -0.01032847 -0.01458053 -0.0058641   0.00681917 -0.00551636
  0.00207096 -0.00715082 -0.00850073 -0.00648899]
Model Evaluation Run Time [s] = 3.891563892364502
Evaluating Model:
l= 117.81810632033984
rc= 15.480057408080704
tc= 116.57300642938031
ts= 16.07120369300968
tfb= 3.6357763500926303
Ng= 2.9403548420779577
voff= 11.66753799594252
Number of GMCs and HII Regions 261 59
[-8.89980528e-02  1.69578645e-01  1.83883405e-01  1.24092175e-01
  1.18119609e-01  1.06254548e-01  7.13093710e-02  2.35401286e-02
 -1.22049947e-02 -1.51846263e-02 -7.85920543e-03  7.02793175e-03
 -1.41683468e-02 -1.96532584e-02 -8.81049080e-03 -4.13139295e-03
 -2.09907924e-02 -1.29129227e-03 -5.42995289e-03 -4.06738340e-03
 -5.04957382e-04  1.54543415e-03 -3.59204612e-03 -6.67560263e-03
 -1.50572106e-02 -8.76135680e-03 -1.21133451e-03 -4.41157442e-03
  1.00429721e-02 -1.23566664e-02 -6.53058326e-04 -3.37062414e-03
  2.78046866e-04 -2.81522573e-03  6.69546397e-03 -2.15056238e-02
 -2.22380954e-05 -1.06736356e-02 -4.35903757e-06 -6.56845788e-03]
Model Evaluation Run Time [s] = 2.188232183456421
Evaluating Model:
l= 82.99657302215711
rc= 77.5826737266404
tc= 460.46612672638975
ts= 8.176519461493482
tfb= 9.431872752862136
Ng= 9.19515091172946
voff= 18.846897007914656
Number of GMCs and HII Regions 580 0
[nan nan nan nan nan nan nan nan nan nan nan nan nan nan nan nan nan nan
 nan nan nan nan nan nan nan nan nan nan nan nan nan nan nan nan nan nan
 nan nan nan nan]
Model Evaluation Run Time [s] = 11.572041034698486
Evaluating Model:
l= 140.05474046434054
rc= 63.90874135288455
tc= 153.84771497844324
ts= 7.437954363671839
tfb= 4.769875387456278
Ng= 4.237447804823862
voff= 22.112626223312827
Number of GMCs and HII Regions 202 7
[-0.06166073  0.03332891  0.06902174  0.18154792  0.20442892  0.19741693
  0.15530955 -0.00853979  0.00306875 -0.01776192  0.01956331 -0.01502984
 -0.02310236 -0.02934141  0.00192269  0.00397295 -0.00524616 -0.02141804
  0.00206941  0.02687836  0.00165655  0.00913996 -0.03181929  0.00513436
 -0.03078471 -0.02446325  0.02659354  0.00242262  0.00390939  0.00394404
  0.01659127 -0.00443257 -0.00026479 -0.01224946 -0.01304338 -0.01049724
  0.0082422  -0.02919296 -0.02369343 -0.00986199]
Model Evaluation Run Time [s] = 2.3529140949249268
Evaluating Model:
l= 84.56512613212638
rc= 78.10885571212195
tc= 447.68757034558
ts= 8.14549971565962
tfb= 9.158875276714268
Ng= 9.125477713398462
voff= 18.27968598467192
Number of GMCs and HII Regions 559 0
[nan nan nan nan nan nan nan nan nan nan nan nan nan nan nan nan nan nan
 nan nan nan nan nan nan nan nan nan nan nan nan nan nan nan nan nan nan
 nan nan nan nan]
Model Evaluation Run Time [s] = 11.580379724502563
MCMC Total Run Time [s] = 64.85756325721741
(16, 2, 7)
[129.06836009  57.62629133 294.35875838   9.56637885   6.01698038
   5.51787739  10.33401621]
Best-fit Parameters: [105.55244541  33.54670421 161.10534709  14.50228402   6.69329147
   6.56487304   4.89541894]
Evaluating Model:
l= 105.55244541416178
rc= 33.54670421072846
tc= 161.10534708819495
ts= 14.502284021757516
tfb= 6.693291471312957
Ng= 6.564873035669694
voff= 4.895418942225385
Number of GMCs and HII Regions 341 99
[ 5.20884561e-01  6.45657686e-01  3.33183867e-01  4.11155003e-02
 -8.93411102e-03 -3.73606996e-03 -1.30353531e-02 -5.70149923e-03
  1.35564869e-03 -3.20561331e-03 -1.38581697e-02  1.74821733e-03
 -2.39137321e-03 -5.85159148e-03 -1.35625708e-03 -1.46770123e-02
 -1.22179401e-02 -6.18227855e-03 -1.13776779e-02 -2.10802423e-02
 -7.64634520e-03 -7.55598229e-04 -5.03066477e-03  5.00461930e-03
  2.16767668e-04 -1.90172263e-03  6.94122189e-03  3.50118614e-03
 -1.93826726e-03  5.09695467e-03 -9.48433776e-03 -1.08545533e-03
 -3.23770855e-03 -2.53716624e-03 -1.26523283e-02 -4.63122068e-04
 -5.27690463e-03 -2.11616258e-03 -3.10862192e-03 -1.15803883e-03]
Model Evaluation Run Time [s] = 5.855576515197754
