gmc_hii_corr_model.py:295: RuntimeWarning: Mean of empty slice
  w0=np.nanmean(w0arr, axis=1)
gmc_hii_corr_model.py:296: RuntimeWarning: Mean of empty slice
  ew0=np.nanmean(ew0arr, axis=1)/np.sqrt(Nsamples)
gmc_hii_corr_model.py:295: RuntimeWarning: Mean of empty slice
  w0=np.nanmean(w0arr, axis=1)
gmc_hii_corr_model.py:296: RuntimeWarning: Mean of empty slice
  ew0=np.nanmean(ew0arr, axis=1)/np.sqrt(Nsamples)
gmc_hii_corr_model.py:295: RuntimeWarning: Mean of empty slice
  w0=np.nanmean(w0arr, axis=1)
gmc_hii_corr_model.py:296: RuntimeWarning: Mean of empty slice
  ew0=np.nanmean(ew0arr, axis=1)/np.sqrt(Nsamples)
gmc_hii_corr_model.py:295: RuntimeWarning: Mean of empty slice
  w0=np.nanmean(w0arr, axis=1)
gmc_hii_corr_model.py:296: RuntimeWarning: Mean of empty slice
  ew0=np.nanmean(ew0arr, axis=1)/np.sqrt(Nsamples)
gmc_hii_corr_model.py:295: RuntimeWarning: Mean of empty slice
  w0=np.nanmean(w0arr, axis=1)
gmc_hii_corr_model.py:296: RuntimeWarning: Mean of empty slice
  ew0=np.nanmean(ew0arr, axis=1)/np.sqrt(Nsamples)
gmc_hii_corr_model.py:295: RuntimeWarning: Mean of empty slice
  w0=np.nanmean(w0arr, axis=1)
gmc_hii_corr_model.py:296: RuntimeWarning: Mean of empty slice
  ew0=np.nanmean(ew0arr, axis=1)/np.sqrt(Nsamples)
gmc_hii_corr_model.py:295: RuntimeWarning: Mean of empty slice
  w0=np.nanmean(w0arr, axis=1)
gmc_hii_corr_model.py:296: RuntimeWarning: Mean of empty slice
  ew0=np.nanmean(ew0arr, axis=1)/np.sqrt(Nsamples)
gmc_hii_corr_model.py:295: RuntimeWarning: Mean of empty slice
  w0=np.nanmean(w0arr, axis=1)
gmc_hii_corr_model.py:296: RuntimeWarning: Mean of empty slice
  ew0=np.nanmean(ew0arr, axis=1)/np.sqrt(Nsamples)
gmc_hii_corr_model.py:295: RuntimeWarning: Mean of empty slice
  w0=np.nanmean(w0arr, axis=1)
gmc_hii_corr_model.py:296: RuntimeWarning: Mean of empty slice
  ew0=np.nanmean(ew0arr, axis=1)/np.sqrt(Nsamples)
gmc_hii_corr_model.py:295: RuntimeWarning: Mean of empty slice
  w0=np.nanmean(w0arr, axis=1)
gmc_hii_corr_model.py:296: RuntimeWarning: Mean of empty slice
  ew0=np.nanmean(ew0arr, axis=1)/np.sqrt(Nsamples)
gmc_hii_corr_model.py:295: RuntimeWarning: Mean of empty slice
  w0=np.nanmean(w0arr, axis=1)
gmc_hii_corr_model.py:296: RuntimeWarning: Mean of empty slice
  ew0=np.nanmean(ew0arr, axis=1)/np.sqrt(Nsamples)
gmc_hii_corr_model.py:295: RuntimeWarning: Mean of empty slice
  w0=np.nanmean(w0arr, axis=1)
gmc_hii_corr_model.py:296: RuntimeWarning: Mean of empty slice
  ew0=np.nanmean(ew0arr, axis=1)/np.sqrt(Nsamples)
gmc_hii_corr_model.py:295: RuntimeWarning: Mean of empty slice
  w0=np.nanmean(w0arr, axis=1)
gmc_hii_corr_model.py:296: RuntimeWarning: Mean of empty slice
  ew0=np.nanmean(ew0arr, axis=1)/np.sqrt(Nsamples)
gmc_hii_corr_model.py:295: RuntimeWarning: Mean of empty slice
  w0=np.nanmean(w0arr, axis=1)
gmc_hii_corr_model.py:296: RuntimeWarning: Mean of empty slice
  ew0=np.nanmean(ew0arr, axis=1)/np.sqrt(Nsamples)
gmc_hii_corr_model.py:295: RuntimeWarning: Mean of empty slice
  w0=np.nanmean(w0arr, axis=1)
gmc_hii_corr_model.py:296: RuntimeWarning: Mean of empty slice
  ew0=np.nanmean(ew0arr, axis=1)/np.sqrt(Nsamples)
gmc_hii_corr_model.py:295: RuntimeWarning: Mean of empty slice
  w0=np.nanmean(w0arr, axis=1)
gmc_hii_corr_model.py:296: RuntimeWarning: Mean of empty slice
  ew0=np.nanmean(ew0arr, axis=1)/np.sqrt(Nsamples)
gmc_hii_corr_model.py:295: RuntimeWarning: Mean of empty slice
  w0=np.nanmean(w0arr, axis=1)
gmc_hii_corr_model.py:296: RuntimeWarning: Mean of empty slice
  ew0=np.nanmean(ew0arr, axis=1)/np.sqrt(Nsamples)
gmc_hii_corr_model.py:295: RuntimeWarning: Mean of empty slice
  w0=np.nanmean(w0arr, axis=1)
gmc_hii_corr_model.py:296: RuntimeWarning: Mean of empty slice
  ew0=np.nanmean(ew0arr, axis=1)/np.sqrt(Nsamples)
gmc_hii_corr_model.py:295: RuntimeWarning: Mean of empty slice
  w0=np.nanmean(w0arr, axis=1)
gmc_hii_corr_model.py:296: RuntimeWarning: Mean of empty slice
  ew0=np.nanmean(ew0arr, axis=1)/np.sqrt(Nsamples)
gmc_hii_corr_model.py:295: RuntimeWarning: Mean of empty slice
  w0=np.nanmean(w0arr, axis=1)
gmc_hii_corr_model.py:296: RuntimeWarning: Mean of empty slice
  ew0=np.nanmean(ew0arr, axis=1)/np.sqrt(Nsamples)
gmc_hii_corr_model.py:295: RuntimeWarning: Mean of empty slice
  w0=np.nanmean(w0arr, axis=1)
gmc_hii_corr_model.py:296: RuntimeWarning: Mean of empty slice
  ew0=np.nanmean(ew0arr, axis=1)/np.sqrt(Nsamples)
gmc_hii_corr_model.py:295: RuntimeWarning: Mean of empty slice
  w0=np.nanmean(w0arr, axis=1)
gmc_hii_corr_model.py:296: RuntimeWarning: Mean of empty slice
  ew0=np.nanmean(ew0arr, axis=1)/np.sqrt(Nsamples)
gmc_hii_corr_model.py:295: RuntimeWarning: Mean of empty slice
  w0=np.nanmean(w0arr, axis=1)
gmc_hii_corr_model.py:296: RuntimeWarning: Mean of empty slice
  ew0=np.nanmean(ew0arr, axis=1)/np.sqrt(Nsamples)
gmc_hii_corr_model.py:295: RuntimeWarning: Mean of empty slice
  w0=np.nanmean(w0arr, axis=1)
gmc_hii_corr_model.py:296: RuntimeWarning: Mean of empty slice
  ew0=np.nanmean(ew0arr, axis=1)/np.sqrt(Nsamples)
/home/gblancm/anaconda3/lib/python3.8/site-packages/emcee/moves/red_blue.py:99: RuntimeWarning: invalid value encountered in double_scalars
  lnpdiff = f + nlp - state.log_prob[j]
