NGC3351
Starting MCMC
Evaluating Model:
l= 128.8592856551287
rc= 57.869398289731336
tc= 486.4681216155891
ts= 5.387070265328024
tfb= 7.298235499573997
Ng= 1.7681495377095375
voff= 20.953591193790647
Number of GMCs and HII Regions 240 0
[nan nan nan nan nan nan nan nan nan nan nan nan nan nan nan nan nan nan
 nan nan nan nan nan nan nan nan nan nan nan nan nan nan nan nan nan nan
 nan nan nan nan]
Model Evaluation Run Time [s] = 0.7798700332641602
Evaluating Model:
l= 164.09343795763255
rc= 87.54328590206669
tc= 174.25143035409565
ts= 11.847287971566058
tfb= 3.355305758437984
Ng= 5.766236731264208
voff= 21.602701108216237
Number of GMCs and HII Regions 142 35
[-0.06292425  0.06238095  0.06994782  0.08205044  0.08666856  0.19462788
  0.13892332  0.09869189  0.05899569  0.03673653  0.0222821  -0.01565686
 -0.01845812 -0.0270067  -0.02538938 -0.02870347 -0.01123014 -0.01583781
 -0.02558794 -0.02340212 -0.00239957 -0.03726708 -0.01650264  0.0085199
 -0.01118074 -0.01252663 -0.00768688  0.00215436 -0.03565358 -0.01198153
  0.00519305 -0.03718211 -0.01224926 -0.00410829 -0.0099264  -0.0140021
 -0.03237785 -0.01621475 -0.01740009 -0.01802416]
Model Evaluation Run Time [s] = 2.4442319869995117
Evaluating Model:
l= 160.59352571912837
rc= 73.01712439686563
tc= 463.682976309977
ts= 7.722018996935215
tfb= 5.617095612362237
Ng= 4.5944033080145426
voff= 24.043525633411186
Number of GMCs and HII Regions 153 3
[-0.17487911 -0.08920395 -0.06025542  0.13296828  0.07125756  0.30877284
  0.18758429  0.24510595  0.08987944  0.05814157  0.04124512 -0.00854916
 -0.08722445 -0.07639667  0.00726846  0.07878639 -0.01185089  0.00193144
  0.03297272  0.10466594 -0.02418917  0.0159176  -0.06951817 -0.05308762
  0.04734657 -0.03792893 -0.04705393  0.01858362  0.06882695  0.04607637
 -0.03731449  0.03674694  0.00749582 -0.00636679 -0.05768172  0.13659656
  0.03244035  0.05422207  0.00304442 -0.02120413]
Model Evaluation Run Time [s] = 2.149608612060547
Evaluating Model:
l= 198.92870376291089
rc= 55.35477592600757
tc= 351.8083554803255
ts= 14.99348913086264
tfb= 2.5981403080486167
Ng= 8.098256082831476
voff= 19.22259085270618
Number of GMCs and HII Regions 95 20
[ 0.1052933   0.12622008  0.17102103  0.21935855  0.19236513  0.14591109
  0.21573192  0.13886525  0.07623895  0.08245146  0.06736786  0.03211009
 -0.03623808 -0.04399657 -0.08316628 -0.0588542  -0.01354074 -0.00545163
 -0.00917414 -0.00766575 -0.020792    0.00216243 -0.0044139  -0.0073805
  0.00110627 -0.01709004 -0.00206597  0.01752012 -0.02034148 -0.02796889
 -0.02019009 -0.01784674 -0.0142069  -0.02344004 -0.04996917 -0.00625779
  0.00143783 -0.00942571 -0.0356806  -0.01899171]
Model Evaluation Run Time [s] = 2.4185140132904053
Evaluating Model:
l= 194.94761805559605
rc= 54.30272950060343
tc= 131.30895991231216
ts= 7.110308302953229
tfb= 6.827600297851269
Ng= 9.267661629711762
voff= 2.655677463245416
Number of GMCs and HII Regions 105 2
[ 4.44124961e+00  2.72976588e+00  2.79849966e-01  2.26992514e-03
  3.80959234e-02 -3.54717745e-02 -9.84322686e-02  3.62126321e-02
  4.12323279e-02 -2.58606221e-02 -3.07976619e-02 -1.48665000e-01
 -1.23761640e-01 -5.44403351e-02 -1.53493791e-01  6.24219569e-02
 -2.33638989e-02 -9.59810098e-02 -1.91990494e-03  3.78012433e-02
 -2.47448742e-02 -3.82344538e-03  1.07196102e-03  2.72326894e-02
 -7.70187934e-02 -4.05810785e-02  5.19685302e-02 -4.09310666e-02
 -9.38194422e-02  4.12157442e-02 -3.87411138e-03 -6.61154341e-02
  1.08083999e-01 -1.51158728e-02 -8.99550751e-02 -9.54256576e-02
 -1.07433882e-01  4.73257602e-03 -4.57575526e-02 -1.49717478e-01]
Model Evaluation Run Time [s] = 2.7553012371063232
Evaluating Model:
l= 133.7497793837689
rc= 61.98812832264284
tc= 443.13250344938666
ts= 6.283747270829939
tfb= 6.7509575913121225
Ng= 2.323083290017987
voff= 21.0436875281211
Number of GMCs and HII Regions 223 0
[nan nan nan nan nan nan nan nan nan nan nan nan nan nan nan nan nan nan
 nan nan nan nan nan nan nan nan nan nan nan nan nan nan nan nan nan nan
 nan nan nan nan]
Model Evaluation Run Time [s] = 1.4897966384887695
Evaluating Model:
l= 181.54517764908394
rc= 60.38630490502095
tc= 5.326311529736823
ts= 13.2394895998673
tfb= 1.5765741187899573
Ng= 6.764614850763971
voff= 24.445488478066405
Number of GMCs and HII Regions 33 518
[ 0.4146177   0.40798027  0.31984402  0.17949335  0.06150922 -0.00822766
 -0.06583185 -0.04482993 -0.04972794 -0.04642733 -0.0259006  -0.03817971
 -0.01374182 -0.02177256 -0.01777606 -0.02564601 -0.02435857 -0.02410399
 -0.01724759 -0.02459072 -0.00959916 -0.01835867 -0.00373008 -0.01057086
 -0.01029709 -0.01105871 -0.00746944 -0.015562   -0.0035391  -0.02683768
 -0.01522251 -0.01268961 -0.00616399 -0.00448236 -0.00190356 -0.01959681
 -0.02015322 -0.01770034 -0.0138507  -0.01074182]
Model Evaluation Run Time [s] = 2.2181472778320312
Evaluating Model:
l= 153.23328793427143
rc= 23.32402241285149
tc= 27.222086287856023
ts= 6.605241661936923
tfb= 9.426259746930882
Ng= 1.4118629977382589
voff= 23.79293725902571
Number of GMCs and HII Regions 170 0
[nan nan nan nan nan nan nan nan nan nan nan nan nan nan nan nan nan nan
 nan nan nan nan nan nan nan nan nan nan nan nan nan nan nan nan nan nan
 nan nan nan nan]
Model Evaluation Run Time [s] = 0.5714566707611084
Evaluating Model:
l= 111.19105887179549
rc= 90.89022169284775
tc= 275.17134537866355
ts= 8.310039453231052
tfb= 2.1120139830579547
Ng= 6.665849677797825
voff= 12.420739552102804
Number of GMCs and HII Regions 318 36
[ 0.32572193  0.25759626  0.22569439  0.18335259  0.09869323  0.04358768
  0.00336935 -0.02937345 -0.02437403 -0.02118951 -0.00355264 -0.01464171
 -0.01759456  0.0008067  -0.02489646 -0.02073974 -0.00929765 -0.01634309
 -0.0182052  -0.0185268  -0.01250475 -0.00637587 -0.00772107 -0.00301558
 -0.00793115 -0.00171335 -0.01172649 -0.00765754 -0.00534054 -0.00740452
 -0.01380295 -0.00703651 -0.00962364  0.00218657 -0.00304265 -0.00724272
 -0.0230969  -0.01203001 -0.01818637 -0.00095892]
Model Evaluation Run Time [s] = 5.45648717880249
Evaluating Model:
l= 182.29663213389216
rc= 22.043923997622088
tc= 258.00887224708663
ts= 7.02397019794753
tfb= 3.6748133642101957
Ng= 5.729757265707867
voff= 23.022355243024567
Number of GMCs and HII Regions 118 10
[-0.05182867 -0.04734299  0.18288901  0.55614568  0.54653251  0.4955219
  0.06292022 -0.03215717 -0.07175251 -0.04677828 -0.0251449   0.02391296
 -0.01569471  0.05467096  0.03142536  0.00513186 -0.0517     -0.05299275
  0.02045034 -0.03721338 -0.01125373 -0.03090492 -0.00837679  0.02689191
  0.00975991 -0.02595037 -0.02525764  0.0097587  -0.03096912  0.03787095
  0.0082325   0.00146407 -0.02678668 -0.01603786 -0.01934796 -0.01240395
  0.00633667 -0.01922789 -0.04154906  0.04038195]
Model Evaluation Run Time [s] = 1.97182297706604
Evaluating Model:
l= 190.99229918803843
rc= 56.75205510118447
tc= 331.05349956156186
ts= 14.758872778721042
tfb= 3.017034762374684
Ng= 8.102882926237271
voff= 19.455636356169535
Number of GMCs and HII Regions 100 29
[ 0.05123567  0.09523794  0.15859267  0.21946351  0.21095852  0.20372907
  0.14502084  0.1423943   0.1140613   0.1095435   0.03045103  0.01007131
 -0.03521724 -0.02155561 -0.00238066 -0.04314428 -0.00457845 -0.02458761
 -0.01217662 -0.00646853 -0.00201268 -0.03255623 -0.03576768  0.01649318
 -0.02702087 -0.00518691 -0.02719415 -0.02503194 -0.01548886 -0.0051796
  0.0147462  -0.02045719  0.00158794 -0.0258642   0.0055499   0.0229592
  0.00443726  0.00869883 -0.0124097  -0.03706263]
Model Evaluation Run Time [s] = 2.19781231880188
Evaluating Model:
l= 93.86410990913923
rc= 73.85239253001654
tc= 77.04911317777605
ts= 11.887564840251924
tfb= 8.143595469282356
Ng= 8.159507675875746
voff= 22.30771975961031
Number of GMCs and HII Regions 436 160
[-0.09831768 -0.12313765 -0.11064345 -0.09824274 -0.06823724 -0.05528844
 -0.03065063  0.00755378  0.00697741  0.01007898 -0.00154746 -0.00864873
 -0.02031911 -0.03048475 -0.02687473 -0.02293416 -0.026273   -0.02600381
 -0.02432049 -0.01776205 -0.01866213 -0.02456463 -0.01882069 -0.01478337
 -0.01912209 -0.02002762 -0.01676228 -0.01764073 -0.01496291 -0.01537271
 -0.01637438 -0.01513204 -0.01215756 -0.01907035 -0.01142212 -0.01114017
 -0.01239043 -0.00626503 -0.01368346 -0.0208858 ]
Model Evaluation Run Time [s] = 11.68174934387207
Evaluating Model:
l= 85.0556165407377
rc= 87.7274205548004
tc= 112.73307861286922
ts= 11.506845069489081
tfb= 2.6485422261766485
Ng= 4.787480303495082
voff= 25.4222937603882
Number of GMCs and HII Regions 516 170
[-0.06510245 -0.06743539 -0.04511477 -0.0271177  -0.01888076 -0.00795642
 -0.0125291  -0.00927567 -0.00575425 -0.00473896 -0.01428011 -0.00829491
 -0.0114699  -0.01234    -0.0208637  -0.02102758 -0.01284135 -0.01455226
 -0.01084342 -0.010146   -0.01693098 -0.01114299 -0.00679872 -0.00481709
 -0.00976755 -0.00668531 -0.01155419 -0.00888045 -0.00601534 -0.00652415
 -0.00846791 -0.01300287 -0.01152589 -0.00969258 -0.00682707 -0.00622499
 -0.00195829 -0.01135557 -0.00254897 -0.00603795]
Model Evaluation Run Time [s] = 8.8784921169281
Evaluating Model:
l= 64.56436346519315
rc= 79.28068034073237
tc= 364.3441537942112
ts= 12.940637255934114
tfb= 6.501813322412945
Ng= 3.240497641883877
voff= 28.34911120750187
Number of GMCs and HII Regions 944 44
[-0.16988771 -0.1400898  -0.15252865 -0.13772516 -0.1279319  -0.10673979
 -0.09816489 -0.08173781 -0.06505174 -0.05745398 -0.04417345 -0.04700779
 -0.03313708 -0.03508362 -0.04592316 -0.04532966 -0.03589494 -0.04231425
 -0.03728195 -0.04164974 -0.03899295 -0.03856246 -0.0394378  -0.03959675
 -0.03782274 -0.0348456  -0.03057748 -0.03753198 -0.03538193 -0.03403311
 -0.02998186 -0.03177347 -0.03481495 -0.02899957 -0.03132186 -0.03706057
 -0.02602938 -0.03438811 -0.0276225  -0.02604734]
Model Evaluation Run Time [s] = 18.948957920074463
MCMC Total Run Time [s] = 75.63355875015259
(16, 2, 7)
[141.04628679  66.13047081 198.93553494  10.35337782   3.57445211
   6.33729614  21.95521043]
Best-fit Parameters: [179.98621222  73.18515908 470.23423986  11.60754667   2.51935111
   8.20657618  16.36825079]
Evaluating Model:
l= 179.9862122165825
rc= 73.18515907903415
tc= 470.2342398592007
ts= 11.607546671775921
tfb= 2.5193511121717114
Ng= 8.20657618403545
voff= 16.368250785967696
Number of GMCs and HII Regions 120 22
[ 0.36994098  0.33745355  0.34846038  0.33454234  0.26877989  0.1582785
  0.13688895  0.07088741  0.08783638  0.01709745 -0.01089599  0.01917822
 -0.00759406 -0.01626702  0.01640049 -0.00872822  0.00491447 -0.00671074
  0.01492056  0.0282569  -0.0264796  -0.02453032 -0.0154497  -0.01954259
  0.00573273 -0.01070814 -0.00256781 -0.01892062  0.01545265  0.01184146
  0.00524192  0.03553295 -0.00771474  0.00950021 -0.00993264 -0.00705321
 -0.02657612 -0.01700334 -0.03157637  0.00180598]
Model Evaluation Run Time [s] = 2.797340154647827
