NGC5068
Starting MCMC
Evaluating Model:
l= 145.50831173989218
rc= 60.05306730901464
tc= 286.65136311427597
ts= 11.737170878289373
tfb= 4.812649133232976
Ng= 2.9388649034056433
voff= 18.833249458958615
Number of GMCs and HII Regions 182 10
[-0.09769532 -0.04506893  0.03678371  0.04770985  0.15445715  0.10484407
  0.0525501   0.10889582  0.06927269 -0.0305606  -0.01231281 -0.02039175
 -0.02759883 -0.01769809 -0.01267686 -0.01852478  0.0039993  -0.04568863
 -0.00918079 -0.01398834 -0.00551657 -0.01055188 -0.00565976  0.01607029
  0.00428757 -0.02486355 -0.04238158 -0.01629669 -0.00744195 -0.01298199
 -0.02407733  0.00648869 -0.04177508 -0.00975264 -0.01023808 -0.02506139
  0.00307166 -0.07485382 -0.03286321 -0.02708128]
Model Evaluation Run Time [s] = 1.3758137226104736
Evaluating Model:
l= 181.01302673505063
rc= 53.65186427460528
tc= 68.08972941525671
ts= 9.004838725740557
tfb= 5.122592386954669
Ng= 4.291519959529783
voff= 12.047462599115226
Number of GMCs and HII Regions 115 17
[ 0.34505112  0.57273527  0.74662904  0.70353102  0.35859933  0.08127456
 -0.05660242 -0.01705411 -0.01301805  0.03671371 -0.00880474 -0.00521607
  0.00167435 -0.00696137 -0.01478114  0.01640927 -0.03089488 -0.02211152
 -0.00674862 -0.01067169  0.01881811 -0.01075894  0.00615085 -0.01355808
  0.00549524  0.01481797 -0.00703447  0.00226278 -0.00921131  0.01444128
  0.02617658  0.00350963 -0.02165463 -0.03250457 -0.01156122 -0.01463548
 -0.02254471  0.00345755 -0.00210028 -0.01159848]
Model Evaluation Run Time [s] = 1.4068481922149658
Evaluating Model:
l= 108.39786075791886
rc= 79.81161789840527
tc= 26.791402862667116
ts= 5.413033289727625
tfb= 2.165800779101382
Ng= 5.993495008095828
voff= 14.017043305721828
Number of GMCs and HII Regions 302 194
[ 4.78806394e-01  3.57072804e-01  2.63925265e-01  1.56864361e-01
  7.48612741e-02  8.99376132e-03 -2.15746992e-02 -9.45647429e-03
 -9.19971564e-03 -3.91275922e-03 -5.62928877e-03 -1.37626101e-03
 -1.54485133e-03  5.57578185e-03  1.47570164e-03 -1.34068080e-03
  9.79213869e-04 -4.56512876e-03 -1.23157748e-02 -7.69503043e-03
 -1.46317951e-03  3.35617056e-05 -6.64864354e-04 -7.06213579e-03
 -6.00887426e-03 -6.10253582e-03  1.67290756e-03 -8.37864821e-03
 -1.08206046e-02  1.67821029e-03 -9.01806185e-03 -4.51491755e-03
 -4.94690521e-03 -3.50421207e-03 -3.98346259e-03 -1.35878833e-02
 -2.00650518e-03 -6.82288341e-03 -6.46349088e-03 -5.87589822e-03]
Model Evaluation Run Time [s] = 5.506953001022339
Evaluating Model:
l= 194.4234982286626
rc= 51.95615278209333
tc= 220.00045221949614
ts= 12.951782200942558
tfb= 3.2678851211179873
Ng= 2.4347499400175527
voff= 6.421520964604461
Number of GMCs and HII Regions 101 5
[ 2.37878617e+00  1.36603346e+00  9.01545278e-01  4.22451409e-01
 -2.80782902e-02 -3.37315456e-02  5.37912067e-03 -4.93610426e-02
 -3.65077928e-02 -9.81993594e-02  9.79550440e-03  8.92315777e-03
 -5.08687987e-02  2.02402257e-02  9.03965312e-03 -5.96000436e-02
  2.17785479e-02 -4.17807264e-02 -1.23735548e-02 -7.99691232e-02
  1.48226030e-02 -1.10573526e-03 -3.46523108e-02 -1.88227814e-02
 -2.22303295e-02 -2.76437231e-02 -1.36247428e-02 -2.15354777e-02
 -5.70053001e-02 -1.65156661e-02 -4.71520339e-03  1.68814411e-02
 -4.17578785e-02 -3.23064325e-02  2.77199893e-02 -4.86357536e-02
  1.85552929e-03 -4.89899651e-02 -8.61755449e-03 -4.73746461e-03]
Model Evaluation Run Time [s] = 0.731334924697876
Evaluating Model:
l= 152.5223826799824
rc= 38.736765732308584
tc= 285.1651784503018
ts= 7.939945821384631
tfb= 8.998636859100483
Ng= 9.422652029651342
voff= 23.19569887153919
Number of GMCs and HII Regions 171 0
[nan nan nan nan nan nan nan nan nan nan nan nan nan nan nan nan nan nan
 nan nan nan nan nan nan nan nan nan nan nan nan nan nan nan nan nan nan
 nan nan nan nan]
Model Evaluation Run Time [s] = 3.5378377437591553
Evaluating Model:
l= 112.02249330892465
rc= 78.36081362154584
tc= 303.4559245534887
ts= 10.328285508906962
tfb= 5.205187476399333
Ng= 5.906319100212611
voff= 22.78516925949261
Number of GMCs and HII Regions 314 24
[-0.09034411 -0.07650205 -0.02368876  0.00414721  0.038131    0.0782204
  0.05749277  0.08896525  0.05523294 -0.00087638  0.0072885  -0.00330197
  0.01983979 -0.00814285 -0.01904255 -0.01600473 -0.0073448  -0.0060842
 -0.00231635  0.00321727 -0.02341603  0.00284712 -0.00067527  0.02040512
 -0.01254701 -0.00663781 -0.00687802 -0.00417892  0.01584234 -0.009202
  0.00430227  0.00432533  0.0046357  -0.00550656  0.01275448 -0.00755308
  0.01432552 -0.01336445  0.00754057  0.00312879]
Model Evaluation Run Time [s] = 5.040830850601196
Evaluating Model:
l= 136.04042837178173
rc= 40.71839298121011
tc= 349.05516715464864
ts= 6.8408795385253445
tfb= 8.714347952208595
Ng= 5.8967497010605605
voff= 24.613780387542526
Number of GMCs and HII Regions 216 0
[nan nan nan nan nan nan nan nan nan nan nan nan nan nan nan nan nan nan
 nan nan nan nan nan nan nan nan nan nan nan nan nan nan nan nan nan nan
 nan nan nan nan]
Model Evaluation Run Time [s] = 2.259669542312622
Evaluating Model:
l= 116.07363415274857
rc= 43.11900293059935
tc= 426.4536499596474
ts= 5.509433649732273
tfb= 8.369950801450816
Ng= 1.6253529410080483
voff= 26.331692067577045
Number of GMCs and HII Regions 296 0
[nan nan nan nan nan nan nan nan nan nan nan nan nan nan nan nan nan nan
 nan nan nan nan nan nan nan nan nan nan nan nan nan nan nan nan nan nan
 nan nan nan nan]
Model Evaluation Run Time [s] = 0.7847809791564941
Evaluating Model:
l= 94.6970169506057
rc= 51.75408936685781
tc= 403.681910765249
ts= 8.639398131407656
tfb= 6.151767204130341
Ng= 2.037713765952093
voff= 27.128698664984224
Number of GMCs and HII Regions 444 6
[-0.22496685 -0.13689537 -0.0598085  -0.06859559 -0.04278303 -0.0298101
 -0.05533373  0.01081514  0.08221811  0.04693485 -0.041552   -0.03160852
 -0.06671973 -0.05970162 -0.03480177 -0.0043324  -0.01563996 -0.03692669
 -0.05384012 -0.0656309  -0.03775302 -0.03406369 -0.04456727 -0.03573526
 -0.05552679 -0.05615699 -0.04399158 -0.08821471 -0.07254075 -0.05315103
 -0.03729305 -0.03262223 -0.04985375 -0.0444652  -0.04600429 -0.0368224
 -0.02362271 -0.01645225 -0.02759411 -0.05005524]
Model Evaluation Run Time [s] = 4.207540035247803
Evaluating Model:
l= 113.26477915867916
rc= 29.642376208796087
tc= 11.579037135148585
ts= 6.9041573816222614
tfb= 1.5500547443044486
Ng= 8.999786258578219
voff= 8.100926228180068
Number of GMCs and HII Regions 212 820
[ 1.64368424e+00  7.37847408e-01  8.92470188e-02 -1.04198582e-02
 -1.02582144e-02  1.52636965e-03 -6.47439268e-03 -1.97798164e-03
 -3.80178133e-03 -3.07161636e-04  5.95269170e-03  3.43963490e-03
  2.30740161e-03 -1.05891823e-03 -3.63177504e-03 -1.09874562e-03
 -6.51028680e-03 -5.35337820e-03 -2.60399247e-03 -9.04812491e-04
  5.99033071e-04 -5.49730367e-03  1.99633032e-03 -1.89320816e-03
 -5.70457830e-04  1.38409033e-04 -1.94892418e-03 -6.60670447e-03
 -3.77647038e-03  5.66452457e-04 -7.59940723e-03 -4.52631582e-03
 -8.19094021e-04 -6.94485516e-03 -2.70172524e-05 -4.02047806e-03
  9.34213093e-04 -4.53281843e-03 -4.06977124e-03 -3.71068252e-03]
Model Evaluation Run Time [s] = 6.698276042938232
Evaluating Model:
l= 190.71911182430088
rc= 45.84333562588894
tc= 269.36309114045645
ts= 14.27307194452667
tfb= 4.553957126433459
Ng= 3.380527205766694
voff= 0.7948719168436713
Number of GMCs and HII Regions 108 17
[ 5.75472165e+00  1.84234067e+00  9.91185672e-03 -8.53929903e-02
  2.50939734e-02  5.79451632e-03 -1.57199660e-02 -8.79362978e-05
  1.12410985e-02  1.80750744e-02 -3.08111999e-02 -1.29865582e-02
  2.56070235e-02 -5.57636026e-02 -2.68587922e-02 -5.05219983e-02
 -4.49957877e-02 -2.32558406e-02 -3.14506340e-02 -2.84556207e-02
 -2.49134376e-02  1.07347991e-02 -2.92224958e-03  2.23784731e-02
  2.79720100e-02 -3.23549857e-03  1.39486929e-03 -3.12544686e-02
 -3.08853018e-02 -3.09577778e-03  3.47097437e-03 -5.20114327e-02
  4.43336804e-02  1.73364081e-02 -2.39705204e-02 -1.48854395e-02
 -1.16165291e-02 -3.31658054e-02 -4.55611029e-03 -8.83617346e-03]
Model Evaluation Run Time [s] = 1.0477235317230225
Evaluating Model:
l= 86.12997038059436
rc= 40.353311064683105
tc= 356.536056286754
ts= 9.115640880645131
tfb= 8.486361315736962
Ng= 2.491466207414726
voff= 12.535390325942346
Number of GMCs and HII Regions 539 3
[ 0.10795763  0.03799632 -0.01088148  0.10614705  0.1556449   0.09987771
 -0.02207598 -0.02360598  0.09570812  0.10624662  0.09785853  0.03280545
  0.11110551  0.00583637  0.00820581  0.01257197 -0.00952458  0.02904321
  0.02427846  0.0259395  -0.0012081   0.01728142  0.01653056  0.01556067
  0.01764537  0.01922577 -0.02457521  0.05195962  0.02482373  0.0055017
 -0.01197942  0.03962866  0.02751203  0.06528835  0.03002155  0.03712103
  0.04705891  0.05655684  0.06722529  0.08225924]
Model Evaluation Run Time [s] = 5.270335674285889
Evaluating Model:
l= 76.9069780283973
rc= 58.94037718522566
tc= 384.73082403511296
ts= 11.244215789299432
tfb= 4.3057514309246665
Ng= 2.3808885094757377
voff= 27.791983143302396
Number of GMCs and HII Regions 663 24
[-0.13580987 -0.11083789 -0.08726093 -0.06803078 -0.05827815 -0.02194792
 -0.04001594 -0.03038574 -0.0252677  -0.02846986 -0.01225134 -0.02629718
 -0.03740052 -0.02509503 -0.02180876 -0.02783397 -0.0202264  -0.03607241
 -0.02607754 -0.01474124 -0.0147524  -0.01945235 -0.01003214 -0.01384459
 -0.02077761 -0.00270797 -0.0183313  -0.00569234 -0.01977303 -0.01576009
 -0.01467874 -0.00711822 -0.00183022 -0.00090165 -0.00569815  0.00221736
 -0.00448883 -0.00667662 -0.00175817 -0.00127122]
Model Evaluation Run Time [s] = 9.695925951004028
Evaluating Model:
l= 92.6698992830556
rc= 27.652539441960215
tc= 425.7612337027129
ts= 8.128897655457287
tfb= 7.253471259683768
Ng= 6.235817181790925
voff= 24.937954597203444
Number of GMCs and HII Regions 465 6
[-0.13564379 -0.08791501 -0.09783429  0.03825859 -0.0398093  -0.05538093
  0.02135679  0.17777758  0.0426877  -0.0565827  -0.03170171 -0.02039385
 -0.02328639 -0.01446334 -0.04690064 -0.0099147   0.0326132   0.0056477
  0.02164048 -0.01712993 -0.0124763  -0.01002453 -0.02767985  0.03021897
  0.01784815 -0.01683823  0.01652957  0.01824684  0.00801489  0.01043925
 -0.01366418  0.02645639 -0.00528015 -0.0335796  -0.0291588   0.00848319
  0.00167352 -0.00417019  0.02231899  0.00367151]
Model Evaluation Run Time [s] = 9.022067308425903
Evaluating Model:
l= 74.80831477590856
rc= 50.72020566086227
tc= 139.29997241043247
ts= 10.916864019910246
tfb= 5.322623138795948
Ng= 3.7371304120306954
voff= 9.11353666863327
Number of GMCs and HII Regions 688 84
[ 0.06839062  0.13902601  0.14044861  0.09894364  0.0330835   0.00350973
 -0.01739835 -0.01090557 -0.00668951 -0.00647707  0.00267268 -0.01678558
 -0.00680395 -0.00902091 -0.00500743 -0.01385705 -0.0022814  -0.00887793
  0.00121916  0.00179039  0.00226578  0.0003403  -0.00151162 -0.00696121
  0.00117829 -0.00659176 -0.00218374 -0.00370094  0.00165469  0.00133066
 -0.00191708 -0.00300841 -0.00159305 -0.00273976 -0.00823854 -0.00744667
 -0.00636268 -0.00361153 -0.00255113 -0.00201607]
Model Evaluation Run Time [s] = 11.96434497833252
Evaluating Model:
l= 153.90645275841092
rc= 51.249509635163264
tc= 299.89909203407205
ts= 7.96809916451198
tfb= 5.197523710374593
Ng= 1.3486404545504946
voff= 21.1731937098459
Number of GMCs and HII Regions 166 3
[-0.28857432 -0.23831526 -0.23550076 -0.02982809  0.12039492  0.22639003
  0.24434011  0.06603156 -0.03901547  0.21370786 -0.07037085  0.0296027
 -0.08157446 -0.02901731 -0.06547782 -0.0224373  -0.00121387 -0.02740822
 -0.04754385  0.0541573   0.11347489  0.06058984  0.06621916 -0.01119509
 -0.05850003  0.01406342 -0.0285948  -0.04166119  0.0558943  -0.02944227
  0.0204017  -0.03026547  0.0183623   0.04110178 -0.02450197  0.06303971
  0.00633711  0.0973903   0.02439432  0.08599042]
Model Evaluation Run Time [s] = 0.7269191741943359
Evaluating Model:
l= 199.99794099236362
rc= 61.15485552058437
tc= 145.7184591190634
ts= 10.963476110302985
tfb= 1.3325754635757754
Ng= 1.0115233487201287
voff= 14.88862715828995
Number of GMCs and HII Regions 93 4
[ 0.77593096  0.77606041  0.47469763  0.42171417  0.30886149  0.25932362
  0.19130216  0.0591171  -0.01538097 -0.04625133 -0.12133412 -0.06579317
 -0.09026369  0.00227866  0.06410709  0.00297901 -0.00877693 -0.04748772
  0.01141123 -0.007618   -0.06905033 -0.05756111 -0.06626441 -0.0244383
 -0.08119006 -0.02608816 -0.04228457 -0.0230736  -0.03215403 -0.04047633
  0.01781861  0.025629   -0.01699477  0.03450206  0.01611992  0.05399995
 -0.03881815  0.00383551 -0.05817772  0.00602626]
Model Evaluation Run Time [s] = 0.4369518756866455
Evaluating Model:
l= 76.39547992202455
rc= 75.24031195080836
tc= 326.5029687797988
ts= 12.115355998324283
tfb= 5.205183476346383
Ng= 7.308681155490327
voff= 6.687850314957106
Number of GMCs and HII Regions 669 105
[ 0.22697293  0.15492612  0.11386445  0.07125498  0.0263419  -0.00978286
 -0.0004206  -0.01420056 -0.00114609 -0.0099923  -0.01530578 -0.00852022
 -0.00589577 -0.00800469 -0.01089863 -0.01339032 -0.00630963 -0.00582639
 -0.01222776 -0.00554246 -0.00386196 -0.00634114 -0.00383838 -0.00298445
 -0.00764097 -0.00730861  0.00403298 -0.00552974 -0.00679764 -0.00438548
 -0.00933417 -0.00473314 -0.00542764 -0.00855688 -0.0071052   0.00022811
  0.0018314  -0.00989635 -0.00221365 -0.0063089 ]
Model Evaluation Run Time [s] = 16.350287437438965
Evaluating Model:
l= 52.400968105753634
rc= 34.07728328117313
tc= 40.458630947649226
ts= 11.2712580508561
tfb= 5.393333327828487
Ng= 2.4310216963445983
voff= 0.8815932780627378
Number of GMCs and HII Regions 1282 340
[ 6.13829057e-01  2.72226992e-02  1.13373310e-03 -1.21070679e-04
 -6.14578227e-04 -3.07440094e-03 -1.73600488e-03 -1.04093091e-03
 -1.89280214e-03 -2.53202547e-04 -2.74557872e-03 -7.18063861e-04
 -9.57347626e-04  1.79518223e-03  1.93574039e-03 -7.57911330e-04
  8.19772406e-04  2.46068618e-03 -9.32147740e-05  2.54931171e-03
 -1.40130805e-04  7.59572646e-04  1.59558697e-03  2.94296248e-04
  2.32460614e-03  2.94770329e-03  2.33438124e-03 -3.94931059e-04
  1.93294507e-03 -1.54587547e-04  2.22985606e-04  8.63140924e-05
  1.93762565e-03  6.31955349e-04  1.06932833e-04  2.35122143e-03
  1.35066373e-03 -9.39063303e-04  3.54791936e-06 -1.59976226e-03]
Model Evaluation Run Time [s] = 29.50790500640869
Evaluating Model:
l= 65.62523623117883
rc= 50.32235127754615
tc= 40.093959607715796
ts= 12.282617795516414
tfb= 8.501067707933723
Ng= 6.036537549272344
voff= 5.138984539414272
Number of GMCs and HII Regions 837 448
[ 1.82076813e-01  1.66094078e-01  1.23929217e-01  4.27221404e-02
 -9.05458646e-03 -4.07422544e-03 -7.85359153e-03 -8.71938224e-03
 -9.06700230e-03 -5.03772137e-03 -4.76164051e-03 -7.74027599e-03
 -3.03197492e-03 -2.50220224e-03 -4.43396495e-03 -2.70816834e-03
 -2.23394919e-03 -1.28779978e-03 -3.52866933e-03 -5.01564925e-03
 -2.47873938e-03 -2.17778919e-03 -5.78422941e-03 -4.37904063e-03
 -4.23299958e-03 -3.66627067e-03 -1.39814829e-03 -3.73936816e-03
 -4.54777184e-03 -3.48608653e-03 -4.04699094e-03 -3.96535270e-03
 -4.49411143e-03 -1.37993798e-03 -4.37101757e-03 -4.97473512e-03
 -6.94847614e-05 -2.27475171e-03 -2.97166334e-03 -2.98982701e-03]
Model Evaluation Run Time [s] = 23.26033616065979
Evaluating Model:
l= 76.86589460701938
rc= 69.2472857611743
tc= 323.5770453543618
ts= 9.27877018745665
tfb= 7.524279527384589
Ng= 7.025972427474216
voff= 17.13895325791651
Number of GMCs and HII Regions 673 31
[-0.08182775 -0.06690781 -0.02294962  0.01197222  0.01724546  0.0410963
  0.02620326  0.01892847 -0.02453965 -0.01360668 -0.02730918 -0.00476965
 -0.0032611  -0.0178327  -0.00913057 -0.01240866 -0.01337727 -0.0047087
  0.00444266 -0.00791427 -0.00752066 -0.00115639  0.01143665 -0.00678731
  0.00095219 -0.00441657 -0.00946373 -0.00894489 -0.00752682  0.00332897
 -0.01029681 -0.01421196 -0.0100478  -0.02549034 -0.0169767  -0.00908431
 -0.01318326 -0.01240865 -0.01299041 -0.014561  ]
Model Evaluation Run Time [s] = 15.76506495475769
Evaluating Model:
l= 110.13835934659674
rc= 61.87018408637266
tc= 21.35118404267177
ts= 5.946286400583311
tfb= 1.9455987916629554
Ng= 7.068599467994288
voff= 11.901332176826386
Number of GMCs and HII Regions 279 329
[ 6.86963211e-01  4.85695967e-01  3.32611359e-01  1.46630084e-01
  1.44150934e-02 -8.26580466e-03 -6.26269706e-03 -5.89187193e-03
 -7.98095469e-03 -4.39542271e-03 -3.66766499e-03 -6.84951430e-03
 -2.62395358e-03 -5.73989824e-03 -3.62678765e-03  1.37055901e-03
 -3.77723108e-04 -3.98093122e-03  7.90532510e-04 -3.16577820e-04
 -2.34394507e-03 -2.95619072e-03  1.22820663e-03 -6.61918303e-03
  5.54857962e-04 -4.44695345e-03  1.46636355e-03  2.50683445e-03
 -1.92616232e-03  2.37419526e-03  3.26642560e-05  5.68150021e-05
  4.42379710e-03  1.11406214e-03  5.02079437e-03  2.16881764e-03
  5.87188510e-03  3.15919073e-03  1.75072630e-03  1.82287729e-03]
Model Evaluation Run Time [s] = 6.233236312866211
Evaluating Model:
l= 151.60740718540123
rc= 41.517446701232075
tc= 285.3590491082369
ts= 8.435288384092269
tfb= 8.452580763788578
Ng= 8.576851298055173
voff= 22.62662360227624
Number of GMCs and HII Regions 174 0
[nan nan nan nan nan nan nan nan nan nan nan nan nan nan nan nan nan nan
 nan nan nan nan nan nan nan nan nan nan nan nan nan nan nan nan nan nan
 nan nan nan nan]
Model Evaluation Run Time [s] = 3.015535831451416
Evaluating Model:
l= 73.5636362265516
rc= 39.19264454041692
tc= 327.1940274680489
ts= 10.629043029333364
tfb= 8.535214837226341
Ng= 2.854944397783571
voff= 6.745553147213194
Number of GMCs and HII Regions 738 9
[ 0.0581351   0.16403871  0.1432549   0.08187554 -0.0489099  -0.05084591
  0.00266321 -0.01845645 -0.02855583 -0.03912105 -0.02428987 -0.0086838
 -0.01460407 -0.02727662 -0.01752748 -0.00431668 -0.02485527 -0.00578586
 -0.02707099 -0.02175171 -0.00322652 -0.02717506 -0.01017042 -0.00728277
 -0.02477441 -0.01442213 -0.00235096  0.01354647 -0.00991163  0.00672572
 -0.00087222 -0.00300835 -0.0074638   0.015146   -0.0055603  -0.01360362
 -0.02159896 -0.00727575 -0.00610488 -0.01446705]
Model Evaluation Run Time [s] = 11.113722324371338
Evaluating Model:
l= 132.11138802976345
rc= 39.964151594379715
tc= 322.8496016033083
ts= 9.170563863541666
tfb= 5.077628477187808
Ng= 4.315965452970209
voff= 21.244973445386577
Number of GMCs and HII Regions 225 9
[-0.07752195 -0.09571986 -0.08901519  0.02713198  0.13400153  0.24666512
  0.15129903  0.0757032   0.00387982 -0.02689947 -0.04001705 -0.0443932
  0.02089937 -0.01525488 -0.04863207 -0.01171341 -0.03812214 -0.02646428
  0.03303516 -0.04258944 -0.02782972 -0.02075913  0.03188953  0.00901438
 -0.03943654 -0.0157885   0.00285517 -0.05629187 -0.02138788  0.01504175
 -0.01665302 -0.00322587 -0.00831433 -0.03599776 -0.01084519 -0.00885746
 -0.00199842 -0.01655863 -0.00273516 -0.00780456]
Model Evaluation Run Time [s] = 2.5741448402404785
Evaluating Model:
l= 67.88324303690263
rc= 92.88883238128112
tc= 265.49778134982625
ts= 9.932332655750528
tfb= 7.678201040376288
Ng= 7.475079435714685
voff= 12.706170994069506
Number of GMCs and HII Regions 862 56
[-0.02395442 -0.00756789  0.01406628  0.00634621  0.0248933   0.01313711
  0.00206725 -0.01498659 -0.02109002 -0.01728889 -0.01333737 -0.01819215
 -0.01444574 -0.02302193 -0.00861226 -0.01167091 -0.00848508 -0.01768616
 -0.01670526 -0.01809356 -0.01099088 -0.01763904 -0.01299221 -0.02239079
 -0.01743099 -0.0169367  -0.0151403  -0.01535782 -0.0127174  -0.0112611
 -0.01565466 -0.01517956 -0.01558533 -0.02028889 -0.01626645 -0.01580551
 -0.01187211 -0.00885072 -0.01701178 -0.00909047]
Model Evaluation Run Time [s] = 23.21686053276062
Evaluating Model:
l= 112.63511468398326
rc= 36.1330930470822
tc= 13.54715853886957
ts= 6.7112410861934
tfb= 1.6297177613556335
Ng= 8.610843061847786
voff= 8.866332270592416
Number of GMCs and HII Regions 226 697
[ 1.33054817e+00  7.72822530e-01  1.84355570e-01  9.19486704e-03
 -9.98107665e-03 -1.07266334e-02 -7.73638799e-03 -6.09706816e-03
 -3.01495902e-03 -3.36105381e-03  1.11669973e-03 -7.30285208e-03
 -4.14788239e-03 -4.75819370e-03 -6.45766976e-03 -8.09288116e-03
  4.09582051e-04 -2.18122103e-03 -2.31634320e-03 -4.08846345e-03
 -3.03547203e-03 -5.63289100e-03 -4.22831221e-03 -4.12478872e-03
  8.14371801e-04 -3.25437932e-03 -1.84376895e-03 -2.84728669e-03
 -3.08311261e-03 -2.55219216e-03 -2.15366140e-03 -3.04309118e-03
 -7.31624218e-03 -2.60654564e-03 -1.53980245e-03 -1.10672363e-03
 -2.04153326e-03 -8.15845557e-04 -6.82702078e-03 -8.38273321e-03]
Model Evaluation Run Time [s] = 6.1452460289001465
Evaluating Model:
l= 130.1440719911194
rc= 64.63697563468254
tc= 278.0029566719976
ts= 12.496254800197189
tfb= 4.3229602508341465
Ng= 5.089149349129901
voff= 6.566567014487371
Number of GMCs and HII Regions 229 36
[ 7.52715352e-01  5.66619772e-01  3.99375705e-01  2.32304443e-01
  1.05710678e-01 -6.82971986e-03  2.19867808e-02 -1.74490051e-03
 -1.15401782e-02 -6.23632408e-04 -8.43516572e-03  1.91480513e-02
 -9.38250395e-03 -1.79058690e-02  1.49276899e-02 -4.28364882e-03
 -2.61068853e-02  1.32416579e-03 -1.04731225e-02 -1.87090714e-03
  6.66894807e-03  5.10915094e-03  1.50342027e-02 -1.79712498e-02
  2.07683280e-03  8.89502877e-03  1.74907268e-02  9.25654252e-03
 -1.73629942e-03 -1.20954142e-02  4.74523400e-03 -2.76617610e-03
  1.51352946e-03 -3.44288423e-03 -1.88143015e-02  5.63780775e-03
 -1.32267389e-03 -1.12749162e-02 -1.21065857e-02 -1.22217525e-02]
Model Evaluation Run Time [s] = 3.1176414489746094
Evaluating Model:
l= 96.93842615189124
rc= 93.11867614108866
tc= 310.26826026248165
ts= 11.217815747133738
tfb= 3.792328178903018
Ng= 4.596671027641677
voff= 22.632268687806434
Number of GMCs and HII Regions 416 34
[-6.18112342e-02 -2.64774465e-02 -2.06327246e-02 -2.02492736e-02
 -1.41914919e-02  7.08114453e-03  1.58726603e-02  2.64914023e-02
  1.70164979e-03 -6.35740279e-03 -2.58121884e-02 -1.26693961e-02
 -2.98551371e-02 -2.56560903e-02 -2.15053768e-02 -2.41703154e-02
 -1.63514622e-02 -1.67914807e-02 -2.11046889e-02 -2.11169530e-02
 -6.21654726e-03  7.29571044e-04 -1.61316353e-02 -1.14223419e-02
 -1.15756232e-02 -4.00133620e-03  1.62387521e-04 -4.58894956e-05
 -8.20908231e-03 -5.01327554e-03 -8.49824984e-03  6.21048264e-03
 -5.75135813e-03 -8.43427422e-03 -3.33730429e-03 -2.00626250e-03
 -2.10052248e-03  5.04268077e-03 -3.70381747e-03  7.75611921e-03]
Model Evaluation Run Time [s] = 5.7179625034332275
Evaluating Model:
l= 82.85425985091456
rc= 77.8559697262804
tc= 392.8769254358389
ts= 8.791061995509011
tfb= 8.045878648369975
Ng= 8.15069451704533
voff= 21.118323866522744
Number of GMCs and HII Regions 582 11
[-0.22249271 -0.10815283 -0.07095399 -0.06426797 -0.0526868   0.01030695
 -0.01150618 -0.00725045  0.0080148   0.019454   -0.0354997  -0.00416199
 -0.0275573  -0.01119638  0.00549568 -0.00290114 -0.00675155 -0.00919935
  0.00413134 -0.0231366   0.01248881 -0.03026114 -0.02861161 -0.00669868
 -0.00255009 -0.02655133 -0.01544469 -0.00753259 -0.00483607 -0.00705928
 -0.0270068  -0.01608432 -0.01119346 -0.02282567 -0.01485576 -0.02268379
 -0.02571809 -0.00863563 -0.00689955 -0.02195767]
Model Evaluation Run Time [s] = 14.020659923553467
MCMC Total Run Time [s] = 87.9330677986145
(16, 2, 7)
[112.64363623  52.80400853 281.58406756   9.80352785   5.16005805
   4.41914429  13.71200874]
Best-fit Parameters: [110.13835935  61.87018409  21.35118404   5.9462864    1.94559879
   7.06859947  11.90133218]
Evaluating Model:
l= 110.13835934659674
rc= 61.87018408637266
tc= 21.35118404267177
ts= 5.946286400583311
tfb= 1.9455987916629554
Ng= 7.068599467994288
voff= 11.901332176826386
Number of GMCs and HII Regions 279 329
[ 6.86963211e-01  4.85695967e-01  3.32611359e-01  1.46630084e-01
  1.44150934e-02 -8.26580466e-03 -6.26269706e-03 -5.89187193e-03
 -7.98095469e-03 -4.39542271e-03 -3.66766499e-03 -6.84951430e-03
 -2.62395358e-03 -5.73989824e-03 -3.62678765e-03  1.37055901e-03
 -3.77723108e-04 -3.98093122e-03  7.90532510e-04 -3.16577820e-04
 -2.34394507e-03 -2.95619072e-03  1.22820663e-03 -6.61918303e-03
  5.54857962e-04 -4.44695345e-03  1.46636355e-03  2.50683445e-03
 -1.92616232e-03  2.37419526e-03  3.26642560e-05  5.68150021e-05
  4.42379710e-03  1.11406214e-03  5.02079437e-03  2.16881764e-03
  5.87188510e-03  3.15919073e-03  1.75072630e-03  1.82287729e-03]
Model Evaluation Run Time [s] = 5.818753242492676
