NGC0628
Starting MCMC
Evaluating Model:
l= 197.6241541754654
rc= 44.928059412994195
tc= 126.28326799277254
ts= 11.086765013590652
tfb= 5.953096965968555
Ng= 6.501134131268454
voff= 9.056105901473979
Number of GMCs and HII Regions 98 24
[ 4.29709976e-01  9.89832103e-01  1.19045416e+00  8.23496690e-01
  2.88462804e-01  3.67918668e-03 -3.73902771e-02  2.66414366e-02
 -7.41016411e-02 -7.92275659e-03 -4.16957302e-02 -1.60250041e-03
 -3.43826572e-02 -2.78919775e-02 -5.01839494e-03 -2.86713213e-03
 -2.77763104e-02 -4.78921001e-02 -2.74688696e-02 -1.39581325e-02
 -6.67109490e-04 -5.30642700e-02 -1.67941843e-02 -2.74404312e-02
 -2.41759048e-02 -9.96990480e-03 -1.85106852e-02 -3.68601012e-02
 -2.61719122e-02 -1.83705501e-02  1.24453827e-02  1.58545355e-03
 -1.86144197e-03 -3.90432353e-02 -1.36297333e-02 -4.34465782e-03
 -2.06924275e-02  9.19438826e-03 -1.82526508e-02  1.48648030e-02]
Model Evaluation Run Time [s] = 2.054330348968506
Evaluating Model:
l= 127.65653475235841
rc= 99.36388712066886
tc= 373.9200243286314
ts= 8.818345336256465
tfb= 4.501809530917834
Ng= 6.97472391432574
voff= 22.919577800732
Number of GMCs and HII Regions 243 19
[-0.02612743 -0.00874633  0.01597912  0.07061696  0.05740517  0.10113486
  0.07833271  0.06603792  0.04345271  0.02150888 -0.03923028 -0.01112926
 -0.04243765 -0.0187528  -0.02203038 -0.02437911 -0.00897915 -0.04220704
 -0.02651037 -0.02457675 -0.00983868  0.00989919 -0.01414414 -0.01095151
 -0.02159839 -0.01053893 -0.03179221 -0.00364256 -0.02176779 -0.00293071
 -0.01225664 -0.01884066  0.00279605 -0.03203325  0.0016916  -0.01842688
 -0.02603499 -0.0006861  -0.01890012 -0.01908149]
Model Evaluation Run Time [s] = 4.590181827545166
Evaluating Model:
l= 133.59692717853446
rc= 56.72431401277005
tc= 248.77617520801093
ts= 12.521048660874516
tfb= 9.437636926301407
Ng= 3.566736908434656
voff= 23.30321737940391
Number of GMCs and HII Regions 222 6
[-0.1292619  -0.24565482 -0.18457363 -0.15075455 -0.13828034 -0.13620867
 -0.08118673 -0.06026865 -0.03383204  0.062091    0.1153832   0.03182032
 -0.02044896 -0.06963498 -0.04484693 -0.05319773 -0.04568239 -0.04163104
 -0.05084903 -0.05026801 -0.05982512 -0.03898353 -0.04482718 -0.02776292
 -0.03037195 -0.01415977 -0.04898867 -0.04740018 -0.00165192 -0.02660658
 -0.02960319 -0.03882602 -0.03573868 -0.0077007  -0.04963804 -0.04134975
 -0.04201828 -0.03182167 -0.01876868 -0.01029088]
Model Evaluation Run Time [s] = 3.036064863204956
Evaluating Model:
l= 183.7705456750398
rc= 65.90596002844656
tc= 428.5951909695309
ts= 5.5912557145772
tfb= 1.5111227507325418
Ng= 4.385315206563737
voff= 8.516290373656295
Number of GMCs and HII Regions 117 2
[ 2.61550058e+00  1.75496406e+00  8.53848484e-01  2.01748409e-01
  2.69333157e-02  1.03475269e-01  1.60694852e-02 -4.67705120e-02
  5.46102346e-02 -1.10747293e-01 -4.86857046e-02 -1.26066369e-02
 -5.85497441e-02 -8.83394506e-02 -4.91512173e-02 -4.65414923e-02
 -1.98097928e-02  3.08739342e-03 -4.32803242e-02 -5.39138473e-02
 -2.31683946e-03 -6.01232040e-02 -1.32385318e-02 -2.30153403e-02
  9.09748722e-02  8.98459887e-03  2.28558287e-02  1.05195560e-01
  3.65464476e-02 -6.90818019e-03 -6.23032261e-02  3.54948864e-02
  3.62241000e-02 -2.00500546e-02 -4.98502057e-02  5.73535681e-03
  4.70846238e-02 -7.00046043e-03  5.91194501e-03 -1.02314356e-02]
Model Evaluation Run Time [s] = 1.4407610893249512
Evaluating Model:
l= 168.3378081259898
rc= 73.05466182445564
tc= 157.0926822762287
ts= 9.963026422292849
tfb= 2.3457313440130623
Ng= 1.6782647980845056
voff= 6.966462491721947
Number of GMCs and HII Regions 132 15
[ 1.62901583e+00  1.28888554e+00  5.22895528e-01  4.01024912e-01
  1.25753111e-03  2.28179788e-03 -1.38470023e-02 -1.21413385e-03
 -6.86154812e-03  5.22255093e-02  2.71670665e-02  5.67386820e-02
  1.33681922e-02  9.59489080e-03  1.77371754e-02 -3.09116814e-02
 -3.43379109e-02 -4.67858896e-03 -1.35805703e-02  2.61286446e-02
 -3.72481891e-03 -2.92539522e-02 -2.08843736e-02  1.18344500e-02
  3.40359455e-02 -1.34729461e-02 -1.87308338e-02 -2.61653748e-02
  3.12946124e-02  5.76658354e-03 -8.39000392e-03  1.32499542e-02
 -2.58131870e-02  2.81821090e-02  8.27122146e-03  1.13188390e-02
  5.82708347e-02 -3.25873603e-02 -1.46476648e-02 -3.04370904e-03]
Model Evaluation Run Time [s] = 0.6738467216491699
Evaluating Model:
l= 111.43965490545918
rc= 48.75548659386429
tc= 162.98899581482388
ts= 11.565167614826201
tfb= 7.86946572459697
Ng= 2.439461148485729
voff= 27.056769876266166
Number of GMCs and HII Regions 314 11
[-0.1962246  -0.14517136 -0.10996196 -0.14697771 -0.12709064 -0.12599942
 -0.09475379 -0.03115255  0.00710161  0.0122008  -0.00179239  0.03188627
 -0.01825474 -0.03105762 -0.0654966  -0.03391723 -0.03871859 -0.04093823
 -0.03463123 -0.05547466 -0.04988224 -0.03934877 -0.04738247 -0.04300585
 -0.03159319 -0.04914854 -0.04154362 -0.03150444 -0.03860283 -0.022164
 -0.04370402 -0.02149036 -0.03435328 -0.02468907 -0.0406715  -0.0049245
 -0.01045025 -0.04823841 -0.03311218 -0.0327435 ]
Model Evaluation Run Time [s] = 4.069077968597412
Evaluating Model:
l= 199.67195487861386
rc= 44.55077650387965
tc= 122.36554309211292
ts= 11.040891918671782
tfb= 5.8416499501348
Ng= 6.59498577810807
voff= 8.600436551562298
Number of GMCs and HII Regions 98 29
[ 8.06675072e-01  1.18345793e+00  1.32726391e+00  8.59287307e-01
  1.87507066e-01  1.32864663e-02  2.15695191e-02  1.17869366e-02
  2.03908548e-02 -1.52556678e-02  2.08768360e-02  1.33280626e-03
 -2.60596202e-02  4.38417662e-03 -3.11022795e-03 -2.33712975e-02
  1.14499978e-02  1.58916668e-02  1.01832851e-03  1.36142242e-02
 -3.75007781e-02  1.32965759e-02  8.06610008e-03  1.71439850e-02
  1.93774361e-02 -1.66581256e-02 -1.91723856e-02  3.13828152e-02
 -1.26191308e-02  4.72789808e-03  2.17544777e-02  2.98250682e-03
  1.13958442e-02  2.17771585e-02  1.34304591e-02  5.41769430e-03
 -1.05319229e-02  1.72908669e-02 -6.98731542e-03 -5.60666122e-03]
Model Evaluation Run Time [s] = 1.6099135875701904
Evaluating Model:
l= 197.13739282461634
rc= 96.33212531158749
tc= 327.6889999312784
ts= 7.109849464002989
tfb= 2.1783508017361823
Ng= 8.496461153953629
voff= 9.597564583915151
Number of GMCs and HII Regions 101 9
[ 1.49235887  1.14399533  0.76643395  0.48152032  0.25730858  0.10249528
  0.04110622  0.0094475  -0.00903901  0.03372707  0.02110549  0.05607699
  0.07025686  0.01319634 -0.00233361 -0.02503592 -0.02341832  0.02216726
 -0.03234938  0.01067363  0.00813563 -0.00846237 -0.01585936  0.04262305
 -0.00332717  0.00278493  0.03449318  0.02153572 -0.0025839   0.01754181
 -0.00422159 -0.00561759  0.00726611  0.01356416  0.01414734 -0.02139892
 -0.02169428  0.00698134  0.02525373 -0.0348853 ]
Model Evaluation Run Time [s] = 3.012817144393921
Evaluating Model:
l= 171.66566047055915
rc= 22.81291757784805
tc= 359.4268702736134
ts= 5.518227429967546
tfb= 9.755508036822466
Ng= 6.743346824861865
voff= 22.54413945921397
Number of GMCs and HII Regions 135 0
[nan nan nan nan nan nan nan nan nan nan nan nan nan nan nan nan nan nan
 nan nan nan nan nan nan nan nan nan nan nan nan nan nan nan nan nan nan
 nan nan nan nan]
Model Evaluation Run Time [s] = 2.069593906402588
Evaluating Model:
l= 155.99437304201413
rc= 73.49083876795015
tc= 248.6174200728891
ts= 9.248823575432008
tfb= 4.910624249574546
Ng= 5.588528259817345
voff= 17.97963447483037
Number of GMCs and HII Regions 161 10
[-0.08164502  0.11587963  0.16264259  0.29652224  0.25558616  0.22805502
  0.14317182  0.09094866  0.02567129 -0.03714129 -0.04873442  0.0123052
 -0.02158198 -0.03588345 -0.01040842 -0.02457823 -0.0180427   0.01309776
 -0.00894531  0.00305317 -0.02611652 -0.0135526   0.02302082 -0.02876537
  0.01021129 -0.03740457 -0.03196064 -0.02788895  0.00055095 -0.00135705
 -0.02022785 -0.01639356 -0.02155922 -0.03668924 -0.02631053  0.01051269
 -0.0188545  -0.02289711  0.01272301 -0.01412035]
Model Evaluation Run Time [s] = 2.262101173400879
Evaluating Model:
l= 168.8074596530709
rc= 73.08344647669216
tc= 150.336920238804
ts= 10.020693031038643
tfb= 2.3716621433867013
Ng= 1.4891460863485102
voff= 6.676621391040253
Number of GMCs and HII Regions 134 5
[ 1.73948278e+00  1.08452222e+00  6.34272797e-01  3.11093192e-01
 -2.09377908e-02  1.79518768e-02  5.20261778e-02 -7.72197571e-03
  8.04784415e-02 -5.82377007e-02 -4.37140267e-02  2.36665453e-04
 -4.41257089e-03 -6.23743025e-02 -6.24982873e-02 -6.93102178e-02
 -5.21128322e-02 -3.18496408e-02  8.82705110e-03 -8.43137203e-02
 -3.35883571e-02  2.28161928e-03 -4.27458709e-02 -9.94387250e-02
 -2.78770804e-02 -8.37912719e-02 -6.01855862e-02  6.15275280e-03
  9.30730092e-04 -4.27528416e-02 -3.66352056e-02 -4.03563290e-02
 -4.88219467e-03 -7.27606479e-02 -5.11755495e-02 -4.97977421e-02
 -2.91433857e-02 -2.60489046e-02 -4.27703182e-02 -8.61189309e-03]
Model Evaluation Run Time [s] = 0.6638667583465576
Evaluating Model:
l= 118.19223607504861
rc= 70.09996396390098
tc= 354.3961637456788
ts= 11.746329192340866
tfb= 7.9170140983146755
Ng= 6.869397827029401
voff= 24.737473527724358
Number of GMCs and HII Regions 283 13
[-0.13347667 -0.11771548 -0.11556168 -0.06213648 -0.08903636 -0.08878687
  0.00065185 -0.00333535  0.00945056  0.0476449   0.01530855  0.00185513
 -0.01379034 -0.01248904 -0.01722666 -0.03054395 -0.02321971 -0.03400656
 -0.02402865 -0.01993705 -0.01692483 -0.02457055 -0.00390431 -0.01993845
 -0.00602879 -0.00803706 -0.01217036 -0.01508917 -0.03292382 -0.01197605
 -0.01036876 -0.01108631 -0.00702289 -0.00821263 -0.01037342 -0.00400204
 -0.00085177 -0.01481574 -0.00201507 -0.02097625]
Model Evaluation Run Time [s] = 4.802599191665649
Evaluating Model:
l= 123.65570161778082
rc= 40.49349860776932
tc= 409.3913361023571
ts= 6.271914003807773
tfb= 4.198695151073009
Ng= 5.965534070249068
voff= 16.80332995353104
Number of GMCs and HII Regions 261 6
[-0.00621232  0.26804184  0.40019265  0.37316122  0.11233444 -0.01661084
  0.00627224 -0.01332551  0.02616843 -0.01249763 -0.03650735  0.02502234
 -0.02005549 -0.00051509  0.01750483 -0.01677216 -0.03032534 -0.04839876
 -0.03542519  0.01834823 -0.03160684 -0.00253737 -0.04872853 -0.00805997
 -0.02345824 -0.01089259  0.00952887  0.02002136 -0.02382764 -0.05434178
 -0.03537796 -0.0218383  -0.00747857 -0.00432348  0.00269744 -0.04799469
 -0.03887674 -0.01776685  0.00344491  0.02039641]
Model Evaluation Run Time [s] = 4.17604398727417
Evaluating Model:
l= 59.20692976332419
rc= 28.17405821154437
tc= 352.4560297689277
ts= 8.745617175871203
tfb= 1.6616491891618823
Ng= 8.373983331116523
voff= 14.097629599031432
Number of GMCs and HII Regions 1119 161
[ 6.79146808e-02  9.67268564e-02  6.50255996e-02  4.46131054e-02
  2.65082136e-02 -7.03861052e-03 -2.54402449e-03 -6.02013904e-03
 -1.75980335e-03 -2.05109389e-05 -3.33909802e-03 -1.16156878e-03
 -4.67947741e-03 -5.30032500e-03  4.38458238e-04 -1.77197309e-03
 -3.47030083e-03 -3.00337335e-03 -1.42740772e-03 -9.93854231e-04
 -1.81727641e-03 -4.11968135e-04 -2.46493744e-03 -3.36822790e-03
 -1.96138209e-03 -2.60994954e-04 -2.17273442e-03 -6.46522272e-03
  1.23130687e-03 -3.02190170e-03 -1.32152111e-03 -2.69648498e-03
 -3.38120342e-03 -3.69266989e-03 -3.33526971e-03 -2.26338058e-03
 -4.86498874e-03  2.23518553e-03 -3.25470581e-03 -5.33509477e-03]
Model Evaluation Run Time [s] = 37.34875822067261
Evaluating Model:
l= 149.46955155591792
rc= 71.89823802433605
tc= 428.5055151923872
ts= 7.6462696215559145
tfb= 1.3039611219726717
Ng= 9.276111647244372
voff= 18.610832704255937
Number of GMCs and HII Regions 177 25
[ 0.39623574  0.43297311  0.35291602  0.34466822  0.17912337  0.07402488
  0.05868089  0.01330439 -0.01803642  0.01127207  0.00561543  0.02296954
 -0.00583509 -0.00725114  0.02533179  0.01947116 -0.00866093 -0.01037996
 -0.01113749 -0.02809807 -0.00708956 -0.00270631  0.00467256 -0.00923548
  0.01012828  0.01290595 -0.01894518 -0.00536779  0.01769219 -0.01437299
 -0.02602752 -0.00158326 -0.02244162 -0.00312155 -0.0024091   0.01327397
 -0.02558293 -0.00276974  0.01189232 -0.01112603]
Model Evaluation Run Time [s] = 5.160926103591919
Evaluating Model:
l= 168.28286670710034
rc= 29.09320861576358
tc= 448.82214034090157
ts= 2.9194111921482424
tfb= 3.7968927617707644
Ng= 5.669254064441134
voff= 24.122414762619798
Number of GMCs and HII Regions 141 0
[nan nan nan nan nan nan nan nan nan nan nan nan nan nan nan nan nan nan
 nan nan nan nan nan nan nan nan nan nan nan nan nan nan nan nan nan nan
 nan nan nan nan]
Model Evaluation Run Time [s] = 1.8001115322113037
Evaluating Model:
l= 137.04230072159802
rc= 79.49021827291371
tc= 28.971806231054224
ts= 10.75372969842747
tfb= 4.360727804093214
Ng= 8.272645553024786
voff= 4.2203317355679335
Number of GMCs and HII Regions 175 341
[ 1.01690530e+00  8.66504759e-01  5.19497478e-01  2.31632530e-01
  1.53632846e-02 -9.96132078e-03 -4.55288303e-03 -1.01941540e-02
 -4.51060630e-03 -9.08788133e-03 -4.52309707e-03 -1.46339199e-02
 -3.67169684e-03 -1.03617146e-02 -4.17558936e-04 -3.70405236e-03
 -2.90499424e-03 -2.50132171e-03 -2.14875951e-03  1.86673940e-03
 -9.42436268e-03  7.43160624e-04 -8.95109176e-03 -1.86959616e-03
 -7.36438730e-03 -2.30647725e-03  1.35818498e-04 -9.98034789e-04
 -8.49003101e-03 -1.05506918e-02 -1.05138117e-02 -2.93193561e-03
 -1.31297132e-02 -1.01426242e-02 -1.33092216e-02 -8.77337893e-03
 -4.72214997e-03 -9.96350113e-03 -7.69987306e-03 -1.05776091e-02]
Model Evaluation Run Time [s] = 5.675787687301636
Evaluating Model:
l= 99.77759777014168
rc= 69.98388651574957
tc= 315.3009719580488
ts= 7.856565062368381
tfb= 7.148063443546887
Ng= 5.220807108354635
voff= 4.27824095507977
Number of GMCs and HII Regions 396 4
[ 0.42674773  0.35061281  0.37599866  0.07915138 -0.06511708 -0.00241717
 -0.0039444  -0.01559265  0.06181703 -0.02148354  0.01231791 -0.00771072
  0.07894964  0.00862814  0.04840928 -0.01640379  0.01742686  0.07002191
  0.03802351  0.03317072  0.01015531  0.00558832 -0.00214289  0.04984154
  0.00285689 -0.00446673 -0.02584823  0.01296217  0.00401719  0.00551563
 -0.00356612  0.00791965  0.01111966  0.04753155  0.03559764  0.02682946
 -0.00975414  0.02703017  0.01596262 -0.02941849]
Model Evaluation Run Time [s] = 7.148538589477539
Evaluating Model:
l= 185.8116932787026
rc= 44.861601273856486
tc= 146.05607348568523
ts= 10.840225442546553
tfb= 5.550734260831407
Ng= 6.541644421947754
voff= 7.856637478007375
Number of GMCs and HII Regions 109 21
[ 8.68780961e-01  1.25780256e+00  1.17511320e+00  5.19188711e-01
  3.64328188e-02 -5.70868081e-02  4.56896912e-03  7.24902670e-03
 -1.10013377e-02 -3.84395695e-02  1.60554673e-02  2.18121472e-03
 -1.37777371e-02 -1.72499936e-02 -1.87682999e-02 -1.78960956e-03
 -3.13070753e-02 -3.99642436e-02 -1.21318036e-02 -1.74259689e-02
 -1.30409609e-02 -2.37095281e-02 -1.68766041e-02 -6.01797269e-02
  3.70031343e-03 -1.93004408e-02 -2.86140000e-02  1.44397676e-02
 -2.71357756e-02 -1.06047865e-02 -4.60475398e-02 -5.33189825e-02
 -4.33342202e-02 -1.33093208e-03  5.92357588e-03 -4.60411097e-02
 -2.09028459e-02 -3.38523248e-02 -1.13669606e-03 -2.83919446e-02]
Model Evaluation Run Time [s] = 1.9528672695159912
Evaluating Model:
l= 110.19653578987356
rc= 65.75873510405478
tc= 361.26798235449183
ts= 12.392354756085437
tfb= 6.848565607906623
Ng= 9.960577105372879
voff= 20.302535221018665
Number of GMCs and HII Regions 323 51
[-8.20661906e-02 -1.06690609e-01 -1.06160288e-01 -6.79897840e-02
 -4.92210411e-02  5.36895314e-04  4.20027177e-02  7.28445264e-02
  4.32324796e-02  1.50712045e-02 -4.66832037e-03 -1.69325244e-02
 -6.03456282e-03 -9.93960804e-03 -2.22633240e-02 -2.40657998e-02
 -1.35417250e-02 -1.99368059e-02 -6.92572785e-03 -1.96183946e-02
 -6.02711605e-03 -1.33249061e-02 -2.18882447e-02 -6.91787106e-05
 -1.18549173e-02 -9.04535949e-03 -1.44801286e-03  3.47007556e-03
 -1.01077516e-02 -9.78046596e-03 -1.38970461e-03  6.66493179e-03
 -6.51502976e-03  3.01261525e-03 -1.31098301e-03 -6.12678383e-03
 -6.62259391e-03 -1.02753474e-02 -1.63953934e-02 -2.72077230e-03]
Model Evaluation Run Time [s] = 8.558694124221802
Evaluating Model:
l= 133.70207335216713
rc= 56.77373917239933
tc= 248.49868747010245
ts= 12.51330659322629
tfb= 9.416172682580306
Ng= 3.5610212900910767
voff= 23.25377282822477
Number of GMCs and HII Regions 221 10
[-0.17477286 -0.16408599 -0.15069362 -0.06122571 -0.11423666 -0.12435837
 -0.04568545 -0.00572843  0.09591376  0.06691063  0.04725764  0.02403384
 -0.0003137  -0.03973979 -0.03437983 -0.01219261 -0.03109174 -0.02483077
 -0.02757723 -0.07843381 -0.00521738 -0.0487175  -0.03773912 -0.0340418
 -0.02100856 -0.04713464 -0.05060839  0.01084976 -0.0512116  -0.05973021
 -0.01663366 -0.00901474 -0.03448999 -0.01826301 -0.0498225  -0.04487909
  0.02484391 -0.01803081 -0.02439971 -0.06512712]
Model Evaluation Run Time [s] = 2.3335046768188477
Evaluating Model:
l= 53.416885025664484
rc= 47.8306351210705
tc= 372.3507365597112
ts= 8.923436250805551
tfb= 2.7718742353200847
Ng= 6.032121670887463
voff= 0.7517834309003602
Number of GMCs and HII Regions 1372 140
[ 3.92355911e-01  1.47314604e-01  3.93175449e-03 -1.20918335e-04
  3.78200800e-03  4.49489597e-04 -2.17610465e-03  3.76558327e-03
 -2.40315640e-03 -2.04335788e-03 -1.45015256e-03 -3.92718473e-03
 -3.27742219e-03 -5.71001714e-03 -2.72344834e-03  1.97158523e-04
 -6.21821774e-03 -1.13881141e-04 -3.93004776e-03  1.01208304e-03
  2.76376968e-04 -3.65670007e-04  1.34498219e-03 -4.97678762e-03
  5.96987821e-06  3.07992155e-04 -2.34034451e-03  1.00177863e-04
 -5.11130693e-03 -2.35687436e-03 -1.82121324e-03 -3.64001936e-03
 -2.45369796e-03 -2.57609095e-03  1.26130175e-03 -8.74246609e-04
 -2.46544500e-03 -4.34105025e-03 -1.74671192e-03 -1.27498085e-03]
Model Evaluation Run Time [s] = 44.059457778930664
Evaluating Model:
l= 109.75172182914167
rc= 48.42699462175807
tc= 168.44089823968085
ts= 11.4382905907088
tfb= 7.56204223461033
Ng= 2.77376562214437
voff= 26.16211089602183
Number of GMCs and HII Regions 326 11
[-0.12156347 -0.12789227 -0.1849283  -0.09028004 -0.13151432 -0.13617184
 -0.07640712 -0.01057708  0.02074367  0.07075562  0.0175582   0.00457495
 -0.02376931 -0.03379386 -0.0519342  -0.04793646 -0.00313321 -0.013534
 -0.03624259 -0.04460003 -0.05837336 -0.02920792 -0.05008251 -0.02314418
 -0.01481035 -0.03540467 -0.03820942 -0.0216373  -0.03780415 -0.03429218
 -0.015009   -0.04274327 -0.01909875 -0.02991796 -0.04075933 -0.01139389
 -0.03213521 -0.02501215 -0.03037245 -0.02821509]
Model Evaluation Run Time [s] = 2.9993042945861816
Evaluating Model:
l= 116.38721150183224
rc= 64.51876854650355
tc= 350.6725864033059
ts= 12.30475227157905
tfb= 8.568359578512936
Ng= 6.849310107669231
voff= 25.084181357923455
Number of GMCs and HII Regions 293 20
[-0.18307504 -0.1791431  -0.09418545 -0.06202682 -0.12414654 -0.09862732
 -0.11037441 -0.05790824  0.01917696  0.03603618  0.02225295  0.01136045
 -0.00843411 -0.03879883 -0.02763986 -0.04079642 -0.04448738 -0.06216078
 -0.03461481 -0.04606032 -0.03664051 -0.04162346 -0.03455047 -0.02219959
 -0.01362498 -0.03843301 -0.01054182 -0.03771343 -0.01758822 -0.0206685
 -0.02930173 -0.00975877 -0.01687367 -0.01290856 -0.01482898 -0.02331846
 -0.0142339   0.00180201 -0.01303841 -0.01274238]
Model Evaluation Run Time [s] = 6.136335611343384
Evaluating Model:
l= 101.3635141927924
rc= 62.969720162734426
tc= 362.99208959946895
ts= 11.852706631039796
tfb= 6.21436827745404
Ng= 9.349440347239565
voff= 17.261089729949454
Number of GMCs and HII Regions 384 45
[-0.08646954 -0.05884163 -0.02267772  0.02980485  0.04021715  0.08910759
  0.03895973  0.03140519  0.01575467 -0.0203137  -0.03659022 -0.02435139
 -0.02484324 -0.01922195 -0.02058456 -0.01282158 -0.01673206 -0.0269048
 -0.01636598 -0.01405297 -0.0174026  -0.02211901 -0.01942616 -0.00557486
 -0.01492815 -0.01062562 -0.01976584 -0.00669764 -0.01354812 -0.02187882
 -0.01095471 -0.01741775 -0.01136244 -0.00452849 -0.01540074 -0.00464179
 -0.01178932 -0.01573971 -0.01922078 -0.0139194 ]
Model Evaluation Run Time [s] = 9.51891803741455
Evaluating Model:
l= 124.96701775458398
rc= 36.15907376036037
tc= 419.9848490307602
ts= 5.18352314889091
tfb= 3.410359281489333
Ng= 5.806091082681936
voff= 15.309372625416593
Number of GMCs and HII Regions 256 3
[ 0.39561824  0.58424842  0.6197115   0.24244766  0.00402511  0.00316215
 -0.03942502 -0.00379796 -0.046871    0.02617068 -0.01281927 -0.00214824
 -0.00423149  0.05869809 -0.06715199 -0.01139637  0.00927708  0.0177721
  0.01016044  0.01882459  0.01380475 -0.0052078  -0.00486221 -0.00620352
 -0.02882252  0.02815289 -0.01459853 -0.00850931  0.00745202  0.05644222
  0.0249909  -0.00122696  0.04382483  0.01612914 -0.0069617   0.01638709
  0.01126907 -0.00373002 -0.01021548  0.00495987]
Model Evaluation Run Time [s] = 3.781597375869751
Evaluating Model:
l= 81.62307980730291
rc= 42.95282433617869
tc= 259.2943886999565
ts= 9.323942313358442
tfb= 2.4389686837298417
Ng= 8.344798619707548
voff= 11.253023243199161
Number of GMCs and HII Regions 587 126
[ 1.83085704e-01  1.98210581e-01  1.68586404e-01  8.44739513e-02
  1.97398883e-02  1.80615658e-03 -8.80508657e-03 -2.30825930e-03
 -1.53631754e-03 -8.87079025e-03 -4.60452061e-03 -9.10734361e-03
 -9.87402076e-03  6.15120673e-04  2.56707327e-04 -5.00248741e-03
 -6.46268366e-04 -8.61930974e-03 -3.94713872e-03 -3.23067085e-03
  7.36284666e-05  8.82465809e-04 -2.69872761e-03 -1.47425279e-03
 -3.96276439e-03 -1.82181835e-03 -3.24777845e-03  1.29999180e-03
 -7.88317388e-03 -5.81152154e-03  1.62536782e-03 -6.73091847e-03
 -2.39890931e-04 -2.53355981e-03 -6.54575278e-03  2.52277402e-03
 -5.27870191e-03 -3.99466546e-03 -5.15379394e-03  1.00394180e-03]
Model Evaluation Run Time [s] = 14.455300092697144
Evaluating Model:
l= 157.07499581975466
rc= 71.35871553842848
tc= 191.71800256642496
ts= 10.280806756508133
tfb= 2.996305304610165
Ng= 2.968297216559736
voff= 8.697670803711937
Number of GMCs and HII Regions 152 15
[ 9.55268849e-01  7.43716748e-01  6.23618038e-01  3.92505075e-01
  2.07683423e-01  3.39002350e-02 -1.96781017e-02  9.63251333e-03
  1.19303742e-02 -5.68368634e-02  5.71376190e-03 -2.32924573e-02
 -4.28290559e-02 -2.66176055e-02 -2.04422852e-02  3.32476791e-02
 -4.86807807e-02 -2.49932859e-02 -5.96278519e-02 -3.62551968e-02
 -3.14563710e-02 -4.65144740e-03  5.37958092e-03 -8.43629005e-03
  1.36100743e-02 -3.97338829e-02  2.10992189e-04 -1.22926283e-02
  2.95176312e-03 -3.28813948e-02  7.20950124e-03 -3.87235841e-04
 -1.00252789e-02  2.72825323e-02 -1.63646586e-02  7.87585620e-03
 -2.32096873e-02  5.51139502e-03 -3.31472468e-02 -9.34410144e-03]
Model Evaluation Run Time [s] = 1.2150382995605469
Evaluating Model:
l= 174.88441136839617
rc= 64.28517678342439
tc= 396.6317288544356
ts= 6.819778793700523
tfb= 2.914108145256619
Ng= 4.239019821262373
voff= 11.131893414000583
Number of GMCs and HII Regions 130 3
[ 1.00965906  1.05591249  0.80879658  0.42703124  0.15258493  0.05280527
 -0.04154696 -0.02832885 -0.01686737  0.06197412 -0.02046746  0.03201579
 -0.00233503 -0.01793658 -0.0204887  -0.01491906 -0.03202382 -0.05241544
  0.02301016 -0.02003812 -0.01348045 -0.01589894 -0.01137246 -0.00182274
 -0.06727795 -0.0109704  -0.01504604 -0.01050076  0.00666987  0.01570492
  0.02253929 -0.0417913  -0.02628183 -0.00191254  0.05178515 -0.01325681
 -0.0096899   0.00723998 -0.05221302 -0.09848824]
Model Evaluation Run Time [s] = 1.563450574874878
Evaluating Model:
l= 144.19659053074793
rc= 38.503334971438846
tc= 360.81990397454416
ts= 7.993290588338883
tfb= 8.371882914875085
Ng= 7.7616224967458916
voff= 20.47990002710203
Number of GMCs and HII Regions 192 0
[nan nan nan nan nan nan nan nan nan nan nan nan nan nan nan nan nan nan
 nan nan nan nan nan nan nan nan nan nan nan nan nan nan nan nan nan nan
 nan nan nan nan]
Model Evaluation Run Time [s] = 3.7575955390930176
Evaluating Model:
l= 97.51249910573742
rc= 46.84176423976523
tc= 296.98069552138827
ts= 9.561844943617164
tfb= 3.697405537373064
Ng= 6.201824085145509
voff= 3.118136812051815
Number of GMCs and HII Regions 412 49
[ 1.13485610e+00  5.20221665e-01  7.47667385e-02 -2.25801956e-02
  8.54344034e-03  2.70748939e-03  8.99989877e-03 -1.67070528e-02
 -3.25429249e-04  3.48463613e-03 -7.03847861e-03 -1.11385698e-02
 -3.10780827e-03 -1.07684308e-02 -1.16752805e-02  4.52484715e-03
  9.58042516e-04 -5.28292525e-03 -6.86714616e-03 -1.46030052e-02
 -1.16245529e-02 -5.27524162e-03 -1.04927882e-02 -1.20070208e-02
 -1.28518625e-02 -1.66386606e-02 -4.33584120e-03 -1.90786033e-02
 -1.38458666e-02 -9.94593711e-03 -1.28808055e-02 -1.47333386e-02
 -1.45540343e-02 -2.02534174e-02 -1.45257132e-02 -1.32983285e-02
 -1.29884359e-02 -2.49315246e-03 -5.25242089e-03 -9.23613697e-03]
Model Evaluation Run Time [s] = 7.730959177017212
Evaluating Model:
l= 87.17621183411693
rc= 44.03353026963553
tc= 241.35817168560177
ts= 9.741355110096995
tfb= 3.450361405391651
Ng= 7.244970133953175
voff= 14.196362351826874
Number of GMCs and HII Regions 515 97
[ 0.02227603  0.08173708  0.11769597  0.12021537  0.0776899   0.0328581
 -0.00689489 -0.006335   -0.01202874 -0.00101326 -0.00745614 -0.01086723
  0.00049416  0.01063094 -0.00286824  0.00283505 -0.00027763  0.003094
  0.00464791  0.01066314  0.00596654  0.00213644  0.00293038  0.00823937
  0.00240996  0.00788504  0.00559254  0.00696983  0.00581269  0.01026199
  0.00632043  0.00759229  0.00554719  0.00266079 -0.00046808  0.0089659
  0.01013939  0.00944657 -0.00289379  0.00324349]
Model Evaluation Run Time [s] = 11.419713497161865
MCMC Total Run Time [s] = 84.35037612915039
(16, 2, 7)
[130.67930405  63.62744847 321.49498594   9.44289363   4.43126867
   6.64249562  13.28119793]
Best-fit Parameters: [137.04230072  79.49021827  28.97180623  10.7537297    4.3607278
   8.27264555   4.22033174]
Evaluating Model:
l= 137.04230072159802
rc= 79.49021827291371
tc= 28.971806231054224
ts= 10.75372969842747
tfb= 4.360727804093214
Ng= 8.272645553024786
voff= 4.2203317355679335
Number of GMCs and HII Regions 175 341
[ 1.01690530e+00  8.66504759e-01  5.19497478e-01  2.31632530e-01
  1.53632846e-02 -9.96132078e-03 -4.55288303e-03 -1.01941540e-02
 -4.51060630e-03 -9.08788133e-03 -4.52309707e-03 -1.46339199e-02
 -3.67169684e-03 -1.03617146e-02 -4.17558936e-04 -3.70405236e-03
 -2.90499424e-03 -2.50132171e-03 -2.14875951e-03  1.86673940e-03
 -9.42436268e-03  7.43160624e-04 -8.95109176e-03 -1.86959616e-03
 -7.36438730e-03 -2.30647725e-03  1.35818498e-04 -9.98034789e-04
 -8.49003101e-03 -1.05506918e-02 -1.05138117e-02 -2.93193561e-03
 -1.31297132e-02 -1.01426242e-02 -1.33092216e-02 -8.77337893e-03
 -4.72214997e-03 -9.96350113e-03 -7.69987306e-03 -1.05776091e-02]
Model Evaluation Run Time [s] = 4.210590362548828
